[ 2018-08-20T09:29:09+08:00 ] 127.0.0.1 /
INFO: [ app_init ] --START--
INFO: Run Behavior\BuildLiteBehavior [ RunTime:0.000034s ]
INFO: [ app_init ] --END-- [ RunTime:0.014337s ]
INFO: [ app_begin ] --START--
INFO: Run Behavior\ReadHtmlCacheBehavior [ RunTime:0.018787s ]
INFO: [ app_begin ] --END-- [ RunTime:0.018871s ]
INFO: [ view_parse ] --START--
INFO: [ template_filter ] --START--
INFO: Run Behavior\ContentReplaceBehavior [ RunTime:0.000174s ]
INFO: [ template_filter ] --END-- [ RunTime:0.000234s ]
NOTIC: [8] Undefined variable: vo D:\phpStudy\WWW\ml\Application\Runtime\Cache\Home\2a94b8bda04ff446dcedd42276fc99ee.php 第 182 行.
NOTIC: [8] Undefined variable: list D:\phpStudy\WWW\ml\Application\Runtime\Cache\Home\2a94b8bda04ff446dcedd42276fc99ee.php 第 223 行.
NOTIC: [8] Undefined variable: res D:\phpStudy\WWW\ml\Application\Runtime\Cache\Home\2a94b8bda04ff446dcedd42276fc99ee.php 第 223 行.
NOTIC: [8] Undefined variable: res D:\phpStudy\WWW\ml\Application\Runtime\Cache\Home\2a94b8bda04ff446dcedd42276fc99ee.php 第 225 行.
NOTIC: [8] Undefined variable: list D:\phpStudy\WWW\ml\Application\Runtime\Cache\Home\2a94b8bda04ff446dcedd42276fc99ee.php 第 229 行.
NOTIC: [8] Undefined variable: res D:\phpStudy\WWW\ml\Application\Runtime\Cache\Home\2a94b8bda04ff446dcedd42276fc99ee.php 第 229 行.
NOTIC: [8] Undefined variable: res D:\phpStudy\WWW\ml\Application\Runtime\Cache\Home\2a94b8bda04ff446dcedd42276fc99ee.php 第 231 行.
NOTIC: [8] Undefined variable: list D:\phpStudy\WWW\ml\Application\Runtime\Cache\Home\2a94b8bda04ff446dcedd42276fc99ee.php 第 236 行.
NOTIC: [8] Undefined variable: res D:\phpStudy\WWW\ml\Application\Runtime\Cache\Home\2a94b8bda04ff446dcedd42276fc99ee.php 第 236 行.
NOTIC: [8] Undefined variable: res D:\phpStudy\WWW\ml\Application\Runtime\Cache\Home\2a94b8bda04ff446dcedd42276fc99ee.php 第 238 行.
NOTIC: [8] Undefined variable: getintergel D:\phpStudy\WWW\ml\Application\Runtime\Cache\Home\2a94b8bda04ff446dcedd42276fc99ee.php 第 242 行.
NOTIC: [8] Undefined variable: vos D:\phpStudy\WWW\ml\Application\Runtime\Cache\Home\2a94b8bda04ff446dcedd42276fc99ee.php 第 295 行.
NOTIC: [8] Undefined variable: pro D:\phpStudy\WWW\ml\Application\Runtime\Cache\Home\2a94b8bda04ff446dcedd42276fc99ee.php 第 300 行.
NOTIC: [8] Undefined variable: pro D:\phpStudy\WWW\ml\Application\Runtime\Cache\Home\2a94b8bda04ff446dcedd42276fc99ee.php 第 303 行.
NOTIC: [8] Undefined variable: pro D:\phpStudy\WWW\ml\Application\Runtime\Cache\Home\2a94b8bda04ff446dcedd42276fc99ee.php 第 306 行.
NOTIC: [8] Undefined variable: pro D:\phpStudy\WWW\ml\Application\Runtime\Cache\Home\2a94b8bda04ff446dcedd42276fc99ee.php 第 308 行.
NOTIC: [8] Undefined variable: index D:\phpStudy\WWW\ml\Application\Runtime\Cache\Home\2a94b8bda04ff446dcedd42276fc99ee.php 第 665 行.
NOTIC: [8] Undefined variable: classification D:\phpStudy\WWW\ml\Application\Runtime\Cache\Home\2a94b8bda04ff446dcedd42276fc99ee.php 第 671 行.
NOTIC: [8] Undefined variable: shopcar D:\phpStudy\WWW\ml\Application\Runtime\Cache\Home\2a94b8bda04ff446dcedd42276fc99ee.php 第 677 行.
NOTIC: [8] Undefined variable: center D:\phpStudy\WWW\ml\Application\Runtime\Cache\Home\2a94b8bda04ff446dcedd42276fc99ee.php 第 683 行.
NOTIC: [8] Undefined variable: active D:\phpStudy\WWW\ml\Application\Runtime\Cache\Home\2a94b8bda04ff446dcedd42276fc99ee.php 第 691 行.
INFO: Run Behavior\ParseTemplateBehavior [ RunTime:0.165383s ]
INFO: [ view_parse ] --END-- [ RunTime:0.165441s ]
INFO: [ view_filter ] --START--
INFO: Run Behavior\WriteHtmlCacheBehavior [ RunTime:0.011285s ]
INFO: [ view_filter ] --END-- [ RunTime:0.011348s ]
INFO: [ app_end ] --START--
INFO: Run Behavior\ShowPageTraceBehavior [ RunTime:0.014462s ]
INFO: [ app_end ] --END-- [ RunTime:0.014556s ]


INFO: Run Behavior\ShowPageTraceBehavior [ RunTime:0.014265s ]
INFO: [ app_end ] --END-- [ RunTime:0.014330s ]

