[ 2018-09-04T09:17:08+08:00 ] 127.0.0.1 /
INFO: [ app_init ] --START--
INFO: Run Behavior\BuildLiteBehavior [ RunTime:0.000021s ]
INFO: [ app_init ] --END-- [ RunTime:0.001760s ]
INFO: [ app_begin ] --START--
INFO: Run Behavior\ReadHtmlCacheBehavior [ RunTime:0.012470s ]
INFO: [ app_begin ] --END-- [ RunTime:0.012548s ]
SQL: SHOW COLUMNS FROM `ml_goods` [ RunTime:0.0409s ]
SQL: SHOW COLUMNS FROM `ml_goods` [ RunTime:0.0066s ]
SQL: SELECT * FROM `ml_goods` WHERE `status` = 1  [ RunTime:0.0004s ]
SQL: SELECT * FROM `ml_goods` WHERE `status` = 2  [ RunTime:0.0002s ]
SQL: SELECT * FROM `ml_goods` WHERE `status` = 3  [ RunTime:0.0002s ]
INFO: [ view_parse ] --START--
INFO: [ template_filter ] --START--
INFO: Run Behavior\ContentReplaceBehavior [ RunTime:0.000084s ]
INFO: [ template_filter ] --END-- [ RunTime:0.000145s ]
NOTIC: [8] Undefined variable: vo D:\phpStudy\WWW\ml\Application\Runtime\Cache\Home\2a94b8bda04ff446dcedd42276fc99ee.php 第 181 行.
NOTIC: [8] Undefined variable: list D:\phpStudy\WWW\ml\Application\Runtime\Cache\Home\2a94b8bda04ff446dcedd42276fc99ee.php 第 222 行.
NOTIC: [8] Undefined variable: res D:\phpStudy\WWW\ml\Application\Runtime\Cache\Home\2a94b8bda04ff446dcedd42276fc99ee.php 第 222 行.
NOTIC: [8] Undefined variable: list D:\phpStudy\WWW\ml\Application\Runtime\Cache\Home\2a94b8bda04ff446dcedd42276fc99ee.php 第 228 行.
NOTIC: [8] Undefined variable: res D:\phpStudy\WWW\ml\Application\Runtime\Cache\Home\2a94b8bda04ff446dcedd42276fc99ee.php 第 228 行.
NOTIC: [8] Undefined variable: list D:\phpStudy\WWW\ml\Application\Runtime\Cache\Home\2a94b8bda04ff446dcedd42276fc99ee.php 第 235 行.
NOTIC: [8] Undefined variable: res D:\phpStudy\WWW\ml\Application\Runtime\Cache\Home\2a94b8bda04ff446dcedd42276fc99ee.php 第 235 行.
NOTIC: [8] Undefined variable: getintergel D:\phpStudy\WWW\ml\Application\Runtime\Cache\Home\2a94b8bda04ff446dcedd42276fc99ee.php 第 241 行.
NOTIC: [8] Undefined variable: active D:\phpStudy\WWW\ml\Application\Runtime\Cache\Home\2a94b8bda04ff446dcedd42276fc99ee.php 第 382 行.
INFO: Run Behavior\ParseTemplateBehavior [ RunTime:0.334625s ]
INFO: [ view_parse ] --END-- [ RunTime:0.334694s ]
INFO: [ view_filter ] --START--
INFO: Run Behavior\WriteHtmlCacheBehavior [ RunTime:0.037093s ]
INFO: [ view_filter ] --END-- [ RunTime:0.037158s ]
INFO: [ app_end ] --START--
INFO: Run Behavior\ShowPageTraceBehavior [ RunTime:0.010764s ]
INFO: [ app_end ] --END-- [ RunTime:0.010869s ]

[ 2018-09-04T09:17:09+08:00 ] 127.0.0.1 HTTP://www.ml.test/
INFO: [ app_init ] --START--
INFO: Run Behavior\BuildLiteBehavior [ RunTime:0.000016s ]
INFO: [ app_init ] --END-- [ RunTime:0.000505s ]
INFO: [ app_begin ] --START--
INFO: Run Behavior\ReadHtmlCacheBehavior [ RunTime:0.001060s ]
INFO: [ app_begin ] --END-- [ RunTime:0.001114s ]
SQL: SHOW COLUMNS FROM `ml_goods` [ RunTime:0.0145s ]
SQL: SHOW COLUMNS FROM `ml_goods` [ RunTime:0.0062s ]
SQL: SELECT * FROM `ml_goods` WHERE `status` = 1  [ RunTime:0.0003s ]
SQL: SELECT * FROM `ml_goods` WHERE `status` = 2  [ RunTime:0.0002s ]
SQL: SELECT * FROM `ml_goods` WHERE `status` = 3  [ RunTime:0.0002s ]
INFO: [ view_parse ] --START--
INFO: [ template_filter ] --START--
INFO: Run Behavior\ContentReplaceBehavior [ RunTime:0.000084s ]
INFO: [ template_filter ] --END-- [ RunTime:0.000141s ]
NOTIC: [8] Undefined variable: vo D:\phpStudy\WWW\ml\Application\Runtime\Cache\Home\2a94b8bda04ff446dcedd42276fc99ee.php 第 181 行.
NOTIC: [8] Undefined variable: list D:\phpStudy\WWW\ml\Application\Runtime\Cache\Home\2a94b8bda04ff446dcedd42276fc99ee.php 第 222 行.
NOTIC: [8] Undefined variable: res D:\phpStudy\WWW\ml\Application\Runtime\Cache\Home\2a94b8bda04ff446dcedd42276fc99ee.php 第 222 行.
NOTIC: [8] Undefined variable: list D:\phpStudy\WWW\ml\Application\Runtime\Cache\Home\2a94b8bda04ff446dcedd42276fc99ee.php 第 228 行.
NOTIC: [8] Undefined variable: res D:\phpStudy\WWW\ml\Application\Runtime\Cache\Home\2a94b8bda04ff446dcedd42276fc99ee.php 第 228 行.
NOTIC: [8] Undefined variable: list D:\phpStudy\WWW\ml\Application\Runtime\Cache\Home\2a94b8bda04ff446dcedd42276fc99ee.php 第 235 行.
NOTIC: [8] Undefined variable: res D:\phpStudy\WWW\ml\Application\Runtime\Cache\Home\2a94b8bda04ff446dcedd42276fc99ee.php 第 235 行.
NOTIC: [8] Undefined variable: getintergel D:\phpStudy\WWW\ml\Application\Runtime\Cache\Home\2a94b8bda04ff446dcedd42276fc99ee.php 第 241 行.
NOTIC: [8] Undefined variable: active D:\phpStudy\WWW\ml\Application\Runtime\Cache\Home\2a94b8bda04ff446dcedd42276fc99ee.php 第 382 行.
INFO: Run Behavior\ParseTemplateBehavior [ RunTime:0.055971s ]
INFO: [ view_parse ] --END-- [ RunTime:0.056026s ]
INFO: [ view_filter ] --START--
INFO: Run Behavior\WriteHtmlCacheBehavior [ RunTime:0.000833s ]
INFO: [ view_filter ] --END-- [ RunTime:0.000877s ]
INFO: [ app_end ] --START--
INFO: Run Behavior\ShowPageTraceBehavior [ RunTime:0.001169s ]
INFO: [ app_end ] --END-- [ RunTime:0.001231s ]

[ 2018-09-04T09:17:10+08:00 ] 127.0.0.1 /
INFO: [ app_init ] --START--
INFO: Run Behavior\BuildLiteBehavior [ RunTime:0.000016s ]
INFO: [ app_init ] --END-- [ RunTime:0.000514s ]
INFO: [ app_begin ] --START--
INFO: Run Behavior\ReadHtmlCacheBehavior [ RunTime:0.001071s ]
INFO: [ app_begin ] --END-- [ RunTime:0.001131s ]
SQL: SHOW COLUMNS FROM `ml_goods` [ RunTime:0.0191s ]
SQL: SHOW COLUMNS FROM `ml_goods` [ RunTime:0.0065s ]
SQL: SELECT * FROM `ml_goods` WHERE `status` = 1  [ RunTime:0.0003s ]
SQL: SELECT * FROM `ml_goods` WHERE `status` = 2  [ RunTime:0.0002s ]
SQL: SELECT * FROM `ml_goods` WHERE `status` = 3  [ RunTime:0.0002s ]
INFO: [ view_parse ] --START--
INFO: [ template_filter ] --START--
INFO: Run Behavior\ContentReplaceBehavior [ RunTime:0.000086s ]
INFO: [ template_filter ] --END-- [ RunTime:0.000143s ]
NOTIC: [8] Undefined variable: vo D:\phpStudy\WWW\ml\Application\Runtime\Cache\Home\2a94b8bda04ff446dcedd42276fc99ee.php 第 181 行.
NOTIC: [8] Undefined variable: list D:\phpStudy\WWW\ml\Application\Runtime\Cache\Home\2a94b8bda04ff446dcedd42276fc99ee.php 第 222 行.
NOTIC: [8] Undefined variable: res D:\phpStudy\WWW\ml\Application\Runtime\Cache\Home\2a94b8bda04ff446dcedd42276fc99ee.php 第 222 行.
NOTIC: [8] Undefined variable: list D:\phpStudy\WWW\ml\Application\Runtime\Cache\Home\2a94b8bda04ff446dcedd42276fc99ee.php 第 228 行.
NOTIC: [8] Undefined variable: res D:\phpStudy\WWW\ml\Application\Runtime\Cache\Home\2a94b8bda04ff446dcedd42276fc99ee.php 第 228 行.
NOTIC: [8] Undefined variable: list D:\phpStudy\WWW\ml\Application\Runtime\Cache\Home\2a94b8bda04ff446dcedd42276fc99ee.php 第 235 行.
NOTIC: [8] Undefined variable: res D:\phpStudy\WWW\ml\Application\Runtime\Cache\Home\2a94b8bda04ff446dcedd42276fc99ee.php 第 235 行.
NOTIC: [8] Undefined variable: getintergel D:\phpStudy\WWW\ml\Application\Runtime\Cache\Home\2a94b8bda04ff446dcedd42276fc99ee.php 第 241 行.
NOTIC: [8] Undefined variable: active D:\phpStudy\WWW\ml\Application\Runtime\Cache\Home\2a94b8bda04ff446dcedd42276fc99ee.php 第 382 行.
INFO: Run Behavior\ParseTemplateBehavior [ RunTime:0.059436s ]
INFO: [ view_parse ] --END-- [ RunTime:0.059493s ]
INFO: [ view_filter ] --START--
INFO: Run Behavior\WriteHtmlCacheBehavior [ RunTime:0.000813s ]
INFO: [ view_filter ] --END-- [ RunTime:0.000857s ]
INFO: [ app_end ] --START--
INFO: Run Behavior\ShowPageTraceBehavior [ RunTime:0.001230s ]
INFO: [ app_end ] --END-- [ RunTime:0.001295s ]

