[ 2018-09-06T16:47:37+08:00 ] 127.0.0.1 /index.php/Admin/Index/index.html
INFO: [ app_init ] --START--
INFO: Run Behavior\BuildLiteBehavior [ RunTime:0.000021s ]
INFO: [ app_init ] --END-- [ RunTime:0.012391s ]
INFO: [ app_begin ] --START--
INFO: Run Behavior\ReadHtmlCacheBehavior [ RunTime:0.029514s ]
INFO: [ app_begin ] --END-- [ RunTime:0.029594s ]
SQL: SHOW COLUMNS FROM `ml_admin` [ RunTime:0.0812s ]

[ 2018-09-06T16:47:37+08:00 ] 127.0.0.1 /index.php/Admin/Index/login.html
INFO: [ app_init ] --START--
INFO: Run Behavior\BuildLiteBehavior [ RunTime:0.000022s ]
INFO: [ app_init ] --END-- [ RunTime:0.000572s ]
INFO: [ app_begin ] --START--
INFO: Run Behavior\ReadHtmlCacheBehavior [ RunTime:0.000863s ]
INFO: [ app_begin ] --END-- [ RunTime:0.000923s ]
SQL: SHOW COLUMNS FROM `ml_admin` [ RunTime:0.0162s ]
NOTIC: [8] Undefined variable: account D:\phpStudy\WWW\ml\Application\Admin\Controller\BaseController.class.php 第 37 行.
NOTIC: [8] Undefined variable: account D:\phpStudy\WWW\ml\Application\Admin\Controller\BaseController.class.php 第 38 行.
INFO: [ view_parse ] --START--
INFO: [ template_filter ] --START--
INFO: Run Behavior\ContentReplaceBehavior [ RunTime:0.000079s ]
INFO: [ template_filter ] --END-- [ RunTime:0.000151s ]
INFO: Run Behavior\ParseTemplateBehavior [ RunTime:0.383516s ]
INFO: [ view_parse ] --END-- [ RunTime:0.383610s ]
INFO: [ view_filter ] --START--
INFO: Run Behavior\WriteHtmlCacheBehavior [ RunTime:0.112697s ]
INFO: [ view_filter ] --END-- [ RunTime:0.112762s ]
INFO: [ app_end ] --START--
INFO: Run Behavior\ShowPageTraceBehavior [ RunTime:0.034088s ]
INFO: [ app_end ] --END-- [ RunTime:0.034155s ]

[ 2018-09-06T16:47:37+08:00 ] 127.0.0.1 /index.php/Admin/Index/index.html
INFO: [ app_init ] --START--
INFO: Run Behavior\BuildLiteBehavior [ RunTime:0.000018s ]
INFO: [ app_init ] --END-- [ RunTime:0.000432s ]
INFO: [ app_begin ] --START--
INFO: Run Behavior\ReadHtmlCacheBehavior [ RunTime:0.000802s ]
INFO: [ app_begin ] --END-- [ RunTime:0.000888s ]
SQL: SHOW COLUMNS FROM `ml_admin` [ RunTime:0.0094s ]

[ 2018-09-06T16:47:38+08:00 ] 127.0.0.1 /index.php/Admin/Index/verify.html
INFO: [ app_init ] --START--
INFO: Run Behavior\BuildLiteBehavior [ RunTime:0.000016s ]
INFO: [ app_init ] --END-- [ RunTime:0.000413s ]
INFO: [ app_begin ] --START--
INFO: Run Behavior\ReadHtmlCacheBehavior [ RunTime:0.001362s ]
INFO: [ app_begin ] --END-- [ RunTime:0.001458s ]
SQL: SHOW COLUMNS FROM `ml_admin` [ RunTime:0.1851s ]
NOTIC: [8] Undefined variable: account D:\phpStudy\WWW\ml\Application\Admin\Controller\BaseController.class.php 第 37 行.
NOTIC: [8] Undefined variable: account D:\phpStudy\WWW\ml\Application\Admin\Controller\BaseController.class.php 第 38 行.
INFO: [ app_end ] --START--
INFO: Run Behavior\ShowPageTraceBehavior [ RunTime:0.000923s ]
INFO: [ app_end ] --END-- [ RunTime:0.000991s ]

[ 2018-09-06T16:47:38+08:00 ] 127.0.0.1 /index.php/Admin/Index/verify.html
INFO: [ app_init ] --START--
INFO: Run Behavior\BuildLiteBehavior [ RunTime:0.000022s ]
INFO: [ app_init ] --END-- [ RunTime:0.000749s ]
INFO: [ app_begin ] --START--
INFO: Run Behavior\ReadHtmlCacheBehavior [ RunTime:0.000996s ]
INFO: [ app_begin ] --END-- [ RunTime:0.001076s ]
SQL: SHOW COLUMNS FROM `ml_admin` [ RunTime:0.1278s ]
NOTIC: [8] Undefined variable: account D:\phpStudy\WWW\ml\Application\Admin\Controller\BaseController.class.php 第 37 行.
NOTIC: [8] Undefined variable: account D:\phpStudy\WWW\ml\Application\Admin\Controller\BaseController.class.php 第 38 行.
INFO: [ app_end ] --START--
INFO: Run Behavior\ShowPageTraceBehavior [ RunTime:0.000997s ]
INFO: [ app_end ] --END-- [ RunTime:0.001071s ]

[ 2018-09-06T16:47:48+08:00 ] 127.0.0.1 /index.php/Admin/Index/login.html
INFO: [ app_init ] --START--
INFO: Run Behavior\BuildLiteBehavior [ RunTime:0.000017s ]
INFO: [ app_init ] --END-- [ RunTime:0.000413s ]
INFO: [ app_begin ] --START--
INFO: Run Behavior\ReadHtmlCacheBehavior [ RunTime:0.000808s ]
INFO: [ app_begin ] --END-- [ RunTime:0.000875s ]
SQL: SHOW COLUMNS FROM `ml_admin` [ RunTime:0.0815s ]
NOTIC: [8] Undefined variable: account D:\phpStudy\WWW\ml\Application\Admin\Controller\BaseController.class.php 第 37 行.
NOTIC: [8] Undefined variable: account D:\phpStudy\WWW\ml\Application\Admin\Controller\BaseController.class.php 第 38 行.
SQL: SHOW COLUMNS FROM `ml_admin` [ RunTime:0.1709s ]
SQL: SHOW COLUMNS FROM `ml_admin` [ RunTime:0.0210s ]
SQL: SELECT * FROM `ml_admin` WHERE `account` = 'admin' LIMIT 1   [ RunTime:0.0005s ]

[ 2018-09-06T16:47:51+08:00 ] 127.0.0.1 /index.php/Admin/index/verify.html
INFO: [ app_init ] --START--
INFO: Run Behavior\BuildLiteBehavior [ RunTime:0.000019s ]
INFO: [ app_init ] --END-- [ RunTime:0.000466s ]
INFO: [ app_begin ] --START--
INFO: Run Behavior\ReadHtmlCacheBehavior [ RunTime:0.000859s ]
INFO: [ app_begin ] --END-- [ RunTime:0.000926s ]
SQL: SHOW COLUMNS FROM `ml_admin` [ RunTime:0.0184s ]
NOTIC: [8] Undefined variable: account D:\phpStudy\WWW\ml\Application\Admin\Controller\BaseController.class.php 第 37 行.
NOTIC: [8] Undefined variable: account D:\phpStudy\WWW\ml\Application\Admin\Controller\BaseController.class.php 第 38 行.
INFO: [ app_end ] --START--
INFO: Run Behavior\ShowPageTraceBehavior [ RunTime:0.000963s ]
INFO: [ app_end ] --END-- [ RunTime:0.001033s ]

[ 2018-09-06T16:47:55+08:00 ] 127.0.0.1 /index.php/Admin/Index/login.html
INFO: [ app_init ] --START--
INFO: Run Behavior\BuildLiteBehavior [ RunTime:0.000017s ]
INFO: [ app_init ] --END-- [ RunTime:0.000465s ]
INFO: [ app_begin ] --START--
INFO: Run Behavior\ReadHtmlCacheBehavior [ RunTime:0.000799s ]
INFO: [ app_begin ] --END-- [ RunTime:0.000850s ]
SQL: SHOW COLUMNS FROM `ml_admin` [ RunTime:0.0177s ]
NOTIC: [8] Undefined variable: account D:\phpStudy\WWW\ml\Application\Admin\Controller\BaseController.class.php 第 37 行.
NOTIC: [8] Undefined variable: account D:\phpStudy\WWW\ml\Application\Admin\Controller\BaseController.class.php 第 38 行.
SQL: SHOW COLUMNS FROM `ml_admin` [ RunTime:0.0069s ]
SQL: SHOW COLUMNS FROM `ml_admin` [ RunTime:0.0068s ]
SQL: SELECT * FROM `ml_admin` WHERE `account` = 'admin123' LIMIT 1   [ RunTime:0.0003s ]
SQL: UPDATE `ml_admin` SET `login_time`='1536223675',`login_ip`='127.0.0.1' WHERE `admin_id` = 1 [ RunTime:0.0004s ]

[ 2018-09-06T16:47:55+08:00 ] 127.0.0.1 /index.php/Admin/Index/index.html
INFO: [ app_init ] --START--
INFO: Run Behavior\BuildLiteBehavior [ RunTime:0.000016s ]
INFO: [ app_init ] --END-- [ RunTime:0.000437s ]
INFO: [ app_begin ] --START--
INFO: Run Behavior\ReadHtmlCacheBehavior [ RunTime:0.000800s ]
INFO: [ app_begin ] --END-- [ RunTime:0.000857s ]
SQL: SHOW COLUMNS FROM `ml_admin` [ RunTime:0.0735s ]
SQL: SHOW COLUMNS FROM `ml_admin` [ RunTime:0.0077s ]
SQL: SELECT `account`,`role` FROM `ml_admin` WHERE ( admin_id=1 ) LIMIT 1   [ RunTime:0.0003s ]
INFO: [ view_parse ] --START--
INFO: [ template_filter ] --START--
INFO: Run Behavior\ContentReplaceBehavior [ RunTime:0.000090s ]
INFO: [ template_filter ] --END-- [ RunTime:0.000148s ]
INFO: Run Behavior\ParseTemplateBehavior [ RunTime:0.097162s ]
INFO: [ view_parse ] --END-- [ RunTime:0.097230s ]
INFO: [ view_filter ] --START--
INFO: Run Behavior\WriteHtmlCacheBehavior [ RunTime:0.000549s ]
INFO: [ view_filter ] --END-- [ RunTime:0.000594s ]
INFO: [ app_end ] --START--
INFO: Run Behavior\ShowPageTraceBehavior [ RunTime:0.001353s ]
INFO: [ app_end ] --END-- [ RunTime:0.001424s ]

