[ 2018-08-18T14:40:54+08:00 ] 127.0.0.1 /admin
INFO: [ app_init ] --START--
INFO: Run Behavior\BuildLiteBehavior [ RunTime:0.000025s ]
INFO: [ app_init ] --END-- [ RunTime:0.024619s ]
INFO: [ app_begin ] --START--
INFO: Run Behavior\ReadHtmlCacheBehavior [ RunTime:0.021167s ]
INFO: [ app_begin ] --END-- [ RunTime:0.021296s ]
ERR: SQLSTATE[HY000] [2002] ”…”⁄¡¨Ω”∑Ω‘⁄“ª∂Œ ±º‰∫Û√ª”–’˝»∑¥∏¥ªÚ¡¨Ω”µƒ÷˜ª˙√ª”–∑¥”¶£¨¡¨Ω”≥¢ ‘ ß∞‹°£


[ 2018-08-18T14:41:01+08:00 ] 127.0.0.1 /index.php/admin
INFO: [ app_init ] --START--
INFO: Run Behavior\BuildLiteBehavior [ RunTime:0.000020s ]
INFO: [ app_init ] --END-- [ RunTime:0.000755s ]
INFO: [ app_begin ] --START--
INFO: Run Behavior\ReadHtmlCacheBehavior [ RunTime:0.000856s ]
INFO: [ app_begin ] --END-- [ RunTime:0.000923s ]
ERR: SQLSTATE[HY000] [2002] ”…”⁄¡¨Ω”∑Ω‘⁄“ª∂Œ ±º‰∫Û√ª”–’˝»∑¥∏¥ªÚ¡¨Ω”µƒ÷˜ª˙√ª”–∑¥”¶£¨¡¨Ω”≥¢ ‘ ß∞‹°£


[ 2018-08-18T14:41:26+08:00 ] 127.0.0.1 /index.php/Admin/Index/index.html
INFO: [ app_init ] --START--
INFO: Run Behavior\BuildLiteBehavior [ RunTime:0.000021s ]
INFO: [ app_init ] --END-- [ RunTime:0.000659s ]
INFO: [ app_begin ] --START--
INFO: Run Behavior\ReadHtmlCacheBehavior [ RunTime:0.001022s ]
INFO: [ app_begin ] --END-- [ RunTime:0.001096s ]
ERR: SQLSTATE[HY000] [2002] ”…”⁄¡¨Ω”∑Ω‘⁄“ª∂Œ ±º‰∫Û√ª”–’˝»∑¥∏¥ªÚ¡¨Ω”µƒ÷˜ª˙√ª”–∑¥”¶£¨¡¨Ω”≥¢ ‘ ß∞‹°£


[ 2018-08-18T14:41:49+08:00 ] 127.0.0.1 /index.php/Admin/Index/index.html
INFO: [ app_init ] --START--
INFO: Run Behavior\BuildLiteBehavior [ RunTime:0.000019s ]
INFO: [ app_init ] --END-- [ RunTime:0.000417s ]
INFO: [ app_begin ] --START--
INFO: Run Behavior\ReadHtmlCacheBehavior [ RunTime:0.000817s ]
INFO: [ app_begin ] --END-- [ RunTime:0.000869s ]
ERR: SQLSTATE[HY000] [2002] ”…”⁄¡¨Ω”∑Ω‘⁄“ª∂Œ ±º‰∫Û√ª”–’˝»∑¥∏¥ªÚ¡¨Ω”µƒ÷˜ª˙√ª”–∑¥”¶£¨¡¨Ω”≥¢ ‘ ß∞‹°£


[ 2018-08-18T14:42:37+08:00 ] 127.0.0.1 /index.php/Admin/Index/index.html
INFO: [ app_init ] --START--
INFO: Run Behavior\BuildLiteBehavior [ RunTime:0.000016s ]
INFO: [ app_init ] --END-- [ RunTime:0.000424s ]
INFO: [ app_begin ] --START--
INFO: Run Behavior\ReadHtmlCacheBehavior [ RunTime:0.000823s ]
INFO: [ app_begin ] --END-- [ RunTime:0.000876s ]
ERR: SQLSTATE[HY000] [2002] ”…”⁄¡¨Ω”∑Ω‘⁄“ª∂Œ ±º‰∫Û√ª”–’˝»∑¥∏¥ªÚ¡¨Ω”µƒ÷˜ª˙√ª”–∑¥”¶£¨¡¨Ω”≥¢ ‘ ß∞‹°£


[ 2018-08-18T14:42:46+08:00 ] 127.0.0.1 /index.php/Admin/Index/index.html
INFO: [ app_init ] --START--
INFO: Run Behavior\BuildLiteBehavior [ RunTime:0.000016s ]
INFO: [ app_init ] --END-- [ RunTime:0.000431s ]
INFO: [ app_begin ] --START--
INFO: Run Behavior\ReadHtmlCacheBehavior [ RunTime:0.000831s ]
INFO: [ app_begin ] --END-- [ RunTime:0.000885s ]
SQL: SHOW COLUMNS FROM `ml_admin` [ RunTime:0.0217s ]

[ 2018-08-18T14:42:46+08:00 ] 127.0.0.1 /index.php/Admin/Index/login.html
INFO: [ app_init ] --START--
INFO: Run Behavior\BuildLiteBehavior [ RunTime:0.000020s ]
INFO: [ app_init ] --END-- [ RunTime:0.000528s ]
INFO: [ app_begin ] --START--
INFO: Run Behavior\ReadHtmlCacheBehavior [ RunTime:0.000876s ]
INFO: [ app_begin ] --END-- [ RunTime:0.000947s ]
SQL: SHOW COLUMNS FROM `ml_admin` [ RunTime:0.0245s ]
NOTIC: [8] Undefined variable: account D:\phpStudy\WWW\ml\Application\Admin\Controller\BaseController.class.php Á¨¨ 37 Ë°å.
NOTIC: [8] Undefined variable: account D:\phpStudy\WWW\ml\Application\Admin\Controller\BaseController.class.php Á¨¨ 38 Ë°å.
INFO: [ view_parse ] --START--
INFO: [ template_filter ] --START--
INFO: Run Behavior\ContentReplaceBehavior [ RunTime:0.000461s ]
INFO: [ template_filter ] --END-- [ RunTime:0.000635s ]
INFO: Run Behavior\ParseTemplateBehavior [ RunTime:0.347443s ]
INFO: [ view_parse ] --END-- [ RunTime:0.347516s ]
INFO: [ view_filter ] --START--
INFO: Run Behavior\WriteHtmlCacheBehavior [ RunTime:0.036067s ]
INFO: [ view_filter ] --END-- [ RunTime:0.036128s ]
INFO: [ app_end ] --START--
INFO: Run Behavior\ShowPageTraceBehavior [ RunTime:0.025737s ]
INFO: [ app_end ] --END-- [ RunTime:0.025851s ]

[ 2018-08-18T14:42:46+08:00 ] 127.0.0.1 /index.php/Admin/Index/verify.html
INFO: [ app_init ] --START--
INFO: Run Behavior\BuildLiteBehavior [ RunTime:0.000016s ]
INFO: [ app_init ] --END-- [ RunTime:0.000420s ]
INFO: [ app_begin ] --START--
INFO: Run Behavior\ReadHtmlCacheBehavior [ RunTime:0.000958s ]
INFO: [ app_begin ] --END-- [ RunTime:0.001019s ]
SQL: SHOW COLUMNS FROM `ml_admin` [ RunTime:0.0956s ]
NOTIC: [8] Undefined variable: account D:\phpStudy\WWW\ml\Application\Admin\Controller\BaseController.class.php Á¨¨ 37 Ë°å.
NOTIC: [8] Undefined variable: account D:\phpStudy\WWW\ml\Application\Admin\Controller\BaseController.class.php Á¨¨ 38 Ë°å.
INFO: [ app_end ] --START--
INFO: Run Behavior\ShowPageTraceBehavior [ RunTime:0.001112s ]
INFO: [ app_end ] --END-- [ RunTime:0.001185s ]

[ 2018-08-18T14:42:57+08:00 ] 127.0.0.1 /index.php/Admin/Index/login.html
INFO: [ app_init ] --START--
INFO: Run Behavior\BuildLiteBehavior [ RunTime:0.000016s ]
INFO: [ app_init ] --END-- [ RunTime:0.000415s ]
INFO: [ app_begin ] --START--
INFO: Run Behavior\ReadHtmlCacheBehavior [ RunTime:0.001135s ]
INFO: [ app_begin ] --END-- [ RunTime:0.001200s ]
SQL: SHOW COLUMNS FROM `ml_admin` [ RunTime:0.0326s ]
NOTIC: [8] Undefined variable: account D:\phpStudy\WWW\ml\Application\Admin\Controller\BaseController.class.php Á¨¨ 37 Ë°å.
NOTIC: [8] Undefined variable: account D:\phpStudy\WWW\ml\Application\Admin\Controller\BaseController.class.php Á¨¨ 38 Ë°å.
SQL: SHOW COLUMNS FROM `ml_admin` [ RunTime:0.0095s ]
SQL: SHOW COLUMNS FROM `ml_admin` [ RunTime:0.0072s ]
SQL: SELECT * FROM `ml_admin` WHERE `account` = 'admin123' LIMIT 1   [ RunTime:0.0004s ]
SQL: UPDATE `ml_admin` SET `login_time`='1534574577',`login_ip`='127.0.0.1' WHERE `admin_id` = 1 [ RunTime:0.0004s ]

[ 2018-08-18T14:42:58+08:00 ] 127.0.0.1 /index.php/Admin/Index/index.html
INFO: [ app_init ] --START--
INFO: Run Behavior\BuildLiteBehavior [ RunTime:0.000017s ]
INFO: [ app_init ] --END-- [ RunTime:0.000435s ]
INFO: [ app_begin ] --START--
INFO: Run Behavior\ReadHtmlCacheBehavior [ RunTime:0.000899s ]
INFO: [ app_begin ] --END-- [ RunTime:0.000966s ]
SQL: SHOW COLUMNS FROM `ml_admin` [ RunTime:0.0076s ]
SQL: SHOW COLUMNS FROM `ml_admin` [ RunTime:0.0125s ]
SQL: SELECT `account`,`role` FROM `ml_admin` WHERE ( admin_id=1 ) LIMIT 1   [ RunTime:0.0004s ]
INFO: [ view_parse ] --START--
INFO: [ template_filter ] --START--
INFO: Run Behavior\ContentReplaceBehavior [ RunTime:0.000084s ]
INFO: [ template_filter ] --END-- [ RunTime:0.000141s ]
INFO: Run Behavior\ParseTemplateBehavior [ RunTime:0.151474s ]
INFO: [ view_parse ] --END-- [ RunTime:0.151545s ]
INFO: [ view_filter ] --START--
INFO: Run Behavior\WriteHtmlCacheBehavior [ RunTime:0.000745s ]
INFO: [ view_filter ] --END-- [ RunTime:0.000795s ]
INFO: [ app_end ] --START--
INFO: Run Behavior\ShowPageTraceBehavior [ RunTime:0.019543s ]
INFO: [ app_end ] --END-- [ RunTime:0.019638s ]

[ 2018-08-18T14:43:00+08:00 ] 127.0.0.1 /index.php/Admin/Goods/goodsAdd.html
INFO: [ app_init ] --START--
INFO: Run Behavior\BuildLiteBehavior [ RunTime:0.000042s ]
INFO: [ app_init ] --END-- [ RunTime:0.000648s ]
INFO: [ app_begin ] --START--
INFO: Run Behavior\ReadHtmlCacheBehavior [ RunTime:0.001030s ]
INFO: [ app_begin ] --END-- [ RunTime:0.001111s ]
SQL: SHOW COLUMNS FROM `ml_admin` [ RunTime:0.0167s ]
SQL: SHOW COLUMNS FROM `ml_admin` [ RunTime:0.0084s ]
SQL: SELECT `account`,`role` FROM `ml_admin` WHERE ( admin_id=1 ) LIMIT 1   [ RunTime:0.0003s ]
SQL: SHOW COLUMNS FROM `ml_goods` [ RunTime:0.0153s ]
INFO: [ view_parse ] --START--
INFO: [ template_filter ] --START--
INFO: Run Behavior\ContentReplaceBehavior [ RunTime:0.000083s ]
INFO: [ template_filter ] --END-- [ RunTime:0.000164s ]
NOTIC: [8] Undefined variable: detail D:\phpStudy\WWW\ml\Application\Runtime\Cache\Admin\0625ccdd984322e27e52787535bec737.php Á¨¨ 28 Ë°å.
NOTIC: [8] Undefined variable: detail D:\phpStudy\WWW\ml\Application\Runtime\Cache\Admin\0625ccdd984322e27e52787535bec737.php Á¨¨ 35 Ë°å.
NOTIC: [8] Undefined variable: detail D:\phpStudy\WWW\ml\Application\Runtime\Cache\Admin\0625ccdd984322e27e52787535bec737.php Á¨¨ 39 Ë°å.
NOTIC: [8] Undefined variable: detail D:\phpStudy\WWW\ml\Application\Runtime\Cache\Admin\0625ccdd984322e27e52787535bec737.php Á¨¨ 45 Ë°å.
NOTIC: [8] Undefined variable: detail D:\phpStudy\WWW\ml\Application\Runtime\Cache\Admin\0625ccdd984322e27e52787535bec737.php Á¨¨ 51 Ë°å.
NOTIC: [8] Undefined variable: detail D:\phpStudy\WWW\ml\Application\Runtime\Cache\Admin\0625ccdd984322e27e52787535bec737.php Á¨¨ 55 Ë°å.
INFO: Run Behavior\ParseTemplateBehavior [ RunTime:0.045792s ]
INFO: [ view_parse ] --END-- [ RunTime:0.045848s ]
INFO: [ view_filter ] --START--
INFO: Run Behavior\WriteHtmlCacheBehavior [ RunTime:0.000631s ]
INFO: [ view_filter ] --END-- [ RunTime:0.000678s ]
INFO: [ app_end ] --START--
INFO: Run Behavior\ShowPageTraceBehavior [ RunTime:0.001039s ]
INFO: [ app_end ] --END-- [ RunTime:0.001105s ]

[ 2018-08-18T14:43:53+08:00 ] 127.0.0.1 /index.php/Admin/Goods/goodsAdd.html
INFO: [ app_init ] --START--
INFO: Run Behavior\BuildLiteBehavior [ RunTime:0.000017s ]
INFO: [ app_init ] --END-- [ RunTime:0.000456s ]
INFO: [ app_begin ] --START--
INFO: Run Behavior\ReadHtmlCacheBehavior [ RunTime:0.000895s ]
INFO: [ app_begin ] --END-- [ RunTime:0.000964s ]
SQL: SHOW COLUMNS FROM `ml_admin` [ RunTime:0.0168s ]
SQL: SHOW COLUMNS FROM `ml_admin` [ RunTime:0.0074s ]
SQL: SELECT `account`,`role` FROM `ml_admin` WHERE ( admin_id=1 ) LIMIT 1   [ RunTime:0.0003s ]
SQL: SHOW COLUMNS FROM `ml_goods` [ RunTime:0.0130s ]
INFO: [ view_parse ] --START--
INFO: [ template_filter ] --START--
INFO: Run Behavior\ContentReplaceBehavior [ RunTime:0.000062s ]
INFO: [ template_filter ] --END-- [ RunTime:0.000119s ]
NOTIC: [8] Undefined variable: detail D:\phpStudy\WWW\ml\Application\Runtime\Cache\Admin\0625ccdd984322e27e52787535bec737.php Á¨¨ 28 Ë°å.
NOTIC: [8] Undefined variable: detail D:\phpStudy\WWW\ml\Application\Runtime\Cache\Admin\0625ccdd984322e27e52787535bec737.php Á¨¨ 35 Ë°å.
NOTIC: [8] Undefined variable: detail D:\phpStudy\WWW\ml\Application\Runtime\Cache\Admin\0625ccdd984322e27e52787535bec737.php Á¨¨ 39 Ë°å.
NOTIC: [8] Undefined variable: detail D:\phpStudy\WWW\ml\Application\Runtime\Cache\Admin\0625ccdd984322e27e52787535bec737.php Á¨¨ 45 Ë°å.
NOTIC: [8] Undefined variable: detail D:\phpStudy\WWW\ml\Application\Runtime\Cache\Admin\0625ccdd984322e27e52787535bec737.php Á¨¨ 51 Ë°å.
NOTIC: [8] Undefined variable: detail D:\phpStudy\WWW\ml\Application\Runtime\Cache\Admin\0625ccdd984322e27e52787535bec737.php Á¨¨ 55 Ë°å.
INFO: Run Behavior\ParseTemplateBehavior [ RunTime:0.027815s ]
INFO: [ view_parse ] --END-- [ RunTime:0.027873s ]
INFO: [ view_filter ] --START--
INFO: Run Behavior\WriteHtmlCacheBehavior [ RunTime:0.000593s ]
INFO: [ view_filter ] --END-- [ RunTime:0.000637s ]
INFO: [ app_end ] --START--
INFO: Run Behavior\ShowPageTraceBehavior [ RunTime:0.000810s ]
INFO: [ app_end ] --END-- [ RunTime:0.000856s ]

[ 2018-08-18T14:44:04+08:00 ] 127.0.0.1 /index.php/Admin/Goods/goodsAdd.html
INFO: [ app_init ] --START--
INFO: Run Behavior\BuildLiteBehavior [ RunTime:0.000020s ]
INFO: [ app_init ] --END-- [ RunTime:0.000704s ]
INFO: [ app_begin ] --START--
INFO: Run Behavior\ReadHtmlCacheBehavior [ RunTime:0.000858s ]
INFO: [ app_begin ] --END-- [ RunTime:0.000924s ]
SQL: SHOW COLUMNS FROM `ml_admin` [ RunTime:0.0161s ]
SQL: SHOW COLUMNS FROM `ml_admin` [ RunTime:0.0077s ]
SQL: SELECT `account`,`role` FROM `ml_admin` WHERE ( admin_id=1 ) LIMIT 1   [ RunTime:0.0003s ]
SQL: SHOW COLUMNS FROM `ml_goods` [ RunTime:0.0120s ]
NOTIC: [2] call_user_func() expects parameter 1 to be a valid callback, no array or string given D:\phpStudy\WWW\ml\ThinkPHP\Library\Think\Upload.class.php Á¨¨ 170 Ë°å.
NOTIC: [2] call_user_func() expects parameter 1 to be a valid callback, no array or string given D:\phpStudy\WWW\ml\ThinkPHP\Library\Think\Upload.class.php Á¨¨ 170 Ë°å.

[ 2018-08-18T14:45:04+08:00 ] 127.0.0.1 /index.php/Admin/Goods/goodsAdd.html
INFO: [ app_init ] --START--
INFO: Run Behavior\BuildLiteBehavior [ RunTime:0.000018s ]
INFO: [ app_init ] --END-- [ RunTime:0.000428s ]
INFO: [ app_begin ] --START--
INFO: Run Behavior\ReadHtmlCacheBehavior [ RunTime:0.000822s ]
INFO: [ app_begin ] --END-- [ RunTime:0.000871s ]
SQL: SHOW COLUMNS FROM `ml_admin` [ RunTime:0.0160s ]
SQL: SHOW COLUMNS FROM `ml_admin` [ RunTime:0.0071s ]
SQL: SELECT `account`,`role` FROM `ml_admin` WHERE ( admin_id=1 ) LIMIT 1   [ RunTime:0.0003s ]
SQL: SHOW COLUMNS FROM `ml_goods` [ RunTime:0.0115s ]
NOTIC: [2] call_user_func() expects parameter 1 to be a valid callback, no array or string given D:\phpStudy\WWW\ml\ThinkPHP\Library\Think\Upload.class.php Á¨¨ 170 Ë°å.
NOTIC: [2] call_user_func() expects parameter 1 to be a valid callback, no array or string given D:\phpStudy\WWW\ml\ThinkPHP\Library\Think\Upload.class.php Á¨¨ 170 Ë°å.

[ 2018-08-18T14:45:49+08:00 ] 127.0.0.1 /index.php/Admin/Goods/goodsAdd.html
INFO: [ app_init ] --START--
INFO: Run Behavior\BuildLiteBehavior [ RunTime:0.000017s ]
INFO: [ app_init ] --END-- [ RunTime:0.000431s ]
INFO: [ app_begin ] --START--
INFO: Run Behavior\ReadHtmlCacheBehavior [ RunTime:0.000779s ]
INFO: [ app_begin ] --END-- [ RunTime:0.000827s ]
SQL: SHOW COLUMNS FROM `ml_admin` [ RunTime:0.0166s ]
SQL: SHOW COLUMNS FROM `ml_admin` [ RunTime:0.0072s ]
SQL: SELECT `account`,`role` FROM `ml_admin` WHERE ( admin_id=1 ) LIMIT 1   [ RunTime:0.0002s ]
SQL: SHOW COLUMNS FROM `ml_goods` [ RunTime:0.0116s ]
NOTIC: [2] call_user_func() expects parameter 1 to be a valid callback, no array or string given D:\phpStudy\WWW\ml\ThinkPHP\Library\Think\Upload.class.php Á¨¨ 170 Ë°å.
NOTIC: [2] call_user_func() expects parameter 1 to be a valid callback, no array or string given D:\phpStudy\WWW\ml\ThinkPHP\Library\Think\Upload.class.php Á¨¨ 170 Ë°å.
SQL: SHOW COLUMNS FROM `ml_goods` [ RunTime:0.0072s ]
SQL: INSERT INTO `ml_goods` (`goods_id`,`name`,`price`,`sort`,`image`,`detail`,`addtime`) VALUES ('0','1','1','1','5b77c09d8e09a.jpg','5b77c09d8ec58.jpg','1534574749') [ RunTime:0.0900s ]

[ 2018-08-18T14:46:14+08:00 ] 127.0.0.1 /index.php/Admin/Index/index.html
INFO: [ app_init ] --START--
INFO: Run Behavior\BuildLiteBehavior [ RunTime:0.000023s ]
INFO: [ app_init ] --END-- [ RunTime:0.002309s ]
INFO: [ app_begin ] --START--
INFO: Run Behavior\ReadHtmlCacheBehavior [ RunTime:0.000927s ]
INFO: [ app_begin ] --END-- [ RunTime:0.000997s ]
SQL: SHOW COLUMNS FROM `ml_admin` [ RunTime:0.0213s ]
SQL: SHOW COLUMNS FROM `ml_admin` [ RunTime:0.0097s ]
SQL: SELECT `account`,`role` FROM `ml_admin` WHERE ( admin_id=1 ) LIMIT 1   [ RunTime:0.0003s ]
INFO: [ view_parse ] --START--
INFO: [ template_filter ] --START--
INFO: Run Behavior\ContentReplaceBehavior [ RunTime:0.000084s ]
INFO: [ template_filter ] --END-- [ RunTime:0.000144s ]
INFO: Run Behavior\ParseTemplateBehavior [ RunTime:0.211239s ]
INFO: [ view_parse ] --END-- [ RunTime:0.211306s ]
INFO: [ view_filter ] --START--
INFO: Run Behavior\WriteHtmlCacheBehavior [ RunTime:0.005170s ]
INFO: [ view_filter ] --END-- [ RunTime:0.005229s ]
INFO: [ app_end ] --START--
INFO: Run Behavior\ShowPageTraceBehavior [ RunTime:0.151364s ]
INFO: [ app_end ] --END-- [ RunTime:0.151475s ]

[ 2018-08-18T14:46:16+08:00 ] 127.0.0.1 /index.php/Admin/Goods/goodsList.html
INFO: [ app_init ] --START--
INFO: Run Behavior\BuildLiteBehavior [ RunTime:0.000018s ]
INFO: [ app_init ] --END-- [ RunTime:0.000458s ]
INFO: [ app_begin ] --START--
INFO: Run Behavior\ReadHtmlCacheBehavior [ RunTime:0.000843s ]
INFO: [ app_begin ] --END-- [ RunTime:0.000912s ]
SQL: SHOW COLUMNS FROM `ml_admin` [ RunTime:0.0444s ]
SQL: SHOW COLUMNS FROM `ml_admin` [ RunTime:0.0099s ]
SQL: SELECT `account`,`role` FROM `ml_admin` WHERE ( admin_id=1 ) LIMIT 1   [ RunTime:0.0002s ]
SQL: SHOW COLUMNS FROM `ml_goods` [ RunTime:0.0143s ]
SQL: SHOW COLUMNS FROM `ml_goods` [ RunTime:0.0074s ]
SQL: SELECT COUNT(*) AS tp_count FROM `ml_goods` LIMIT 1   [ RunTime:0.0158s ]
SQL: SELECT * FROM `ml_goods` ORDER BY sort asc LIMIT 0,15   [ RunTime:0.0056s ]
INFO: [ view_parse ] --START--
INFO: [ template_filter ] --START--
INFO: Run Behavior\ContentReplaceBehavior [ RunTime:0.000080s ]
INFO: [ template_filter ] --END-- [ RunTime:0.000136s ]
INFO: Run Behavior\ParseTemplateBehavior [ RunTime:0.059101s ]
INFO: [ view_parse ] --END-- [ RunTime:0.059181s ]
INFO: [ view_filter ] --START--
INFO: Run Behavior\WriteHtmlCacheBehavior [ RunTime:0.000547s ]
INFO: [ view_filter ] --END-- [ RunTime:0.000592s ]
INFO: [ app_end ] --START--
INFO: Run Behavior\ShowPageTraceBehavior [ RunTime:0.001218s ]
INFO: [ app_end ] --END-- [ RunTime:0.001284s ]

[ 2018-08-18T14:46:17+08:00 ] 127.0.0.1 /index.php/Admin/Goods/goodsAdd.html
INFO: [ app_init ] --START--
INFO: Run Behavior\BuildLiteBehavior [ RunTime:0.000018s ]
INFO: [ app_init ] --END-- [ RunTime:0.000435s ]
INFO: [ app_begin ] --START--
INFO: Run Behavior\ReadHtmlCacheBehavior [ RunTime:0.000865s ]
INFO: [ app_begin ] --END-- [ RunTime:0.000931s ]
SQL: SHOW COLUMNS FROM `ml_admin` [ RunTime:0.1368s ]
SQL: SHOW COLUMNS FROM `ml_admin` [ RunTime:0.1711s ]
SQL: SELECT `account`,`role` FROM `ml_admin` WHERE ( admin_id=1 ) LIMIT 1   [ RunTime:0.0003s ]
SQL: SHOW COLUMNS FROM `ml_goods` [ RunTime:0.0649s ]
INFO: [ view_parse ] --START--
INFO: [ template_filter ] --START--
INFO: Run Behavior\ContentReplaceBehavior [ RunTime:0.000062s ]
INFO: [ template_filter ] --END-- [ RunTime:0.000120s ]
NOTIC: [8] Undefined variable: detail D:\phpStudy\WWW\ml\Application\Runtime\Cache\Admin\0625ccdd984322e27e52787535bec737.php Á¨¨ 28 Ë°å.
NOTIC: [8] Undefined variable: detail D:\phpStudy\WWW\ml\Application\Runtime\Cache\Admin\0625ccdd984322e27e52787535bec737.php Á¨¨ 35 Ë°å.
NOTIC: [8] Undefined variable: detail D:\phpStudy\WWW\ml\Application\Runtime\Cache\Admin\0625ccdd984322e27e52787535bec737.php Á¨¨ 39 Ë°å.
NOTIC: [8] Undefined variable: detail D:\phpStudy\WWW\ml\Application\Runtime\Cache\Admin\0625ccdd984322e27e52787535bec737.php Á¨¨ 45 Ë°å.
NOTIC: [8] Undefined variable: detail D:\phpStudy\WWW\ml\Application\Runtime\Cache\Admin\0625ccdd984322e27e52787535bec737.php Á¨¨ 51 Ë°å.
NOTIC: [8] Undefined variable: detail D:\phpStudy\WWW\ml\Application\Runtime\Cache\Admin\0625ccdd984322e27e52787535bec737.php Á¨¨ 55 Ë°å.
INFO: Run Behavior\ParseTemplateBehavior [ RunTime:0.030425s ]
INFO: [ view_parse ] --END-- [ RunTime:0.030499s ]
INFO: [ view_filter ] --START--
INFO: Run Behavior\WriteHtmlCacheBehavior [ RunTime:0.000645s ]
INFO: [ view_filter ] --END-- [ RunTime:0.000717s ]
INFO: [ app_end ] --START--
INFO: Run Behavior\ShowPageTraceBehavior [ RunTime:0.000921s ]
INFO: [ app_end ] --END-- [ RunTime:0.000983s ]

[ 2018-08-18T14:46:25+08:00 ] 127.0.0.1 /index.php/Admin/Goods/goodsAdd.html
INFO: [ app_init ] --START--
INFO: Run Behavior\BuildLiteBehavior [ RunTime:0.000017s ]
INFO: [ app_init ] --END-- [ RunTime:0.000557s ]
INFO: [ app_begin ] --START--
INFO: Run Behavior\ReadHtmlCacheBehavior [ RunTime:0.000831s ]
INFO: [ app_begin ] --END-- [ RunTime:0.000892s ]
SQL: SHOW COLUMNS FROM `ml_admin` [ RunTime:0.0164s ]
SQL: SHOW COLUMNS FROM `ml_admin` [ RunTime:0.0073s ]
SQL: SELECT `account`,`role` FROM `ml_admin` WHERE ( admin_id=1 ) LIMIT 1   [ RunTime:0.0002s ]
SQL: SHOW COLUMNS FROM `ml_goods` [ RunTime:0.0117s ]
NOTIC: [2] call_user_func() expects parameter 1 to be a valid callback, no array or string given D:\phpStudy\WWW\ml\ThinkPHP\Library\Think\Upload.class.php Á¨¨ 170 Ë°å.
NOTIC: [2] call_user_func() expects parameter 1 to be a valid callback, no array or string given D:\phpStudy\WWW\ml\ThinkPHP\Library\Think\Upload.class.php Á¨¨ 170 Ë°å.
SQL: SHOW COLUMNS FROM `ml_goods` [ RunTime:0.0072s ]
SQL: INSERT INTO `ml_goods` (`goods_id`,`name`,`price`,`sort`,`image`,`detail`,`addtime`) VALUES ('0','1','1','1','5b77c0c1c9c20.jpg','5b77c0c1ca6b7.jpg','1534574785') [ RunTime:0.0301s ]

[ 2018-08-18T14:46:30+08:00 ] 127.0.0.1 /index.php/Admin/Index/login.html
INFO: [ app_init ] --START--
INFO: Run Behavior\BuildLiteBehavior [ RunTime:0.000018s ]
INFO: [ app_init ] --END-- [ RunTime:0.000440s ]
INFO: [ app_begin ] --START--
INFO: Run Behavior\ReadHtmlCacheBehavior [ RunTime:0.000989s ]
INFO: [ app_begin ] --END-- [ RunTime:0.001107s ]
SQL: SHOW COLUMNS FROM `ml_admin` [ RunTime:0.0360s ]
SQL: SHOW COLUMNS FROM `ml_admin` [ RunTime:0.0076s ]
SQL: SELECT `account`,`role` FROM `ml_admin` WHERE ( admin_id=1 ) LIMIT 1   [ RunTime:0.0002s ]
INFO: [ view_parse ] --START--
INFO: [ template_filter ] --START--
INFO: Run Behavior\ContentReplaceBehavior [ RunTime:0.000132s ]
INFO: [ template_filter ] --END-- [ RunTime:0.000193s ]
INFO: Run Behavior\ParseTemplateBehavior [ RunTime:0.092231s ]
INFO: [ view_parse ] --END-- [ RunTime:0.092304s ]
INFO: [ view_filter ] --START--
INFO: Run Behavior\WriteHtmlCacheBehavior [ RunTime:0.000884s ]
INFO: [ view_filter ] --END-- [ RunTime:0.000941s ]
INFO: [ app_end ] --START--
INFO: Run Behavior\ShowPageTraceBehavior [ RunTime:0.001048s ]
INFO: [ app_end ] --END-- [ RunTime:0.001105s ]

[ 2018-08-18T14:46:31+08:00 ] 127.0.0.1 /index.php/Admin/Index/verify.html
INFO: [ app_init ] --START--
INFO: Run Behavior\BuildLiteBehavior [ RunTime:0.000296s ]
INFO: [ app_init ] --END-- [ RunTime:0.000966s ]
INFO: [ app_begin ] --START--
INFO: Run Behavior\ReadHtmlCacheBehavior [ RunTime:0.000873s ]
INFO: [ app_begin ] --END-- [ RunTime:0.000941s ]
SQL: SHOW COLUMNS FROM `ml_admin` [ RunTime:0.1119s ]
SQL: SHOW COLUMNS FROM `ml_admin` [ RunTime:0.2674s ]
SQL: SELECT `account`,`role` FROM `ml_admin` WHERE ( admin_id=1 ) LIMIT 1   [ RunTime:0.0003s ]
INFO: [ app_end ] --START--
INFO: Run Behavior\ShowPageTraceBehavior [ RunTime:0.001177s ]
INFO: [ app_end ] --END-- [ RunTime:0.001267s ]

[ 2018-08-18T14:46:37+08:00 ] 127.0.0.1 /index.php/Admin/Index/login.html
INFO: [ app_init ] --START--
INFO: Run Behavior\BuildLiteBehavior [ RunTime:0.000017s ]
INFO: [ app_init ] --END-- [ RunTime:0.000417s ]
INFO: [ app_begin ] --START--
INFO: Run Behavior\ReadHtmlCacheBehavior [ RunTime:0.000778s ]
INFO: [ app_begin ] --END-- [ RunTime:0.000827s ]
SQL: SHOW COLUMNS FROM `ml_admin` [ RunTime:0.0566s ]
SQL: SHOW COLUMNS FROM `ml_admin` [ RunTime:0.0208s ]
SQL: SELECT `account`,`role` FROM `ml_admin` WHERE ( admin_id=1 ) LIMIT 1   [ RunTime:0.0002s ]
SQL: SHOW COLUMNS FROM `ml_admin` [ RunTime:0.0073s ]
SQL: SELECT * FROM `ml_admin` WHERE `account` = 'admin123' LIMIT 1   [ RunTime:0.0003s ]

[ 2018-08-18T14:46:44+08:00 ] 127.0.0.1 /index.php/Admin/index/verify.html
INFO: [ app_init ] --START--
INFO: Run Behavior\BuildLiteBehavior [ RunTime:0.000018s ]
INFO: [ app_init ] --END-- [ RunTime:0.000466s ]
INFO: [ app_begin ] --START--
INFO: Run Behavior\ReadHtmlCacheBehavior [ RunTime:0.000810s ]
INFO: [ app_begin ] --END-- [ RunTime:0.000871s ]
SQL: SHOW COLUMNS FROM `ml_admin` [ RunTime:0.0332s ]
SQL: SHOW COLUMNS FROM `ml_admin` [ RunTime:0.0332s ]
SQL: SELECT `account`,`role` FROM `ml_admin` WHERE ( admin_id=1 ) LIMIT 1   [ RunTime:0.0003s ]
INFO: [ app_end ] --START--
INFO: Run Behavior\ShowPageTraceBehavior [ RunTime:0.000940s ]
INFO: [ app_end ] --END-- [ RunTime:0.001012s ]

[ 2018-08-18T14:46:47+08:00 ] 127.0.0.1 /index.php/Admin/Index/login.html
INFO: [ app_init ] --START--
INFO: Run Behavior\BuildLiteBehavior [ RunTime:0.000019s ]
INFO: [ app_init ] --END-- [ RunTime:0.000507s ]
INFO: [ app_begin ] --START--
INFO: Run Behavior\ReadHtmlCacheBehavior [ RunTime:0.000894s ]
INFO: [ app_begin ] --END-- [ RunTime:0.000958s ]
SQL: SHOW COLUMNS FROM `ml_admin` [ RunTime:0.0394s ]
SQL: SHOW COLUMNS FROM `ml_admin` [ RunTime:0.0081s ]
SQL: SELECT `account`,`role` FROM `ml_admin` WHERE ( admin_id=1 ) LIMIT 1   [ RunTime:0.0002s ]
SQL: SHOW COLUMNS FROM `ml_admin` [ RunTime:0.0086s ]
SQL: SELECT * FROM `ml_admin` WHERE `account` = 'admin123' LIMIT 1   [ RunTime:0.0006s ]
SQL: UPDATE `ml_admin` SET `login_time`='1534574807',`login_ip`='127.0.0.1' WHERE `admin_id` = 1 [ RunTime:0.0004s ]

[ 2018-08-18T14:46:47+08:00 ] 127.0.0.1 /index.php/Admin/Index/index.html
INFO: [ app_init ] --START--
INFO: Run Behavior\BuildLiteBehavior [ RunTime:0.000017s ]
INFO: [ app_init ] --END-- [ RunTime:0.000422s ]
INFO: [ app_begin ] --START--
INFO: Run Behavior\ReadHtmlCacheBehavior [ RunTime:0.000788s ]
INFO: [ app_begin ] --END-- [ RunTime:0.000842s ]
SQL: SHOW COLUMNS FROM `ml_admin` [ RunTime:0.0254s ]
SQL: SHOW COLUMNS FROM `ml_admin` [ RunTime:0.0094s ]
SQL: SELECT `account`,`role` FROM `ml_admin` WHERE ( admin_id=1 ) LIMIT 1   [ RunTime:0.0003s ]
INFO: [ view_parse ] --START--
INFO: [ template_filter ] --START--
INFO: Run Behavior\ContentReplaceBehavior [ RunTime:0.000086s ]
INFO: [ template_filter ] --END-- [ RunTime:0.000145s ]
INFO: Run Behavior\ParseTemplateBehavior [ RunTime:0.054249s ]
INFO: [ view_parse ] --END-- [ RunTime:0.054316s ]
INFO: [ view_filter ] --START--
INFO: Run Behavior\WriteHtmlCacheBehavior [ RunTime:0.000523s ]
INFO: [ view_filter ] --END-- [ RunTime:0.000567s ]
INFO: [ app_end ] --START--
INFO: Run Behavior\ShowPageTraceBehavior [ RunTime:0.001471s ]
INFO: [ app_end ] --END-- [ RunTime:0.001546s ]

[ 2018-08-18T14:46:50+08:00 ] 127.0.0.1 /index.php/Admin/Goods/goodsList.html
INFO: [ app_init ] --START--
INFO: Run Behavior\BuildLiteBehavior [ RunTime:0.000018s ]
INFO: [ app_init ] --END-- [ RunTime:0.000456s ]
INFO: [ app_begin ] --START--
INFO: Run Behavior\ReadHtmlCacheBehavior [ RunTime:0.000870s ]
INFO: [ app_begin ] --END-- [ RunTime:0.000936s ]
SQL: SHOW COLUMNS FROM `ml_admin` [ RunTime:0.0527s ]
SQL: SHOW COLUMNS FROM `ml_admin` [ RunTime:0.0078s ]
SQL: SELECT `account`,`role` FROM `ml_admin` WHERE ( admin_id=1 ) LIMIT 1   [ RunTime:0.0003s ]
SQL: SHOW COLUMNS FROM `ml_goods` [ RunTime:0.0141s ]
SQL: SHOW COLUMNS FROM `ml_goods` [ RunTime:0.0127s ]
SQL: SELECT COUNT(*) AS tp_count FROM `ml_goods` LIMIT 1   [ RunTime:0.0002s ]
SQL: SELECT * FROM `ml_goods` ORDER BY sort asc LIMIT 0,15   [ RunTime:0.0002s ]
INFO: [ view_parse ] --START--
INFO: [ template_filter ] --START--
INFO: Run Behavior\ContentReplaceBehavior [ RunTime:0.000112s ]
INFO: [ template_filter ] --END-- [ RunTime:0.000209s ]
INFO: Run Behavior\ParseTemplateBehavior [ RunTime:0.061366s ]
INFO: [ view_parse ] --END-- [ RunTime:0.061433s ]
INFO: [ view_filter ] --START--
INFO: Run Behavior\WriteHtmlCacheBehavior [ RunTime:0.000736s ]
INFO: [ view_filter ] --END-- [ RunTime:0.000785s ]
INFO: [ app_end ] --START--
INFO: Run Behavior\ShowPageTraceBehavior [ RunTime:0.001236s ]
INFO: [ app_end ] --END-- [ RunTime:0.001324s ]

[ 2018-08-18T14:49:22+08:00 ] 127.0.0.1 /index.php/Admin/Goods/goodsAdd.html
INFO: [ app_init ] --START--
INFO: Run Behavior\BuildLiteBehavior [ RunTime:0.000019s ]
INFO: [ app_init ] --END-- [ RunTime:0.000492s ]
INFO: [ app_begin ] --START--
INFO: Run Behavior\ReadHtmlCacheBehavior [ RunTime:0.000831s ]
INFO: [ app_begin ] --END-- [ RunTime:0.000883s ]
SQL: SHOW COLUMNS FROM `ml_admin` [ RunTime:0.0151s ]
SQL: SHOW COLUMNS FROM `ml_admin` [ RunTime:0.0071s ]
SQL: SELECT `account`,`role` FROM `ml_admin` WHERE ( admin_id=1 ) LIMIT 1   [ RunTime:0.0003s ]
SQL: SHOW COLUMNS FROM `ml_goods` [ RunTime:0.0119s ]
INFO: [ view_parse ] --START--
INFO: [ template_filter ] --START--
INFO: Run Behavior\ContentReplaceBehavior [ RunTime:0.000061s ]
INFO: [ template_filter ] --END-- [ RunTime:0.000117s ]
NOTIC: [8] Undefined variable: detail D:\phpStudy\WWW\ml\Application\Runtime\Cache\Admin\0625ccdd984322e27e52787535bec737.php Á¨¨ 28 Ë°å.
NOTIC: [8] Undefined variable: detail D:\phpStudy\WWW\ml\Application\Runtime\Cache\Admin\0625ccdd984322e27e52787535bec737.php Á¨¨ 35 Ë°å.
NOTIC: [8] Undefined variable: detail D:\phpStudy\WWW\ml\Application\Runtime\Cache\Admin\0625ccdd984322e27e52787535bec737.php Á¨¨ 39 Ë°å.
NOTIC: [8] Undefined variable: detail D:\phpStudy\WWW\ml\Application\Runtime\Cache\Admin\0625ccdd984322e27e52787535bec737.php Á¨¨ 45 Ë°å.
NOTIC: [8] Undefined variable: detail D:\phpStudy\WWW\ml\Application\Runtime\Cache\Admin\0625ccdd984322e27e52787535bec737.php Á¨¨ 51 Ë°å.
NOTIC: [8] Undefined variable: detail D:\phpStudy\WWW\ml\Application\Runtime\Cache\Admin\0625ccdd984322e27e52787535bec737.php Á¨¨ 55 Ë°å.
INFO: Run Behavior\ParseTemplateBehavior [ RunTime:0.009548s ]
INFO: [ view_parse ] --END-- [ RunTime:0.009631s ]
INFO: [ view_filter ] --START--
INFO: Run Behavior\WriteHtmlCacheBehavior [ RunTime:0.000528s ]
INFO: [ view_filter ] --END-- [ RunTime:0.000571s ]
INFO: [ app_end ] --START--
INFO: Run Behavior\ShowPageTraceBehavior [ RunTime:0.000779s ]
INFO: [ app_end ] --END-- [ RunTime:0.000823s ]

[ 2018-08-18T14:49:33+08:00 ] 127.0.0.1 /index.php/Admin/Goods/goodsAdd.html
INFO: [ app_init ] --START--
INFO: Run Behavior\BuildLiteBehavior [ RunTime:0.000017s ]
INFO: [ app_init ] --END-- [ RunTime:0.000429s ]
INFO: [ app_begin ] --START--
INFO: Run Behavior\ReadHtmlCacheBehavior [ RunTime:0.000785s ]
INFO: [ app_begin ] --END-- [ RunTime:0.000835s ]
SQL: SHOW COLUMNS FROM `ml_admin` [ RunTime:0.0700s ]
SQL: SHOW COLUMNS FROM `ml_admin` [ RunTime:0.0106s ]
SQL: SELECT `account`,`role` FROM `ml_admin` WHERE ( admin_id=1 ) LIMIT 1   [ RunTime:0.0005s ]
SQL: SHOW COLUMNS FROM `ml_goods` [ RunTime:0.0170s ]
NOTIC: [2] call_user_func() expects parameter 1 to be a valid callback, no array or string given D:\phpStudy\WWW\ml\ThinkPHP\Library\Think\Upload.class.php Á¨¨ 170 Ë°å.
NOTIC: [2] call_user_func() expects parameter 1 to be a valid callback, no array or string given D:\phpStudy\WWW\ml\ThinkPHP\Library\Think\Upload.class.php Á¨¨ 170 Ë°å.
SQL: SHOW COLUMNS FROM `ml_goods` [ RunTime:0.0094s ]
SQL: INSERT INTO `ml_goods` (`goods_id`,`name`,`price`,`sort`,`image`,`detail`,`addtime`) VALUES ('0','1','1','1','5b77c17d84625.jpg','5b77c17d856f3.jpg','1534574973') [ RunTime:0.0425s ]

[ 2018-08-18T14:50:04+08:00 ] 127.0.0.1 /index.php/Admin/Index/index.html
INFO: [ app_init ] --START--
INFO: Run Behavior\BuildLiteBehavior [ RunTime:0.000017s ]
INFO: [ app_init ] --END-- [ RunTime:0.000416s ]
INFO: [ app_begin ] --START--
INFO: Run Behavior\ReadHtmlCacheBehavior [ RunTime:0.000827s ]
INFO: [ app_begin ] --END-- [ RunTime:0.000885s ]
SQL: SHOW COLUMNS FROM `ml_admin` [ RunTime:0.0182s ]
SQL: SHOW COLUMNS FROM `ml_admin` [ RunTime:0.0087s ]
SQL: SELECT `account`,`role` FROM `ml_admin` WHERE ( admin_id=1 ) LIMIT 1   [ RunTime:0.0003s ]
INFO: [ view_parse ] --START--
INFO: [ template_filter ] --START--
INFO: Run Behavior\ContentReplaceBehavior [ RunTime:0.000085s ]
INFO: [ template_filter ] --END-- [ RunTime:0.000143s ]
INFO: Run Behavior\ParseTemplateBehavior [ RunTime:0.047583s ]
INFO: [ view_parse ] --END-- [ RunTime:0.047650s ]
INFO: [ view_filter ] --START--
INFO: Run Behavior\WriteHtmlCacheBehavior [ RunTime:0.000607s ]
INFO: [ view_filter ] --END-- [ RunTime:0.000661s ]
INFO: [ app_end ] --START--
INFO: Run Behavior\ShowPageTraceBehavior [ RunTime:0.001420s ]
INFO: [ app_end ] --END-- [ RunTime:0.001559s ]

[ 2018-08-18T14:50:08+08:00 ] 127.0.0.1 /index.php/Admin/Goods/goodsList.html
INFO: [ app_init ] --START--
INFO: Run Behavior\BuildLiteBehavior [ RunTime:0.000025s ]
INFO: [ app_init ] --END-- [ RunTime:0.000530s ]
INFO: [ app_begin ] --START--
INFO: Run Behavior\ReadHtmlCacheBehavior [ RunTime:0.000840s ]
INFO: [ app_begin ] --END-- [ RunTime:0.000899s ]
SQL: SHOW COLUMNS FROM `ml_admin` [ RunTime:0.0209s ]
SQL: SHOW COLUMNS FROM `ml_admin` [ RunTime:0.0099s ]
SQL: SELECT `account`,`role` FROM `ml_admin` WHERE ( admin_id=1 ) LIMIT 1   [ RunTime:0.0003s ]
SQL: SHOW COLUMNS FROM `ml_goods` [ RunTime:0.0184s ]
SQL: SHOW COLUMNS FROM `ml_goods` [ RunTime:0.0081s ]
SQL: SELECT COUNT(*) AS tp_count FROM `ml_goods` LIMIT 1   [ RunTime:0.0004s ]
SQL: SELECT * FROM `ml_goods` ORDER BY sort asc LIMIT 0,15   [ RunTime:0.0004s ]
INFO: [ view_parse ] --START--
INFO: [ template_filter ] --START--
INFO: Run Behavior\ContentReplaceBehavior [ RunTime:0.000083s ]
INFO: [ template_filter ] --END-- [ RunTime:0.000142s ]
INFO: Run Behavior\ParseTemplateBehavior [ RunTime:0.058741s ]
INFO: [ view_parse ] --END-- [ RunTime:0.058808s ]
INFO: [ view_filter ] --START--
INFO: Run Behavior\WriteHtmlCacheBehavior [ RunTime:0.000798s ]
INFO: [ view_filter ] --END-- [ RunTime:0.000849s ]
INFO: [ app_end ] --START--
INFO: Run Behavior\ShowPageTraceBehavior [ RunTime:0.001709s ]
INFO: [ app_end ] --END-- [ RunTime:0.001795s ]

[ 2018-08-18T14:50:10+08:00 ] 127.0.0.1 /index.php/Admin/Goods/goodsAdd.html
INFO: [ app_init ] --START--
INFO: Run Behavior\BuildLiteBehavior [ RunTime:0.000017s ]
INFO: [ app_init ] --END-- [ RunTime:0.000460s ]
INFO: [ app_begin ] --START--
INFO: Run Behavior\ReadHtmlCacheBehavior [ RunTime:0.000794s ]
INFO: [ app_begin ] --END-- [ RunTime:0.000848s ]
SQL: SHOW COLUMNS FROM `ml_admin` [ RunTime:0.0162s ]
SQL: SHOW COLUMNS FROM `ml_admin` [ RunTime:0.0072s ]
SQL: SELECT `account`,`role` FROM `ml_admin` WHERE ( admin_id=1 ) LIMIT 1   [ RunTime:0.0003s ]
SQL: SHOW COLUMNS FROM `ml_goods` [ RunTime:0.0118s ]
INFO: [ view_parse ] --START--
INFO: [ template_filter ] --START--
INFO: Run Behavior\ContentReplaceBehavior [ RunTime:0.000065s ]
INFO: [ template_filter ] --END-- [ RunTime:0.000125s ]
NOTIC: [8] Undefined variable: detail D:\phpStudy\WWW\ml\Application\Runtime\Cache\Admin\0625ccdd984322e27e52787535bec737.php Á¨¨ 28 Ë°å.
NOTIC: [8] Undefined variable: detail D:\phpStudy\WWW\ml\Application\Runtime\Cache\Admin\0625ccdd984322e27e52787535bec737.php Á¨¨ 35 Ë°å.
NOTIC: [8] Undefined variable: detail D:\phpStudy\WWW\ml\Application\Runtime\Cache\Admin\0625ccdd984322e27e52787535bec737.php Á¨¨ 39 Ë°å.
NOTIC: [8] Undefined variable: detail D:\phpStudy\WWW\ml\Application\Runtime\Cache\Admin\0625ccdd984322e27e52787535bec737.php Á¨¨ 45 Ë°å.
NOTIC: [8] Undefined variable: detail D:\phpStudy\WWW\ml\Application\Runtime\Cache\Admin\0625ccdd984322e27e52787535bec737.php Á¨¨ 51 Ë°å.
NOTIC: [8] Undefined variable: detail D:\phpStudy\WWW\ml\Application\Runtime\Cache\Admin\0625ccdd984322e27e52787535bec737.php Á¨¨ 55 Ë°å.
INFO: Run Behavior\ParseTemplateBehavior [ RunTime:0.032576s ]
INFO: [ view_parse ] --END-- [ RunTime:0.032633s ]
INFO: [ view_filter ] --START--
INFO: Run Behavior\WriteHtmlCacheBehavior [ RunTime:0.000634s ]
INFO: [ view_filter ] --END-- [ RunTime:0.000679s ]
INFO: [ app_end ] --START--
INFO: Run Behavior\ShowPageTraceBehavior [ RunTime:0.000820s ]
INFO: [ app_end ] --END-- [ RunTime:0.000867s ]

[ 2018-08-18T14:50:19+08:00 ] 127.0.0.1 /index.php/Admin/Goods/goodsAdd.html
INFO: [ app_init ] --START--
INFO: Run Behavior\BuildLiteBehavior [ RunTime:0.000016s ]
INFO: [ app_init ] --END-- [ RunTime:0.000475s ]
INFO: [ app_begin ] --START--
INFO: Run Behavior\ReadHtmlCacheBehavior [ RunTime:0.001079s ]
INFO: [ app_begin ] --END-- [ RunTime:0.001150s ]
SQL: SHOW COLUMNS FROM `ml_admin` [ RunTime:0.0160s ]
SQL: SHOW COLUMNS FROM `ml_admin` [ RunTime:0.0073s ]
SQL: SELECT `account`,`role` FROM `ml_admin` WHERE ( admin_id=1 ) LIMIT 1   [ RunTime:0.0002s ]
SQL: SHOW COLUMNS FROM `ml_goods` [ RunTime:0.0129s ]
NOTIC: [2] call_user_func() expects parameter 1 to be a valid callback, no array or string given D:\phpStudy\WWW\ml\ThinkPHP\Library\Think\Upload.class.php Á¨¨ 170 Ë°å.
NOTIC: [2] call_user_func() expects parameter 1 to be a valid callback, no array or string given D:\phpStudy\WWW\ml\ThinkPHP\Library\Think\Upload.class.php Á¨¨ 170 Ë°å.
SQL: SHOW COLUMNS FROM `ml_goods` [ RunTime:0.0088s ]
SQL: INSERT INTO `ml_goods` (`goods_id`,`name`,`price`,`sort`,`image`,`detail`,`addtime`) VALUES ('0','1','1','1','5b77c1abb0847.jpg','5b77c1abb12d7.jpg','1534575019') [ RunTime:0.0485s ]

[ 2018-08-18T14:50:19+08:00 ] 127.0.0.1 /index.php/Admin/Goods/goodsList.html
INFO: [ app_init ] --START--
INFO: Run Behavior\BuildLiteBehavior [ RunTime:0.000018s ]
INFO: [ app_init ] --END-- [ RunTime:0.000436s ]
INFO: [ app_begin ] --START--
INFO: Run Behavior\ReadHtmlCacheBehavior [ RunTime:0.000789s ]
INFO: [ app_begin ] --END-- [ RunTime:0.000850s ]
SQL: SHOW COLUMNS FROM `ml_admin` [ RunTime:0.0073s ]
SQL: SHOW COLUMNS FROM `ml_admin` [ RunTime:0.0081s ]
SQL: SELECT `account`,`role` FROM `ml_admin` WHERE ( admin_id=1 ) LIMIT 1   [ RunTime:0.0002s ]
SQL: SHOW COLUMNS FROM `ml_goods` [ RunTime:0.0073s ]
SQL: SHOW COLUMNS FROM `ml_goods` [ RunTime:0.0079s ]
SQL: SELECT COUNT(*) AS tp_count FROM `ml_goods` LIMIT 1   [ RunTime:0.0002s ]
SQL: SELECT * FROM `ml_goods` ORDER BY sort asc LIMIT 0,15   [ RunTime:0.0004s ]
INFO: [ view_parse ] --START--
INFO: [ template_filter ] --START--
INFO: Run Behavior\ContentReplaceBehavior [ RunTime:0.000078s ]
INFO: [ template_filter ] --END-- [ RunTime:0.000133s ]
INFO: Run Behavior\ParseTemplateBehavior [ RunTime:0.049682s ]
INFO: [ view_parse ] --END-- [ RunTime:0.049748s ]
INFO: [ view_filter ] --START--
INFO: Run Behavior\WriteHtmlCacheBehavior [ RunTime:0.000629s ]
INFO: [ view_filter ] --END-- [ RunTime:0.000672s ]
INFO: [ app_end ] --START--
INFO: Run Behavior\ShowPageTraceBehavior [ RunTime:0.001118s ]
INFO: [ app_end ] --END-- [ RunTime:0.001178s ]

[ 2018-08-18T14:50:40+08:00 ] 127.0.0.1 /index.php/Admin/Index/index.html
INFO: [ app_init ] --START--
INFO: Run Behavior\BuildLiteBehavior [ RunTime:0.000016s ]
INFO: [ app_init ] --END-- [ RunTime:0.000368s ]
INFO: [ app_begin ] --START--
INFO: Run Behavior\ReadHtmlCacheBehavior [ RunTime:0.000645s ]
INFO: [ app_begin ] --END-- [ RunTime:0.000700s ]
SQL: SHOW COLUMNS FROM `ml_admin` [ RunTime:0.0170s ]
SQL: SHOW COLUMNS FROM `ml_admin` [ RunTime:0.0096s ]
SQL: SELECT `account`,`role` FROM `ml_admin` WHERE ( admin_id=1 ) LIMIT 1   [ RunTime:0.0003s ]
INFO: [ view_parse ] --START--
INFO: [ template_filter ] --START--
INFO: Run Behavior\ContentReplaceBehavior [ RunTime:0.000083s ]
INFO: [ template_filter ] --END-- [ RunTime:0.000138s ]
INFO: Run Behavior\ParseTemplateBehavior [ RunTime:0.047883s ]
INFO: [ view_parse ] --END-- [ RunTime:0.047949s ]
INFO: [ view_filter ] --START--
INFO: Run Behavior\WriteHtmlCacheBehavior [ RunTime:0.000356s ]
INFO: [ view_filter ] --END-- [ RunTime:0.000400s ]
INFO: [ app_end ] --START--
INFO: Run Behavior\ShowPageTraceBehavior [ RunTime:0.001856s ]
INFO: [ app_end ] --END-- [ RunTime:0.001949s ]

[ 2018-08-18T14:50:44+08:00 ] 127.0.0.1 /index.php/Admin/Goods/goodsAdd.html
INFO: [ app_init ] --START--
INFO: Run Behavior\BuildLiteBehavior [ RunTime:0.000024s ]
INFO: [ app_init ] --END-- [ RunTime:0.000404s ]
INFO: [ app_begin ] --START--
INFO: Run Behavior\ReadHtmlCacheBehavior [ RunTime:0.000532s ]
INFO: [ app_begin ] --END-- [ RunTime:0.000583s ]
SQL: SHOW COLUMNS FROM `ml_admin` [ RunTime:0.0181s ]
SQL: SHOW COLUMNS FROM `ml_admin` [ RunTime:0.0097s ]
SQL: SELECT `account`,`role` FROM `ml_admin` WHERE ( admin_id=1 ) LIMIT 1   [ RunTime:0.0002s ]
SQL: SHOW COLUMNS FROM `ml_goods` [ RunTime:0.0149s ]
INFO: [ view_parse ] --START--
INFO: [ template_filter ] --START--
INFO: Run Behavior\ContentReplaceBehavior [ RunTime:0.000063s ]
INFO: [ template_filter ] --END-- [ RunTime:0.000124s ]
NOTIC: [8] Undefined variable: detail D:\phpStudy\WWW\ml\Application\Runtime\Cache\Admin\0625ccdd984322e27e52787535bec737.php Á¨¨ 28 Ë°å.
NOTIC: [8] Undefined variable: detail D:\phpStudy\WWW\ml\Application\Runtime\Cache\Admin\0625ccdd984322e27e52787535bec737.php Á¨¨ 35 Ë°å.
NOTIC: [8] Undefined variable: detail D:\phpStudy\WWW\ml\Application\Runtime\Cache\Admin\0625ccdd984322e27e52787535bec737.php Á¨¨ 39 Ë°å.
NOTIC: [8] Undefined variable: detail D:\phpStudy\WWW\ml\Application\Runtime\Cache\Admin\0625ccdd984322e27e52787535bec737.php Á¨¨ 45 Ë°å.
NOTIC: [8] Undefined variable: detail D:\phpStudy\WWW\ml\Application\Runtime\Cache\Admin\0625ccdd984322e27e52787535bec737.php Á¨¨ 51 Ë°å.
NOTIC: [8] Undefined variable: detail D:\phpStudy\WWW\ml\Application\Runtime\Cache\Admin\0625ccdd984322e27e52787535bec737.php Á¨¨ 55 Ë°å.
INFO: Run Behavior\ParseTemplateBehavior [ RunTime:0.028388s ]
INFO: [ view_parse ] --END-- [ RunTime:0.028447s ]
INFO: [ view_filter ] --START--
INFO: Run Behavior\WriteHtmlCacheBehavior [ RunTime:0.000303s ]
INFO: [ view_filter ] --END-- [ RunTime:0.000350s ]
INFO: [ app_end ] --START--
INFO: Run Behavior\ShowPageTraceBehavior [ RunTime:0.000617s ]
INFO: [ app_end ] --END-- [ RunTime:0.000737s ]

[ 2018-08-18T14:50:46+08:00 ] 127.0.0.1 /index.php/Admin/Goods/goodsList.html
INFO: [ app_init ] --START--
INFO: Run Behavior\BuildLiteBehavior [ RunTime:0.000019s ]
INFO: [ app_init ] --END-- [ RunTime:0.000398s ]
INFO: [ app_begin ] --START--
INFO: Run Behavior\ReadHtmlCacheBehavior [ RunTime:0.000572s ]
INFO: [ app_begin ] --END-- [ RunTime:0.000635s ]
SQL: SHOW COLUMNS FROM `ml_admin` [ RunTime:0.0275s ]
SQL: SHOW COLUMNS FROM `ml_admin` [ RunTime:0.0270s ]
SQL: SELECT `account`,`role` FROM `ml_admin` WHERE ( admin_id=1 ) LIMIT 1   [ RunTime:0.0003s ]
SQL: SHOW COLUMNS FROM `ml_goods` [ RunTime:0.0140s ]
SQL: SHOW COLUMNS FROM `ml_goods` [ RunTime:0.0079s ]
SQL: SELECT COUNT(*) AS tp_count FROM `ml_goods` LIMIT 1   [ RunTime:0.0005s ]
SQL: SELECT * FROM `ml_goods` ORDER BY sort asc LIMIT 0,15   [ RunTime:0.0005s ]
INFO: [ view_parse ] --START--
INFO: [ template_filter ] --START--
INFO: Run Behavior\ContentReplaceBehavior [ RunTime:0.000079s ]
INFO: [ template_filter ] --END-- [ RunTime:0.000137s ]
INFO: Run Behavior\ParseTemplateBehavior [ RunTime:0.061518s ]
INFO: [ view_parse ] --END-- [ RunTime:0.061590s ]
INFO: [ view_filter ] --START--
INFO: Run Behavior\WriteHtmlCacheBehavior [ RunTime:0.000324s ]
INFO: [ view_filter ] --END-- [ RunTime:0.000370s ]
INFO: [ app_end ] --START--
INFO: Run Behavior\ShowPageTraceBehavior [ RunTime:0.000860s ]
INFO: [ app_end ] --END-- [ RunTime:0.000952s ]

[ 2018-08-18T14:50:48+08:00 ] 127.0.0.1 /index.php/Admin/Goods/goodsAdd/goods_id/1.html
INFO: [ app_init ] --START--
INFO: Run Behavior\BuildLiteBehavior [ RunTime:0.000017s ]
INFO: [ app_init ] --END-- [ RunTime:0.000406s ]
INFO: [ app_begin ] --START--
INFO: Run Behavior\ReadHtmlCacheBehavior [ RunTime:0.000802s ]
INFO: [ app_begin ] --END-- [ RunTime:0.000854s ]
SQL: SHOW COLUMNS FROM `ml_admin` [ RunTime:0.0148s ]
SQL: SHOW COLUMNS FROM `ml_admin` [ RunTime:0.0154s ]
SQL: SELECT `account`,`role` FROM `ml_admin` WHERE ( admin_id=1 ) LIMIT 1   [ RunTime:0.0002s ]
SQL: SHOW COLUMNS FROM `ml_goods` [ RunTime:0.0108s ]
SQL: SHOW COLUMNS FROM `ml_goods` [ RunTime:0.0068s ]
SQL: SELECT * FROM `ml_goods` WHERE `goods_id` = 1 LIMIT 1   [ RunTime:0.0003s ]
INFO: [ view_parse ] --START--
INFO: [ template_filter ] --START--
INFO: Run Behavior\ContentReplaceBehavior [ RunTime:0.000058s ]
INFO: [ template_filter ] --END-- [ RunTime:0.000110s ]
INFO: Run Behavior\ParseTemplateBehavior [ RunTime:0.009554s ]
INFO: [ view_parse ] --END-- [ RunTime:0.009621s ]
INFO: [ view_filter ] --START--
INFO: Run Behavior\WriteHtmlCacheBehavior [ RunTime:0.000552s ]
INFO: [ view_filter ] --END-- [ RunTime:0.000596s ]
INFO: [ app_end ] --START--
INFO: Run Behavior\ShowPageTraceBehavior [ RunTime:0.000835s ]
INFO: [ app_end ] --END-- [ RunTime:0.000885s ]

[ 2018-08-18T14:51:27+08:00 ] 127.0.0.1 /index.php/Admin/Goods/goodsAdd/goods_id/1.html
INFO: [ app_init ] --START--
INFO: Run Behavior\BuildLiteBehavior [ RunTime:0.000019s ]
INFO: [ app_init ] --END-- [ RunTime:0.000496s ]
INFO: [ app_begin ] --START--
INFO: Run Behavior\ReadHtmlCacheBehavior [ RunTime:0.000820s ]
INFO: [ app_begin ] --END-- [ RunTime:0.000885s ]
SQL: SHOW COLUMNS FROM `ml_admin` [ RunTime:0.0162s ]
SQL: SHOW COLUMNS FROM `ml_admin` [ RunTime:0.0072s ]
SQL: SELECT `account`,`role` FROM `ml_admin` WHERE ( admin_id=1 ) LIMIT 1   [ RunTime:0.0002s ]
SQL: SHOW COLUMNS FROM `ml_goods` [ RunTime:0.0120s ]
SQL: SHOW COLUMNS FROM `ml_goods` [ RunTime:0.0083s ]
SQL: SELECT * FROM `ml_goods` WHERE `goods_id` = 1 LIMIT 1   [ RunTime:0.0005s ]
INFO: [ view_parse ] --START--
INFO: [ template_filter ] --START--
INFO: Run Behavior\ContentReplaceBehavior [ RunTime:0.000063s ]
INFO: [ template_filter ] --END-- [ RunTime:0.000119s ]
INFO: Run Behavior\ParseTemplateBehavior [ RunTime:0.026428s ]
INFO: [ view_parse ] --END-- [ RunTime:0.026498s ]
INFO: [ view_filter ] --START--
INFO: Run Behavior\WriteHtmlCacheBehavior [ RunTime:0.000525s ]
INFO: [ view_filter ] --END-- [ RunTime:0.000568s ]
INFO: [ app_end ] --START--
INFO: Run Behavior\ShowPageTraceBehavior [ RunTime:0.000782s ]
INFO: [ app_end ] --END-- [ RunTime:0.000827s ]

[ 2018-08-18T14:51:44+08:00 ] 127.0.0.1 /index.php/Admin/Goods/goodsAdd/goods_id/1.html
INFO: [ app_init ] --START--
INFO: Run Behavior\BuildLiteBehavior [ RunTime:0.000033s ]
INFO: [ app_init ] --END-- [ RunTime:0.000506s ]
INFO: [ app_begin ] --START--
INFO: Run Behavior\ReadHtmlCacheBehavior [ RunTime:0.000825s ]
INFO: [ app_begin ] --END-- [ RunTime:0.000884s ]
SQL: SHOW COLUMNS FROM `ml_admin` [ RunTime:0.0164s ]
SQL: SHOW COLUMNS FROM `ml_admin` [ RunTime:0.0085s ]
SQL: SELECT `account`,`role` FROM `ml_admin` WHERE ( admin_id=1 ) LIMIT 1   [ RunTime:0.0003s ]
SQL: SHOW COLUMNS FROM `ml_goods` [ RunTime:0.0152s ]
SQL: SHOW COLUMNS FROM `ml_goods` [ RunTime:0.0070s ]
SQL: SELECT * FROM `ml_goods` WHERE `goods_id` = 1 LIMIT 1   [ RunTime:0.0003s ]
INFO: [ view_parse ] --START--
INFO: [ template_filter ] --START--
INFO: Run Behavior\ContentReplaceBehavior [ RunTime:0.000060s ]
INFO: [ template_filter ] --END-- [ RunTime:0.000113s ]
INFO: Run Behavior\ParseTemplateBehavior [ RunTime:0.027531s ]
INFO: [ view_parse ] --END-- [ RunTime:0.027599s ]
INFO: [ view_filter ] --START--
INFO: Run Behavior\WriteHtmlCacheBehavior [ RunTime:0.000555s ]
INFO: [ view_filter ] --END-- [ RunTime:0.000599s ]
INFO: [ app_end ] --START--
INFO: Run Behavior\ShowPageTraceBehavior [ RunTime:0.000821s ]
INFO: [ app_end ] --END-- [ RunTime:0.000880s ]

[ 2018-08-18T14:51:52+08:00 ] 127.0.0.1 /index.php/Admin/Goods/goodsAdd/goods_id/1.html
INFO: [ app_init ] --START--
INFO: Run Behavior\BuildLiteBehavior [ RunTime:0.000016s ]
INFO: [ app_init ] --END-- [ RunTime:0.000445s ]
INFO: [ app_begin ] --START--
INFO: Run Behavior\ReadHtmlCacheBehavior [ RunTime:0.000907s ]
INFO: [ app_begin ] --END-- [ RunTime:0.000973s ]
SQL: SHOW COLUMNS FROM `ml_admin` [ RunTime:0.0149s ]
SQL: SHOW COLUMNS FROM `ml_admin` [ RunTime:0.0073s ]
SQL: SELECT `account`,`role` FROM `ml_admin` WHERE ( admin_id=1 ) LIMIT 1   [ RunTime:0.0002s ]
SQL: SHOW COLUMNS FROM `ml_goods` [ RunTime:0.0120s ]
SQL: SHOW COLUMNS FROM `ml_goods` [ RunTime:0.0077s ]
SQL: SELECT * FROM `ml_goods` WHERE `goods_id` = 1 LIMIT 1   [ RunTime:0.0003s ]
INFO: [ view_parse ] --START--
INFO: [ template_filter ] --START--
INFO: Run Behavior\ContentReplaceBehavior [ RunTime:0.000060s ]
INFO: [ template_filter ] --END-- [ RunTime:0.000115s ]
INFO: Run Behavior\ParseTemplateBehavior [ RunTime:0.025189s ]
INFO: [ view_parse ] --END-- [ RunTime:0.025256s ]
INFO: [ view_filter ] --START--
INFO: Run Behavior\WriteHtmlCacheBehavior [ RunTime:0.001117s ]
INFO: [ view_filter ] --END-- [ RunTime:0.001172s ]
INFO: [ app_end ] --START--
INFO: Run Behavior\ShowPageTraceBehavior [ RunTime:0.000921s ]
INFO: [ app_end ] --END-- [ RunTime:0.000979s ]

[ 2018-08-18T14:52:04+08:00 ] 127.0.0.1 /index.php/Admin/Goods/goodsAdd/goods_id/1.html
INFO: [ app_init ] --START--
INFO: Run Behavior\BuildLiteBehavior [ RunTime:0.000016s ]
INFO: [ app_init ] --END-- [ RunTime:0.000402s ]
INFO: [ app_begin ] --START--
INFO: Run Behavior\ReadHtmlCacheBehavior [ RunTime:0.001082s ]
INFO: [ app_begin ] --END-- [ RunTime:0.001145s ]
SQL: SHOW COLUMNS FROM `ml_admin` [ RunTime:0.0205s ]
SQL: SHOW COLUMNS FROM `ml_admin` [ RunTime:0.0076s ]
SQL: SELECT `account`,`role` FROM `ml_admin` WHERE ( admin_id=1 ) LIMIT 1   [ RunTime:0.0003s ]
SQL: SHOW COLUMNS FROM `ml_goods` [ RunTime:0.0121s ]
SQL: SHOW COLUMNS FROM `ml_goods` [ RunTime:0.0080s ]
SQL: SELECT * FROM `ml_goods` WHERE `goods_id` = 1 LIMIT 1   [ RunTime:0.0003s ]
INFO: [ view_parse ] --START--
INFO: [ template_filter ] --START--
INFO: Run Behavior\ContentReplaceBehavior [ RunTime:0.000061s ]
INFO: [ template_filter ] --END-- [ RunTime:0.000124s ]
INFO: Run Behavior\ParseTemplateBehavior [ RunTime:0.026368s ]
INFO: [ view_parse ] --END-- [ RunTime:0.026437s ]
INFO: [ view_filter ] --START--
INFO: Run Behavior\WriteHtmlCacheBehavior [ RunTime:0.000580s ]
INFO: [ view_filter ] --END-- [ RunTime:0.000624s ]
INFO: [ app_end ] --START--
INFO: Run Behavior\ShowPageTraceBehavior [ RunTime:0.000812s ]
INFO: [ app_end ] --END-- [ RunTime:0.000859s ]

[ 2018-08-18T14:53:24+08:00 ] 127.0.0.1 /index.php/Admin/Goods/goodsList.html
INFO: [ app_init ] --START--
INFO: Run Behavior\BuildLiteBehavior [ RunTime:0.000016s ]
INFO: [ app_init ] --END-- [ RunTime:0.000439s ]
INFO: [ app_begin ] --START--
INFO: Run Behavior\ReadHtmlCacheBehavior [ RunTime:0.000804s ]
INFO: [ app_begin ] --END-- [ RunTime:0.000858s ]
SQL: SHOW COLUMNS FROM `ml_admin` [ RunTime:0.0540s ]
SQL: SHOW COLUMNS FROM `ml_admin` [ RunTime:0.0071s ]
SQL: SELECT `account`,`role` FROM `ml_admin` WHERE ( admin_id=1 ) LIMIT 1   [ RunTime:0.0002s ]
SQL: SHOW COLUMNS FROM `ml_goods` [ RunTime:0.0126s ]
SQL: SHOW COLUMNS FROM `ml_goods` [ RunTime:0.0086s ]
SQL: SELECT COUNT(*) AS tp_count FROM `ml_goods` LIMIT 1   [ RunTime:0.0003s ]
SQL: SELECT * FROM `ml_goods` ORDER BY sort asc LIMIT 0,15   [ RunTime:0.0004s ]
INFO: [ view_parse ] --START--
INFO: [ template_filter ] --START--
INFO: Run Behavior\ContentReplaceBehavior [ RunTime:0.000100s ]
INFO: [ template_filter ] --END-- [ RunTime:0.000177s ]
INFO: Run Behavior\ParseTemplateBehavior [ RunTime:0.054027s ]
INFO: [ view_parse ] --END-- [ RunTime:0.054095s ]
INFO: [ view_filter ] --START--
INFO: Run Behavior\WriteHtmlCacheBehavior [ RunTime:0.000611s ]
INFO: [ view_filter ] --END-- [ RunTime:0.000654s ]
INFO: [ app_end ] --START--
INFO: Run Behavior\ShowPageTraceBehavior [ RunTime:0.001167s ]
INFO: [ app_end ] --END-- [ RunTime:0.001230s ]

[ 2018-08-18T14:55:33+08:00 ] 127.0.0.1 /index.php/Admin/Index/index.html
INFO: [ app_init ] --START--
INFO: Run Behavior\BuildLiteBehavior [ RunTime:0.000028s ]
INFO: [ app_init ] --END-- [ RunTime:0.000629s ]
INFO: [ app_begin ] --START--
INFO: Run Behavior\ReadHtmlCacheBehavior [ RunTime:0.001015s ]
INFO: [ app_begin ] --END-- [ RunTime:0.001128s ]
SQL: SHOW COLUMNS FROM `ml_admin` [ RunTime:0.0319s ]
SQL: SHOW COLUMNS FROM `ml_admin` [ RunTime:0.0079s ]
SQL: SELECT `account`,`role` FROM `ml_admin` WHERE ( admin_id=1 ) LIMIT 1   [ RunTime:0.0002s ]
INFO: [ view_parse ] --START--
INFO: [ template_filter ] --START--
INFO: Run Behavior\ContentReplaceBehavior [ RunTime:0.000116s ]
INFO: [ template_filter ] --END-- [ RunTime:0.000186s ]
INFO: Run Behavior\ParseTemplateBehavior [ RunTime:0.062786s ]
INFO: [ view_parse ] --END-- [ RunTime:0.062851s ]
INFO: [ view_filter ] --START--
INFO: Run Behavior\WriteHtmlCacheBehavior [ RunTime:0.000470s ]
INFO: [ view_filter ] --END-- [ RunTime:0.000514s ]
INFO: [ app_end ] --START--
INFO: Run Behavior\ShowPageTraceBehavior [ RunTime:0.001104s ]
INFO: [ app_end ] --END-- [ RunTime:0.001166s ]

[ 2018-08-18T14:55:40+08:00 ] 127.0.0.1 /index.php/Admin/Goods/goodsAdd.html
INFO: [ app_init ] --START--
INFO: Run Behavior\BuildLiteBehavior [ RunTime:0.000017s ]
INFO: [ app_init ] --END-- [ RunTime:0.000385s ]
INFO: [ app_begin ] --START--
INFO: Run Behavior\ReadHtmlCacheBehavior [ RunTime:0.001062s ]
INFO: [ app_begin ] --END-- [ RunTime:0.001138s ]
SQL: SHOW COLUMNS FROM `ml_admin` [ RunTime:0.0228s ]
SQL: SHOW COLUMNS FROM `ml_admin` [ RunTime:0.0085s ]
SQL: SELECT `account`,`role` FROM `ml_admin` WHERE ( admin_id=1 ) LIMIT 1   [ RunTime:0.0003s ]
SQL: SHOW COLUMNS FROM `ml_goods` [ RunTime:0.0141s ]
INFO: [ view_parse ] --START--
INFO: [ template_filter ] --START--
INFO: Run Behavior\ContentReplaceBehavior [ RunTime:0.000070s ]
INFO: [ template_filter ] --END-- [ RunTime:0.000137s ]
NOTIC: [8] Undefined variable: detail D:\phpStudy\WWW\ml\Application\Runtime\Cache\Admin\0625ccdd984322e27e52787535bec737.php Á¨¨ 28 Ë°å.
NOTIC: [8] Undefined variable: detail D:\phpStudy\WWW\ml\Application\Runtime\Cache\Admin\0625ccdd984322e27e52787535bec737.php Á¨¨ 35 Ë°å.
NOTIC: [8] Undefined variable: detail D:\phpStudy\WWW\ml\Application\Runtime\Cache\Admin\0625ccdd984322e27e52787535bec737.php Á¨¨ 40 Ë°å.
NOTIC: [8] Undefined variable: detail D:\phpStudy\WWW\ml\Application\Runtime\Cache\Admin\0625ccdd984322e27e52787535bec737.php Á¨¨ 46 Ë°å.
NOTIC: [8] Undefined variable: detail D:\phpStudy\WWW\ml\Application\Runtime\Cache\Admin\0625ccdd984322e27e52787535bec737.php Á¨¨ 51 Ë°å.
NOTIC: [8] Undefined variable: detail D:\phpStudy\WWW\ml\Application\Runtime\Cache\Admin\0625ccdd984322e27e52787535bec737.php Á¨¨ 55 Ë°å.
INFO: Run Behavior\ParseTemplateBehavior [ RunTime:0.010702s ]
INFO: [ view_parse ] --END-- [ RunTime:0.010759s ]
INFO: [ view_filter ] --START--
INFO: Run Behavior\WriteHtmlCacheBehavior [ RunTime:0.000352s ]
INFO: [ view_filter ] --END-- [ RunTime:0.000395s ]
INFO: [ app_end ] --START--
INFO: Run Behavior\ShowPageTraceBehavior [ RunTime:0.000623s ]
INFO: [ app_end ] --END-- [ RunTime:0.000667s ]

[ 2018-08-18T14:55:49+08:00 ] 127.0.0.1 /index.php/Admin/Goods/goodsAdd.html
INFO: [ app_init ] --START--
INFO: Run Behavior\BuildLiteBehavior [ RunTime:0.000018s ]
INFO: [ app_init ] --END-- [ RunTime:0.000414s ]
INFO: [ app_begin ] --START--
INFO: Run Behavior\ReadHtmlCacheBehavior [ RunTime:0.000535s ]
INFO: [ app_begin ] --END-- [ RunTime:0.000589s ]
SQL: SHOW COLUMNS FROM `ml_admin` [ RunTime:0.0175s ]
SQL: SHOW COLUMNS FROM `ml_admin` [ RunTime:0.0096s ]
SQL: SELECT `account`,`role` FROM `ml_admin` WHERE ( admin_id=1 ) LIMIT 1   [ RunTime:0.0003s ]
SQL: SHOW COLUMNS FROM `ml_goods` [ RunTime:0.0211s ]
NOTIC: [2] call_user_func() expects parameter 1 to be a valid callback, no array or string given D:\phpStudy\WWW\ml\ThinkPHP\Library\Think\Upload.class.php Á¨¨ 170 Ë°å.
NOTIC: [2] call_user_func() expects parameter 1 to be a valid callback, no array or string given D:\phpStudy\WWW\ml\ThinkPHP\Library\Think\Upload.class.php Á¨¨ 170 Ë°å.
SQL: SHOW COLUMNS FROM `ml_goods` [ RunTime:0.0454s ]
SQL: INSERT INTO `ml_goods` (`goods_id`,`name`,`price`,`sort`,`image`,`detail`,`addtime`) VALUES ('0','1','23','23','5b77c2f4f05e5.jpg','5b77c2f5021e9.jpg','1534575349') [ RunTime:0.0314s ]

[ 2018-08-18T14:55:49+08:00 ] 127.0.0.1 /index.php/Admin/Goods/goodsList.html
INFO: [ app_init ] --START--
INFO: Run Behavior\BuildLiteBehavior [ RunTime:0.000018s ]
INFO: [ app_init ] --END-- [ RunTime:0.000673s ]
INFO: [ app_begin ] --START--
INFO: Run Behavior\ReadHtmlCacheBehavior [ RunTime:0.001514s ]
INFO: [ app_begin ] --END-- [ RunTime:0.001576s ]
SQL: SHOW COLUMNS FROM `ml_admin` [ RunTime:0.0142s ]
SQL: SHOW COLUMNS FROM `ml_admin` [ RunTime:0.0086s ]
SQL: SELECT `account`,`role` FROM `ml_admin` WHERE ( admin_id=1 ) LIMIT 1   [ RunTime:0.0002s ]
SQL: SHOW COLUMNS FROM `ml_goods` [ RunTime:0.0075s ]
SQL: SHOW COLUMNS FROM `ml_goods` [ RunTime:0.0082s ]
SQL: SELECT COUNT(*) AS tp_count FROM `ml_goods` LIMIT 1   [ RunTime:0.0002s ]
SQL: SELECT * FROM `ml_goods` ORDER BY sort asc LIMIT 0,15   [ RunTime:0.0004s ]
INFO: [ view_parse ] --START--
INFO: [ template_filter ] --START--
INFO: Run Behavior\ContentReplaceBehavior [ RunTime:0.000091s ]
INFO: [ template_filter ] --END-- [ RunTime:0.000164s ]
INFO: Run Behavior\ParseTemplateBehavior [ RunTime:0.052446s ]
INFO: [ view_parse ] --END-- [ RunTime:0.052513s ]
INFO: [ view_filter ] --START--
INFO: Run Behavior\WriteHtmlCacheBehavior [ RunTime:0.001233s ]
INFO: [ view_filter ] --END-- [ RunTime:0.001276s ]
INFO: [ app_end ] --START--
INFO: Run Behavior\ShowPageTraceBehavior [ RunTime:0.003368s ]
INFO: [ app_end ] --END-- [ RunTime:0.003459s ]

[ 2018-08-18T14:56:04+08:00 ] 127.0.0.1 /index.php/Admin/Goods/goodsList.html
INFO: [ app_init ] --START--
INFO: Run Behavior\BuildLiteBehavior [ RunTime:0.000027s ]
INFO: [ app_init ] --END-- [ RunTime:0.001976s ]
INFO: [ app_begin ] --START--
INFO: Run Behavior\ReadHtmlCacheBehavior [ RunTime:0.000854s ]
INFO: [ app_begin ] --END-- [ RunTime:0.000922s ]
SQL: SHOW COLUMNS FROM `ml_admin` [ RunTime:0.0400s ]
SQL: SHOW COLUMNS FROM `ml_admin` [ RunTime:0.0076s ]
SQL: SELECT `account`,`role` FROM `ml_admin` WHERE ( admin_id=1 ) LIMIT 1   [ RunTime:0.0002s ]
SQL: SHOW COLUMNS FROM `ml_goods` [ RunTime:0.0114s ]
SQL: SHOW COLUMNS FROM `ml_goods` [ RunTime:0.0142s ]
SQL: SELECT COUNT(*) AS tp_count FROM `ml_goods` WHERE `name` = '1' LIMIT 1   [ RunTime:0.0003s ]
SQL: SELECT * FROM `ml_goods` WHERE `name` = '1' ORDER BY sort asc LIMIT 0,15   [ RunTime:0.0003s ]
INFO: [ view_parse ] --START--
INFO: [ template_filter ] --START--
INFO: Run Behavior\ContentReplaceBehavior [ RunTime:0.000099s ]
INFO: [ template_filter ] --END-- [ RunTime:0.000178s ]
INFO: Run Behavior\ParseTemplateBehavior [ RunTime:0.095410s ]
INFO: [ view_parse ] --END-- [ RunTime:0.095474s ]
INFO: [ view_filter ] --START--
INFO: Run Behavior\WriteHtmlCacheBehavior [ RunTime:0.000540s ]
INFO: [ view_filter ] --END-- [ RunTime:0.000584s ]
INFO: [ app_end ] --START--
INFO: Run Behavior\ShowPageTraceBehavior [ RunTime:0.002180s ]
INFO: [ app_end ] --END-- [ RunTime:0.002339s ]

[ 2018-08-18T15:20:21+08:00 ] 127.0.0.1 /index.php/Admin/Index/index.html
INFO: [ app_init ] --START--
INFO: Run Behavior\BuildLiteBehavior [ RunTime:0.000027s ]
INFO: [ app_init ] --END-- [ RunTime:0.000793s ]
INFO: [ app_begin ] --START--
INFO: Run Behavior\ReadHtmlCacheBehavior [ RunTime:0.001120s ]
INFO: [ app_begin ] --END-- [ RunTime:0.001209s ]
ERR: SQLSTATE[HY000] [1045] Access denied for user 'root'@'localhost' (using password: YES)

[ 2018-08-18T15:20:40+08:00 ] 127.0.0.1 /index.php/Admin/Index/index.html
INFO: [ app_init ] --START--
INFO: Run Behavior\BuildLiteBehavior [ RunTime:0.000018s ]
INFO: [ app_init ] --END-- [ RunTime:0.000481s ]
INFO: [ app_begin ] --START--
INFO: Run Behavior\ReadHtmlCacheBehavior [ RunTime:0.000895s ]
INFO: [ app_begin ] --END-- [ RunTime:0.000959s ]
ERR: SQLSTATE[HY000] [1045] Access denied for user 'root'@'localhost' (using password: YES)

[ 2018-08-18T15:20:41+08:00 ] 127.0.0.1 /index.php/Admin/Index/index.html
INFO: [ app_init ] --START--
INFO: Run Behavior\BuildLiteBehavior [ RunTime:0.000019s ]
INFO: [ app_init ] --END-- [ RunTime:0.000445s ]
INFO: [ app_begin ] --START--
INFO: Run Behavior\ReadHtmlCacheBehavior [ RunTime:0.001074s ]
INFO: [ app_begin ] --END-- [ RunTime:0.001154s ]
ERR: SQLSTATE[HY000] [1045] Access denied for user 'root'@'localhost' (using password: YES)

[ 2018-08-18T15:20:47+08:00 ] 127.0.0.1 /index.php/Admin/Index/index.html
INFO: [ app_init ] --START--
INFO: Run Behavior\BuildLiteBehavior [ RunTime:0.000021s ]
INFO: [ app_init ] --END-- [ RunTime:0.000574s ]
INFO: [ app_begin ] --START--
INFO: Run Behavior\ReadHtmlCacheBehavior [ RunTime:0.001109s ]
INFO: [ app_begin ] --END-- [ RunTime:0.001206s ]
SQL: SHOW COLUMNS FROM `ml_admin` [ RunTime:0.0181s ]
SQL: SHOW COLUMNS FROM `ml_admin` [ RunTime:0.0071s ]
SQL: SELECT `account`,`role` FROM `ml_admin` WHERE ( admin_id=1 ) LIMIT 1   [ RunTime:0.0006s ]
INFO: [ view_parse ] --START--
INFO: [ template_filter ] --START--
INFO: Run Behavior\ContentReplaceBehavior [ RunTime:0.000086s ]
INFO: [ template_filter ] --END-- [ RunTime:0.000144s ]
INFO: Run Behavior\ParseTemplateBehavior [ RunTime:0.055451s ]
INFO: [ view_parse ] --END-- [ RunTime:0.055520s ]
INFO: [ view_filter ] --START--
INFO: Run Behavior\WriteHtmlCacheBehavior [ RunTime:0.000527s ]
INFO: [ view_filter ] --END-- [ RunTime:0.000571s ]
INFO: [ app_end ] --START--
INFO: Run Behavior\ShowPageTraceBehavior [ RunTime:0.001336s ]
INFO: [ app_end ] --END-- [ RunTime:0.001404s ]

[ 2018-08-18T15:20:51+08:00 ] 127.0.0.1 /index.php/Admin/Goods/goodsAdd.html
INFO: [ app_init ] --START--
INFO: Run Behavior\BuildLiteBehavior [ RunTime:0.000017s ]
INFO: [ app_init ] --END-- [ RunTime:0.000432s ]
INFO: [ app_begin ] --START--
INFO: Run Behavior\ReadHtmlCacheBehavior [ RunTime:0.000982s ]
INFO: [ app_begin ] --END-- [ RunTime:0.001047s ]
SQL: SHOW COLUMNS FROM `ml_admin` [ RunTime:0.0373s ]
SQL: SHOW COLUMNS FROM `ml_admin` [ RunTime:0.0078s ]
SQL: SELECT `account`,`role` FROM `ml_admin` WHERE ( admin_id=1 ) LIMIT 1   [ RunTime:0.0003s ]
SQL: SHOW COLUMNS FROM `ml_goods` [ RunTime:0.0171s ]
INFO: [ view_parse ] --START--
INFO: [ template_filter ] --START--
INFO: Run Behavior\ContentReplaceBehavior [ RunTime:0.000061s ]
INFO: [ template_filter ] --END-- [ RunTime:0.000122s ]
NOTIC: [8] Undefined variable: detail D:\phpStudy\WWW\ml\Application\Runtime\Cache\Admin\0625ccdd984322e27e52787535bec737.php Á¨¨ 28 Ë°å.
NOTIC: [8] Undefined variable: detail D:\phpStudy\WWW\ml\Application\Runtime\Cache\Admin\0625ccdd984322e27e52787535bec737.php Á¨¨ 35 Ë°å.
NOTIC: [8] Undefined variable: detail D:\phpStudy\WWW\ml\Application\Runtime\Cache\Admin\0625ccdd984322e27e52787535bec737.php Á¨¨ 40 Ë°å.
NOTIC: [8] Undefined variable: detail D:\phpStudy\WWW\ml\Application\Runtime\Cache\Admin\0625ccdd984322e27e52787535bec737.php Á¨¨ 46 Ë°å.
NOTIC: [8] Undefined variable: detail D:\phpStudy\WWW\ml\Application\Runtime\Cache\Admin\0625ccdd984322e27e52787535bec737.php Á¨¨ 51 Ë°å.
NOTIC: [8] Undefined variable: detail D:\phpStudy\WWW\ml\Application\Runtime\Cache\Admin\0625ccdd984322e27e52787535bec737.php Á¨¨ 55 Ë°å.
INFO: Run Behavior\ParseTemplateBehavior [ RunTime:0.010522s ]
INFO: [ view_parse ] --END-- [ RunTime:0.010582s ]
INFO: [ view_filter ] --START--
INFO: Run Behavior\WriteHtmlCacheBehavior [ RunTime:0.000521s ]
INFO: [ view_filter ] --END-- [ RunTime:0.000565s ]
INFO: [ app_end ] --START--
INFO: Run Behavior\ShowPageTraceBehavior [ RunTime:0.000773s ]
INFO: [ app_end ] --END-- [ RunTime:0.000847s ]

[ 2018-08-18T15:20:52+08:00 ] 127.0.0.1 /index.php/Admin/Goods/goodsList.html
INFO: [ app_init ] --START--
INFO: Run Behavior\BuildLiteBehavior [ RunTime:0.000017s ]
INFO: [ app_init ] --END-- [ RunTime:0.000428s ]
INFO: [ app_begin ] --START--
INFO: Run Behavior\ReadHtmlCacheBehavior [ RunTime:0.000792s ]
INFO: [ app_begin ] --END-- [ RunTime:0.000845s ]
SQL: SHOW COLUMNS FROM `ml_admin` [ RunTime:0.0179s ]
SQL: SHOW COLUMNS FROM `ml_admin` [ RunTime:0.0095s ]
SQL: SELECT `account`,`role` FROM `ml_admin` WHERE ( admin_id=1 ) LIMIT 1   [ RunTime:0.0002s ]
SQL: SHOW COLUMNS FROM `ml_goods` [ RunTime:0.0133s ]
SQL: SHOW COLUMNS FROM `ml_goods` [ RunTime:0.0073s ]
SQL: SELECT COUNT(*) AS tp_count FROM `ml_goods` LIMIT 1   [ RunTime:0.0003s ]
SQL: SELECT * FROM `ml_goods` ORDER BY sort asc LIMIT 0,15   [ RunTime:0.0003s ]
INFO: [ view_parse ] --START--
INFO: [ template_filter ] --START--
INFO: Run Behavior\ContentReplaceBehavior [ RunTime:0.000078s ]
INFO: [ template_filter ] --END-- [ RunTime:0.000138s ]
INFO: Run Behavior\ParseTemplateBehavior [ RunTime:0.056365s ]
INFO: [ view_parse ] --END-- [ RunTime:0.056443s ]
INFO: [ view_filter ] --START--
INFO: Run Behavior\WriteHtmlCacheBehavior [ RunTime:0.000735s ]
INFO: [ view_filter ] --END-- [ RunTime:0.000783s ]
INFO: [ app_end ] --START--
INFO: Run Behavior\ShowPageTraceBehavior [ RunTime:0.001356s ]
INFO: [ app_end ] --END-- [ RunTime:0.001426s ]

[ 2018-08-18T15:23:57+08:00 ] 127.0.0.1 /index.php/Admin/Goods/goodsList.html
INFO: [ app_init ] --START--
INFO: Run Behavior\BuildLiteBehavior [ RunTime:0.000016s ]
INFO: [ app_init ] --END-- [ RunTime:0.000415s ]
INFO: [ app_begin ] --START--
INFO: Run Behavior\ReadHtmlCacheBehavior [ RunTime:0.000635s ]
INFO: [ app_begin ] --END-- [ RunTime:0.000686s ]
SQL: SHOW COLUMNS FROM `ml_admin` [ RunTime:0.0163s ]
SQL: SHOW COLUMNS FROM `ml_admin` [ RunTime:0.0070s ]
SQL: SELECT `account`,`role` FROM `ml_admin` WHERE ( admin_id=1 ) LIMIT 1   [ RunTime:0.0003s ]
SQL: SHOW COLUMNS FROM `ml_goods` [ RunTime:0.0108s ]
SQL: SHOW COLUMNS FROM `ml_goods` [ RunTime:0.0088s ]
SQL: SELECT COUNT(*) AS tp_count FROM `ml_goods` LIMIT 1   [ RunTime:0.0003s ]
SQL: SELECT * FROM `ml_goods` ORDER BY sort asc LIMIT 0,15   [ RunTime:0.0003s ]
INFO: [ view_parse ] --START--
INFO: [ template_filter ] --START--
INFO: Run Behavior\ContentReplaceBehavior [ RunTime:0.000082s ]
INFO: [ template_filter ] --END-- [ RunTime:0.000136s ]
INFO: Run Behavior\ParseTemplateBehavior [ RunTime:0.047729s ]
INFO: [ view_parse ] --END-- [ RunTime:0.047802s ]
INFO: [ view_filter ] --START--
INFO: Run Behavior\WriteHtmlCacheBehavior [ RunTime:0.000374s ]
INFO: [ view_filter ] --END-- [ RunTime:0.000418s ]
INFO: [ app_end ] --START--
INFO: Run Behavior\ShowPageTraceBehavior [ RunTime:0.003325s ]
INFO: [ app_end ] --END-- [ RunTime:0.003398s ]

[ 2018-08-18T15:24:07+08:00 ] 127.0.0.1 /index.php/Admin/Goods/goodsList.html
INFO: [ app_init ] --START--
INFO: Run Behavior\BuildLiteBehavior [ RunTime:0.000016s ]
INFO: [ app_init ] --END-- [ RunTime:0.000405s ]
INFO: [ app_begin ] --START--
INFO: Run Behavior\ReadHtmlCacheBehavior [ RunTime:0.000986s ]
INFO: [ app_begin ] --END-- [ RunTime:0.001052s ]
SQL: SHOW COLUMNS FROM `ml_admin` [ RunTime:0.0165s ]
SQL: SHOW COLUMNS FROM `ml_admin` [ RunTime:0.0079s ]
SQL: SELECT `account`,`role` FROM `ml_admin` WHERE ( admin_id=1 ) LIMIT 1   [ RunTime:0.0002s ]
SQL: SHOW COLUMNS FROM `ml_goods` [ RunTime:0.0118s ]
SQL: SHOW COLUMNS FROM `ml_goods` [ RunTime:0.0072s ]
SQL: SELECT COUNT(*) AS tp_count FROM `ml_goods` LIMIT 1   [ RunTime:0.0003s ]
SQL: SELECT * FROM `ml_goods` ORDER BY sort asc LIMIT 0,15   [ RunTime:0.0003s ]
INFO: [ view_parse ] --START--
INFO: [ template_filter ] --START--
INFO: Run Behavior\ContentReplaceBehavior [ RunTime:0.000081s ]
INFO: [ template_filter ] --END-- [ RunTime:0.000138s ]
INFO: Run Behavior\ParseTemplateBehavior [ RunTime:0.051812s ]
INFO: [ view_parse ] --END-- [ RunTime:0.051877s ]
INFO: [ view_filter ] --START--
INFO: Run Behavior\WriteHtmlCacheBehavior [ RunTime:0.000563s ]
INFO: [ view_filter ] --END-- [ RunTime:0.000608s ]
INFO: [ app_end ] --START--
INFO: Run Behavior\ShowPageTraceBehavior [ RunTime:0.001167s ]
INFO: [ app_end ] --END-- [ RunTime:0.001250s ]

[ 2018-08-18T15:26:40+08:00 ] 127.0.0.1 /index.php/Admin/Goods/goodsList.html
INFO: [ app_init ] --START--
INFO: Run Behavior\BuildLiteBehavior [ RunTime:0.000015s ]
INFO: [ app_init ] --END-- [ RunTime:0.000405s ]
INFO: [ app_begin ] --START--
INFO: Run Behavior\ReadHtmlCacheBehavior [ RunTime:0.000624s ]
INFO: [ app_begin ] --END-- [ RunTime:0.000676s ]
SQL: SHOW COLUMNS FROM `ml_admin` [ RunTime:0.0159s ]
SQL: SHOW COLUMNS FROM `ml_admin` [ RunTime:0.0093s ]
SQL: SELECT `account`,`role` FROM `ml_admin` WHERE ( admin_id=1 ) LIMIT 1   [ RunTime:0.0003s ]
SQL: SHOW COLUMNS FROM `ml_goods` [ RunTime:0.0125s ]
SQL: SHOW COLUMNS FROM `ml_goods` [ RunTime:0.0074s ]
SQL: SELECT COUNT(*) AS tp_count FROM `ml_goods` LIMIT 1   [ RunTime:0.0003s ]
SQL: SELECT * FROM `ml_goods` ORDER BY sort asc LIMIT 0,15   [ RunTime:0.0003s ]
INFO: [ view_parse ] --START--
INFO: [ template_filter ] --START--
INFO: Run Behavior\ContentReplaceBehavior [ RunTime:0.000098s ]
INFO: [ template_filter ] --END-- [ RunTime:0.000178s ]
INFO: Run Behavior\ParseTemplateBehavior [ RunTime:0.051558s ]
INFO: [ view_parse ] --END-- [ RunTime:0.051634s ]
INFO: [ view_filter ] --START--
INFO: Run Behavior\WriteHtmlCacheBehavior [ RunTime:0.000588s ]
INFO: [ view_filter ] --END-- [ RunTime:0.000649s ]
INFO: [ app_end ] --START--
INFO: Run Behavior\ShowPageTraceBehavior [ RunTime:0.000827s ]
INFO: [ app_end ] --END-- [ RunTime:0.001014s ]

[ 2018-08-18T15:28:43+08:00 ] 127.0.0.1 /index.php/Admin/Goods/goodsList.html
INFO: [ app_init ] --START--
INFO: Run Behavior\BuildLiteBehavior [ RunTime:0.000017s ]
INFO: [ app_init ] --END-- [ RunTime:0.000444s ]
INFO: [ app_begin ] --START--
INFO: Run Behavior\ReadHtmlCacheBehavior [ RunTime:0.000836s ]
INFO: [ app_begin ] --END-- [ RunTime:0.000889s ]
SQL: SHOW COLUMNS FROM `ml_admin` [ RunTime:0.0159s ]
SQL: SHOW COLUMNS FROM `ml_admin` [ RunTime:0.0684s ]
SQL: SELECT `account`,`role` FROM `ml_admin` WHERE ( admin_id=1 ) LIMIT 1   [ RunTime:0.0003s ]
SQL: SHOW COLUMNS FROM `ml_goods` [ RunTime:0.0117s ]
SQL: SHOW COLUMNS FROM `ml_goods` [ RunTime:0.0068s ]
NOTIC: [8] Undefined variable: order D:\phpStudy\WWW\ml\Application\Admin\Logic\GoodsLogic.class.php Á¨¨ 32 Ë°å.
SQL: SELECT COUNT(*) AS tp_count FROM `ml_goods` LIMIT 1   [ RunTime:0.0003s ]
SQL: SELECT * FROM `ml_goods` ORDER BY sort asc LIMIT 0,15   [ RunTime:0.0003s ]
INFO: [ view_parse ] --START--
INFO: [ template_filter ] --START--
INFO: Run Behavior\ContentReplaceBehavior [ RunTime:0.000081s ]
INFO: [ template_filter ] --END-- [ RunTime:0.000138s ]
INFO: Run Behavior\ParseTemplateBehavior [ RunTime:0.048236s ]
INFO: [ view_parse ] --END-- [ RunTime:0.048301s ]
INFO: [ view_filter ] --START--
INFO: Run Behavior\WriteHtmlCacheBehavior [ RunTime:0.000586s ]
INFO: [ view_filter ] --END-- [ RunTime:0.000629s ]
INFO: [ app_end ] --START--
INFO: Run Behavior\ShowPageTraceBehavior [ RunTime:0.001244s ]
INFO: [ app_end ] --END-- [ RunTime:0.001311s ]

[ 2018-08-18T15:28:48+08:00 ] 127.0.0.1 /index.php/Admin/Goods/goodsList.html
INFO: [ app_init ] --START--
INFO: Run Behavior\BuildLiteBehavior [ RunTime:0.000017s ]
INFO: [ app_init ] --END-- [ RunTime:0.000417s ]
INFO: [ app_begin ] --START--
INFO: Run Behavior\ReadHtmlCacheBehavior [ RunTime:0.000846s ]
INFO: [ app_begin ] --END-- [ RunTime:0.000905s ]
SQL: SHOW COLUMNS FROM `ml_admin` [ RunTime:0.0154s ]
SQL: SHOW COLUMNS FROM `ml_admin` [ RunTime:0.0076s ]
SQL: SELECT `account`,`role` FROM `ml_admin` WHERE ( admin_id=1 ) LIMIT 1   [ RunTime:0.0003s ]
SQL: SHOW COLUMNS FROM `ml_goods` [ RunTime:0.0108s ]
SQL: SHOW COLUMNS FROM `ml_goods` [ RunTime:0.0074s ]
SQL: SELECT COUNT(*) AS tp_count FROM `ml_goods` WHERE `sort` = 1 LIMIT 1   [ RunTime:0.0003s ]
SQL: SELECT * FROM `ml_goods` WHERE `sort` = 1 ORDER BY sort asc LIMIT 0,15   [ RunTime:0.0003s ]
INFO: [ view_parse ] --START--
INFO: [ template_filter ] --START--
INFO: Run Behavior\ContentReplaceBehavior [ RunTime:0.000086s ]
INFO: [ template_filter ] --END-- [ RunTime:0.000223s ]
INFO: Run Behavior\ParseTemplateBehavior [ RunTime:0.047739s ]
INFO: [ view_parse ] --END-- [ RunTime:0.047804s ]
INFO: [ view_filter ] --START--
INFO: Run Behavior\WriteHtmlCacheBehavior [ RunTime:0.000522s ]
INFO: [ view_filter ] --END-- [ RunTime:0.000566s ]
INFO: [ app_end ] --START--
INFO: Run Behavior\ShowPageTraceBehavior [ RunTime:0.001300s ]
INFO: [ app_end ] --END-- [ RunTime:0.001362s ]

[ 2018-08-18T15:28:51+08:00 ] 127.0.0.1 /index.php/Admin/Goods/goodsList.html
INFO: [ app_init ] --START--
INFO: Run Behavior\BuildLiteBehavior [ RunTime:0.000024s ]
INFO: [ app_init ] --END-- [ RunTime:0.000456s ]
INFO: [ app_begin ] --START--
INFO: Run Behavior\ReadHtmlCacheBehavior [ RunTime:0.000806s ]
INFO: [ app_begin ] --END-- [ RunTime:0.000862s ]
SQL: SHOW COLUMNS FROM `ml_admin` [ RunTime:0.0162s ]
SQL: SHOW COLUMNS FROM `ml_admin` [ RunTime:0.0076s ]
SQL: SELECT `account`,`role` FROM `ml_admin` WHERE ( admin_id=1 ) LIMIT 1   [ RunTime:0.0003s ]
SQL: SHOW COLUMNS FROM `ml_goods` [ RunTime:0.0110s ]
SQL: SHOW COLUMNS FROM `ml_goods` [ RunTime:0.0069s ]
NOTIC: [8] Undefined variable: order D:\phpStudy\WWW\ml\Application\Admin\Logic\GoodsLogic.class.php Á¨¨ 32 Ë°å.
SQL: SELECT COUNT(*) AS tp_count FROM `ml_goods` LIMIT 1   [ RunTime:0.0004s ]
SQL: SELECT * FROM `ml_goods` ORDER BY sort asc LIMIT 0,15   [ RunTime:0.0003s ]
INFO: [ view_parse ] --START--
INFO: [ template_filter ] --START--
INFO: Run Behavior\ContentReplaceBehavior [ RunTime:0.000079s ]
INFO: [ template_filter ] --END-- [ RunTime:0.000137s ]
INFO: Run Behavior\ParseTemplateBehavior [ RunTime:0.046843s ]
INFO: [ view_parse ] --END-- [ RunTime:0.046908s ]
INFO: [ view_filter ] --START--
INFO: Run Behavior\WriteHtmlCacheBehavior [ RunTime:0.000518s ]
INFO: [ view_filter ] --END-- [ RunTime:0.000567s ]
INFO: [ app_end ] --START--
INFO: Run Behavior\ShowPageTraceBehavior [ RunTime:0.001104s ]
INFO: [ app_end ] --END-- [ RunTime:0.001168s ]

[ 2018-08-18T15:28:59+08:00 ] 127.0.0.1 /index.php/Admin/Goods/goodsList.html
INFO: [ app_init ] --START--
INFO: Run Behavior\BuildLiteBehavior [ RunTime:0.000019s ]
INFO: [ app_init ] --END-- [ RunTime:0.000510s ]
INFO: [ app_begin ] --START--
INFO: Run Behavior\ReadHtmlCacheBehavior [ RunTime:0.000800s ]
INFO: [ app_begin ] --END-- [ RunTime:0.000856s ]
SQL: SHOW COLUMNS FROM `ml_admin` [ RunTime:0.0168s ]
SQL: SHOW COLUMNS FROM `ml_admin` [ RunTime:0.0070s ]
SQL: SELECT `account`,`role` FROM `ml_admin` WHERE ( admin_id=1 ) LIMIT 1   [ RunTime:0.0003s ]
SQL: SHOW COLUMNS FROM `ml_goods` [ RunTime:0.0121s ]
SQL: SHOW COLUMNS FROM `ml_goods` [ RunTime:0.0084s ]
SQL: SELECT COUNT(*) AS tp_count FROM `ml_goods` WHERE `sort` = 2 LIMIT 1   [ RunTime:0.0003s ]
SQL: SELECT * FROM `ml_goods` WHERE `sort` = 2 ORDER BY sell asc LIMIT 0,15   [ RunTime:0.0003s ]
INFO: [ view_parse ] --START--
INFO: [ template_filter ] --START--
INFO: Run Behavior\ContentReplaceBehavior [ RunTime:0.000080s ]
INFO: [ template_filter ] --END-- [ RunTime:0.000136s ]
INFO: Run Behavior\ParseTemplateBehavior [ RunTime:0.048012s ]
INFO: [ view_parse ] --END-- [ RunTime:0.048076s ]
INFO: [ view_filter ] --START--
INFO: Run Behavior\WriteHtmlCacheBehavior [ RunTime:0.000532s ]
INFO: [ view_filter ] --END-- [ RunTime:0.000575s ]
INFO: [ app_end ] --START--
INFO: Run Behavior\ShowPageTraceBehavior [ RunTime:0.001165s ]
INFO: [ app_end ] --END-- [ RunTime:0.001229s ]

[ 2018-08-18T15:29:36+08:00 ] 127.0.0.1 /index.php/Admin/Goods/goodsList.html
INFO: [ app_init ] --START--
INFO: Run Behavior\BuildLiteBehavior [ RunTime:0.000018s ]
INFO: [ app_init ] --END-- [ RunTime:0.000450s ]
INFO: [ app_begin ] --START--
INFO: Run Behavior\ReadHtmlCacheBehavior [ RunTime:0.000884s ]
INFO: [ app_begin ] --END-- [ RunTime:0.000950s ]
SQL: SHOW COLUMNS FROM `ml_admin` [ RunTime:0.0154s ]
SQL: SHOW COLUMNS FROM `ml_admin` [ RunTime:0.0069s ]
SQL: SELECT `account`,`role` FROM `ml_admin` WHERE ( admin_id=1 ) LIMIT 1   [ RunTime:0.0003s ]
SQL: SHOW COLUMNS FROM `ml_goods` [ RunTime:0.0116s ]
SQL: SHOW COLUMNS FROM `ml_goods` [ RunTime:0.0077s ]
NOTIC: [8] Undefined variable: map D:\phpStudy\WWW\ml\Application\Admin\Logic\GoodsLogic.class.php Á¨¨ 33 Ë°å.
NOTIC: [2] array_filter() expects parameter 1 to be array, null given D:\phpStudy\WWW\ml\Application\Admin\Logic\GoodsLogic.class.php Á¨¨ 33 Ë°å.
SQL: SELECT COUNT(*) AS tp_count FROM `ml_goods` LIMIT 1   [ RunTime:0.0003s ]
SQL: SELECT * FROM `ml_goods` ORDER BY sell asc LIMIT 0,15   [ RunTime:0.0003s ]
INFO: [ view_parse ] --START--
INFO: [ template_filter ] --START--
INFO: Run Behavior\ContentReplaceBehavior [ RunTime:0.000088s ]
INFO: [ template_filter ] --END-- [ RunTime:0.000150s ]
INFO: Run Behavior\ParseTemplateBehavior [ RunTime:0.053592s ]
INFO: [ view_parse ] --END-- [ RunTime:0.053657s ]
INFO: [ view_filter ] --START--
INFO: Run Behavior\WriteHtmlCacheBehavior [ RunTime:0.000614s ]
INFO: [ view_filter ] --END-- [ RunTime:0.000660s ]
INFO: [ app_end ] --START--
INFO: Run Behavior\ShowPageTraceBehavior [ RunTime:0.001206s ]
INFO: [ app_end ] --END-- [ RunTime:0.001268s ]

[ 2018-08-18T15:29:39+08:00 ] 127.0.0.1 /index.php/Admin/Goods/goodsList.html
INFO: [ app_init ] --START--
INFO: Run Behavior\BuildLiteBehavior [ RunTime:0.000018s ]
INFO: [ app_init ] --END-- [ RunTime:0.000441s ]
INFO: [ app_begin ] --START--
INFO: Run Behavior\ReadHtmlCacheBehavior [ RunTime:0.000783s ]
INFO: [ app_begin ] --END-- [ RunTime:0.000836s ]
SQL: SHOW COLUMNS FROM `ml_admin` [ RunTime:0.0163s ]
SQL: SHOW COLUMNS FROM `ml_admin` [ RunTime:0.0081s ]
SQL: SELECT `account`,`role` FROM `ml_admin` WHERE ( admin_id=1 ) LIMIT 1   [ RunTime:0.0005s ]
SQL: SHOW COLUMNS FROM `ml_goods` [ RunTime:0.0109s ]
SQL: SHOW COLUMNS FROM `ml_goods` [ RunTime:0.0071s ]
NOTIC: [8] Undefined variable: map D:\phpStudy\WWW\ml\Application\Admin\Logic\GoodsLogic.class.php Á¨¨ 33 Ë°å.
NOTIC: [2] array_filter() expects parameter 1 to be array, null given D:\phpStudy\WWW\ml\Application\Admin\Logic\GoodsLogic.class.php Á¨¨ 33 Ë°å.
SQL: SELECT COUNT(*) AS tp_count FROM `ml_goods` LIMIT 1   [ RunTime:0.0002s ]
SQL: SELECT * FROM `ml_goods` ORDER BY sort asc LIMIT 0,15   [ RunTime:0.0003s ]
INFO: [ view_parse ] --START--
INFO: [ template_filter ] --START--
INFO: Run Behavior\ContentReplaceBehavior [ RunTime:0.000084s ]
INFO: [ template_filter ] --END-- [ RunTime:0.000142s ]
INFO: Run Behavior\ParseTemplateBehavior [ RunTime:0.048204s ]
INFO: [ view_parse ] --END-- [ RunTime:0.048273s ]
INFO: [ view_filter ] --START--
INFO: Run Behavior\WriteHtmlCacheBehavior [ RunTime:0.000514s ]
INFO: [ view_filter ] --END-- [ RunTime:0.000556s ]
INFO: [ app_end ] --START--
INFO: Run Behavior\ShowPageTraceBehavior [ RunTime:0.001168s ]
INFO: [ app_end ] --END-- [ RunTime:0.001232s ]

[ 2018-08-18T15:29:51+08:00 ] 127.0.0.1 /index.php/Admin/Goods/goodsList.html
INFO: [ app_init ] --START--
INFO: Run Behavior\BuildLiteBehavior [ RunTime:0.000018s ]
INFO: [ app_init ] --END-- [ RunTime:0.000453s ]
INFO: [ app_begin ] --START--
INFO: Run Behavior\ReadHtmlCacheBehavior [ RunTime:0.000852s ]
INFO: [ app_begin ] --END-- [ RunTime:0.000916s ]
SQL: SHOW COLUMNS FROM `ml_admin` [ RunTime:0.0152s ]
SQL: SHOW COLUMNS FROM `ml_admin` [ RunTime:0.0071s ]
SQL: SELECT `account`,`role` FROM `ml_admin` WHERE ( admin_id=1 ) LIMIT 1   [ RunTime:0.0003s ]
SQL: SHOW COLUMNS FROM `ml_goods` [ RunTime:0.0108s ]
SQL: SHOW COLUMNS FROM `ml_goods` [ RunTime:0.0080s ]
NOTIC: [8] Undefined variable: map D:\phpStudy\WWW\ml\Application\Admin\Logic\GoodsLogic.class.php Á¨¨ 33 Ë°å.
NOTIC: [2] array_filter() expects parameter 1 to be array, null given D:\phpStudy\WWW\ml\Application\Admin\Logic\GoodsLogic.class.php Á¨¨ 33 Ë°å.
SQL: SELECT COUNT(*) AS tp_count FROM `ml_goods` LIMIT 1   [ RunTime:0.0002s ]
SQL: SELECT * FROM `ml_goods` ORDER BY addtime desc LIMIT 0,15   [ RunTime:0.0002s ]
INFO: [ view_parse ] --START--
INFO: [ template_filter ] --START--
INFO: Run Behavior\ContentReplaceBehavior [ RunTime:0.000082s ]
INFO: [ template_filter ] --END-- [ RunTime:0.000136s ]
INFO: Run Behavior\ParseTemplateBehavior [ RunTime:0.050062s ]
INFO: [ view_parse ] --END-- [ RunTime:0.050126s ]
INFO: [ view_filter ] --START--
INFO: Run Behavior\WriteHtmlCacheBehavior [ RunTime:0.000561s ]
INFO: [ view_filter ] --END-- [ RunTime:0.000604s ]
INFO: [ app_end ] --START--
INFO: Run Behavior\ShowPageTraceBehavior [ RunTime:0.001168s ]
INFO: [ app_end ] --END-- [ RunTime:0.001296s ]

[ 2018-08-18T15:29:56+08:00 ] 127.0.0.1 /index.php/Admin/Goods/goodsList.html
INFO: [ app_init ] --START--
INFO: Run Behavior\BuildLiteBehavior [ RunTime:0.000016s ]
INFO: [ app_init ] --END-- [ RunTime:0.000412s ]
INFO: [ app_begin ] --START--
INFO: Run Behavior\ReadHtmlCacheBehavior [ RunTime:0.000773s ]
INFO: [ app_begin ] --END-- [ RunTime:0.000826s ]
SQL: SHOW COLUMNS FROM `ml_admin` [ RunTime:0.0316s ]
SQL: SHOW COLUMNS FROM `ml_admin` [ RunTime:0.0074s ]
SQL: SELECT `account`,`role` FROM `ml_admin` WHERE ( admin_id=1 ) LIMIT 1   [ RunTime:0.0003s ]
SQL: SHOW COLUMNS FROM `ml_goods` [ RunTime:0.0122s ]
SQL: SHOW COLUMNS FROM `ml_goods` [ RunTime:0.0133s ]
NOTIC: [8] Undefined variable: order D:\phpStudy\WWW\ml\Application\Admin\Logic\GoodsLogic.class.php Á¨¨ 32 Ë°å.
SQL: SELECT COUNT(*) AS tp_count FROM `ml_goods` WHERE `name` = '1' LIMIT 1   [ RunTime:0.0003s ]
SQL: SELECT * FROM `ml_goods` WHERE `name` = '1' ORDER BY sort asc LIMIT 0,15   [ RunTime:0.0003s ]
INFO: [ view_parse ] --START--
INFO: [ template_filter ] --START--
INFO: Run Behavior\ContentReplaceBehavior [ RunTime:0.000084s ]
INFO: [ template_filter ] --END-- [ RunTime:0.000150s ]
INFO: Run Behavior\ParseTemplateBehavior [ RunTime:0.053289s ]
INFO: [ view_parse ] --END-- [ RunTime:0.053354s ]
INFO: [ view_filter ] --START--
INFO: Run Behavior\WriteHtmlCacheBehavior [ RunTime:0.000661s ]
INFO: [ view_filter ] --END-- [ RunTime:0.000708s ]
INFO: [ app_end ] --START--
INFO: Run Behavior\ShowPageTraceBehavior [ RunTime:0.001738s ]
INFO: [ app_end ] --END-- [ RunTime:0.001927s ]

[ 2018-08-18T15:29:59+08:00 ] 127.0.0.1 /index.php/Admin/Goods/goodsAdd/goods_id/5.html
INFO: [ app_init ] --START--
INFO: Run Behavior\BuildLiteBehavior [ RunTime:0.000017s ]
INFO: [ app_init ] --END-- [ RunTime:0.000462s ]
INFO: [ app_begin ] --START--
INFO: Run Behavior\ReadHtmlCacheBehavior [ RunTime:0.000974s ]
INFO: [ app_begin ] --END-- [ RunTime:0.001032s ]
SQL: SHOW COLUMNS FROM `ml_admin` [ RunTime:0.0157s ]
SQL: SHOW COLUMNS FROM `ml_admin` [ RunTime:0.0073s ]
SQL: SELECT `account`,`role` FROM `ml_admin` WHERE ( admin_id=1 ) LIMIT 1   [ RunTime:0.0003s ]
SQL: SHOW COLUMNS FROM `ml_goods` [ RunTime:0.0148s ]

[ 2018-08-18T15:30:07+08:00 ] 127.0.0.1 /index.php/Admin/Goods/goodsAdd/goods_id/5.html
INFO: [ app_init ] --START--
INFO: Run Behavior\BuildLiteBehavior [ RunTime:0.000016s ]
INFO: [ app_init ] --END-- [ RunTime:0.000403s ]
INFO: [ app_begin ] --START--
INFO: Run Behavior\ReadHtmlCacheBehavior [ RunTime:0.000805s ]
INFO: [ app_begin ] --END-- [ RunTime:0.000855s ]
SQL: SHOW COLUMNS FROM `ml_admin` [ RunTime:0.0222s ]
SQL: SHOW COLUMNS FROM `ml_admin` [ RunTime:0.0071s ]
SQL: SELECT `account`,`role` FROM `ml_admin` WHERE ( admin_id=1 ) LIMIT 1   [ RunTime:0.0003s ]
SQL: SHOW COLUMNS FROM `ml_goods` [ RunTime:0.0115s ]

[ 2018-08-18T15:30:16+08:00 ] 127.0.0.1 /index.php/Admin/Index/index.html
INFO: [ app_init ] --START--
INFO: Run Behavior\BuildLiteBehavior [ RunTime:0.000017s ]
INFO: [ app_init ] --END-- [ RunTime:0.000420s ]
INFO: [ app_begin ] --START--
INFO: Run Behavior\ReadHtmlCacheBehavior [ RunTime:0.000781s ]
INFO: [ app_begin ] --END-- [ RunTime:0.000835s ]
SQL: SHOW COLUMNS FROM `ml_admin` [ RunTime:0.0238s ]
SQL: SHOW COLUMNS FROM `ml_admin` [ RunTime:0.0084s ]
SQL: SELECT `account`,`role` FROM `ml_admin` WHERE ( admin_id=1 ) LIMIT 1   [ RunTime:0.0002s ]
INFO: [ view_parse ] --START--
INFO: [ template_filter ] --START--
INFO: Run Behavior\ContentReplaceBehavior [ RunTime:0.000084s ]
INFO: [ template_filter ] --END-- [ RunTime:0.000136s ]
INFO: Run Behavior\ParseTemplateBehavior [ RunTime:0.048374s ]
INFO: [ view_parse ] --END-- [ RunTime:0.048439s ]
INFO: [ view_filter ] --START--
INFO: Run Behavior\WriteHtmlCacheBehavior [ RunTime:0.000527s ]
INFO: [ view_filter ] --END-- [ RunTime:0.000571s ]
INFO: [ app_end ] --START--
INFO: Run Behavior\ShowPageTraceBehavior [ RunTime:0.001501s ]
INFO: [ app_end ] --END-- [ RunTime:0.001571s ]

[ 2018-08-18T15:30:19+08:00 ] 127.0.0.1 /index.php/Admin/Goods/goodsAdd.html
INFO: [ app_init ] --START--
INFO: Run Behavior\BuildLiteBehavior [ RunTime:0.000017s ]
INFO: [ app_init ] --END-- [ RunTime:0.000440s ]
INFO: [ app_begin ] --START--
INFO: Run Behavior\ReadHtmlCacheBehavior [ RunTime:0.000887s ]
INFO: [ app_begin ] --END-- [ RunTime:0.000951s ]
SQL: SHOW COLUMNS FROM `ml_admin` [ RunTime:0.0233s ]
SQL: SHOW COLUMNS FROM `ml_admin` [ RunTime:0.0085s ]
SQL: SELECT `account`,`role` FROM `ml_admin` WHERE ( admin_id=1 ) LIMIT 1   [ RunTime:0.0002s ]
SQL: SHOW COLUMNS FROM `ml_goods` [ RunTime:0.0147s ]
INFO: [ view_parse ] --START--
INFO: [ template_filter ] --START--
INFO: Run Behavior\ContentReplaceBehavior [ RunTime:0.000059s ]
INFO: [ template_filter ] --END-- [ RunTime:0.000118s ]
NOTIC: [8] Undefined variable: detail D:\phpStudy\WWW\ml\Application\Runtime\Cache\Admin\0625ccdd984322e27e52787535bec737.php Á¨¨ 28 Ë°å.
NOTIC: [8] Undefined variable: detail D:\phpStudy\WWW\ml\Application\Runtime\Cache\Admin\0625ccdd984322e27e52787535bec737.php Á¨¨ 35 Ë°å.
NOTIC: [8] Undefined variable: detail D:\phpStudy\WWW\ml\Application\Runtime\Cache\Admin\0625ccdd984322e27e52787535bec737.php Á¨¨ 40 Ë°å.
NOTIC: [8] Undefined variable: detail D:\phpStudy\WWW\ml\Application\Runtime\Cache\Admin\0625ccdd984322e27e52787535bec737.php Á¨¨ 46 Ë°å.
NOTIC: [8] Undefined variable: detail D:\phpStudy\WWW\ml\Application\Runtime\Cache\Admin\0625ccdd984322e27e52787535bec737.php Á¨¨ 51 Ë°å.
NOTIC: [8] Undefined variable: detail D:\phpStudy\WWW\ml\Application\Runtime\Cache\Admin\0625ccdd984322e27e52787535bec737.php Á¨¨ 55 Ë°å.
INFO: Run Behavior\ParseTemplateBehavior [ RunTime:0.010241s ]
INFO: [ view_parse ] --END-- [ RunTime:0.010295s ]
INFO: [ view_filter ] --START--
INFO: Run Behavior\WriteHtmlCacheBehavior [ RunTime:0.000538s ]
INFO: [ view_filter ] --END-- [ RunTime:0.000586s ]
INFO: [ app_end ] --START--
INFO: Run Behavior\ShowPageTraceBehavior [ RunTime:0.000805s ]
INFO: [ app_end ] --END-- [ RunTime:0.000849s ]

[ 2018-08-18T15:30:20+08:00 ] 127.0.0.1 /index.php/Admin/Goods/goodsList.html
INFO: [ app_init ] --START--
INFO: Run Behavior\BuildLiteBehavior [ RunTime:0.000017s ]
INFO: [ app_init ] --END-- [ RunTime:0.000434s ]
INFO: [ app_begin ] --START--
INFO: Run Behavior\ReadHtmlCacheBehavior [ RunTime:0.000863s ]
INFO: [ app_begin ] --END-- [ RunTime:0.000925s ]
SQL: SHOW COLUMNS FROM `ml_admin` [ RunTime:0.0175s ]
SQL: SHOW COLUMNS FROM `ml_admin` [ RunTime:0.0072s ]
SQL: SELECT `account`,`role` FROM `ml_admin` WHERE ( admin_id=1 ) LIMIT 1   [ RunTime:0.0003s ]
SQL: SHOW COLUMNS FROM `ml_goods` [ RunTime:0.0124s ]
SQL: SHOW COLUMNS FROM `ml_goods` [ RunTime:0.0103s ]
NOTIC: [8] Undefined variable: order D:\phpStudy\WWW\ml\Application\Admin\Logic\GoodsLogic.class.php Á¨¨ 32 Ë°å.
NOTIC: [8] Undefined variable: map D:\phpStudy\WWW\ml\Application\Admin\Logic\GoodsLogic.class.php Á¨¨ 33 Ë°å.
NOTIC: [2] array_filter() expects parameter 1 to be array, null given D:\phpStudy\WWW\ml\Application\Admin\Logic\GoodsLogic.class.php Á¨¨ 33 Ë°å.
SQL: SELECT COUNT(*) AS tp_count FROM `ml_goods` LIMIT 1   [ RunTime:0.0002s ]
SQL: SELECT * FROM `ml_goods` ORDER BY sort asc LIMIT 0,15   [ RunTime:0.0003s ]
INFO: [ view_parse ] --START--
INFO: [ template_filter ] --START--
INFO: Run Behavior\ContentReplaceBehavior [ RunTime:0.000109s ]
INFO: [ template_filter ] --END-- [ RunTime:0.000189s ]
INFO: Run Behavior\ParseTemplateBehavior [ RunTime:0.054549s ]
INFO: [ view_parse ] --END-- [ RunTime:0.054616s ]
INFO: [ view_filter ] --START--
INFO: Run Behavior\WriteHtmlCacheBehavior [ RunTime:0.000551s ]
INFO: [ view_filter ] --END-- [ RunTime:0.000593s ]
INFO: [ app_end ] --START--
INFO: Run Behavior\ShowPageTraceBehavior [ RunTime:0.002687s ]
INFO: [ app_end ] --END-- [ RunTime:0.002778s ]

[ 2018-08-18T15:30:22+08:00 ] 127.0.0.1 /index.php/Admin/Goods/goodsAdd/goods_id/5.html
INFO: [ app_init ] --START--
INFO: Run Behavior\BuildLiteBehavior [ RunTime:0.000024s ]
INFO: [ app_init ] --END-- [ RunTime:0.000479s ]
INFO: [ app_begin ] --START--
INFO: Run Behavior\ReadHtmlCacheBehavior [ RunTime:0.000837s ]
INFO: [ app_begin ] --END-- [ RunTime:0.000892s ]
SQL: SHOW COLUMNS FROM `ml_admin` [ RunTime:0.0150s ]
SQL: SHOW COLUMNS FROM `ml_admin` [ RunTime:0.0220s ]
SQL: SELECT `account`,`role` FROM `ml_admin` WHERE ( admin_id=1 ) LIMIT 1   [ RunTime:0.0003s ]
SQL: SHOW COLUMNS FROM `ml_goods` [ RunTime:0.0113s ]

[ 2018-08-18T15:32:19+08:00 ] 127.0.0.1 /index.php/Admin/Goods/goodsList.html
INFO: [ app_init ] --START--
INFO: Run Behavior\BuildLiteBehavior [ RunTime:0.000018s ]
INFO: [ app_init ] --END-- [ RunTime:0.000491s ]
INFO: [ app_begin ] --START--
INFO: Run Behavior\ReadHtmlCacheBehavior [ RunTime:0.001500s ]
INFO: [ app_begin ] --END-- [ RunTime:0.001580s ]
SQL: SHOW COLUMNS FROM `ml_admin` [ RunTime:0.0155s ]
SQL: SHOW COLUMNS FROM `ml_admin` [ RunTime:0.0071s ]
SQL: SELECT `account`,`role` FROM `ml_admin` WHERE ( admin_id=1 ) LIMIT 1   [ RunTime:0.0003s ]
SQL: SHOW COLUMNS FROM `ml_goods` [ RunTime:0.0138s ]
SQL: SHOW COLUMNS FROM `ml_goods` [ RunTime:0.0069s ]
NOTIC: [8] Undefined variable: order D:\phpStudy\WWW\ml\Application\Admin\Logic\GoodsLogic.class.php Á¨¨ 32 Ë°å.
NOTIC: [8] Undefined variable: map D:\phpStudy\WWW\ml\Application\Admin\Logic\GoodsLogic.class.php Á¨¨ 33 Ë°å.
NOTIC: [2] array_filter() expects parameter 1 to be array, null given D:\phpStudy\WWW\ml\Application\Admin\Logic\GoodsLogic.class.php Á¨¨ 33 Ë°å.
SQL: SELECT COUNT(*) AS tp_count FROM `ml_goods` LIMIT 1   [ RunTime:0.0003s ]
SQL: SELECT * FROM `ml_goods` ORDER BY sort asc LIMIT 0,15   [ RunTime:0.0003s ]
INFO: [ view_parse ] --START--
INFO: [ template_filter ] --START--
INFO: Run Behavior\ContentReplaceBehavior [ RunTime:0.000083s ]
INFO: [ template_filter ] --END-- [ RunTime:0.000142s ]
INFO: Run Behavior\ParseTemplateBehavior [ RunTime:0.048566s ]
INFO: [ view_parse ] --END-- [ RunTime:0.048631s ]
INFO: [ view_filter ] --START--
INFO: Run Behavior\WriteHtmlCacheBehavior [ RunTime:0.000522s ]
INFO: [ view_filter ] --END-- [ RunTime:0.000565s ]
INFO: [ app_end ] --START--
INFO: Run Behavior\ShowPageTraceBehavior [ RunTime:0.001273s ]
INFO: [ app_end ] --END-- [ RunTime:0.001339s ]

[ 2018-08-18T15:32:25+08:00 ] 127.0.0.1 /index.php/Admin/Goods/goodsList.html
INFO: [ app_init ] --START--
INFO: Run Behavior\BuildLiteBehavior [ RunTime:0.000020s ]
INFO: [ app_init ] --END-- [ RunTime:0.000568s ]
INFO: [ app_begin ] --START--
INFO: Run Behavior\ReadHtmlCacheBehavior [ RunTime:0.000915s ]
INFO: [ app_begin ] --END-- [ RunTime:0.000990s ]
SQL: SHOW COLUMNS FROM `ml_admin` [ RunTime:0.0969s ]
SQL: SHOW COLUMNS FROM `ml_admin` [ RunTime:0.0080s ]
SQL: SELECT `account`,`role` FROM `ml_admin` WHERE ( admin_id=1 ) LIMIT 1   [ RunTime:0.0003s ]
SQL: SHOW COLUMNS FROM `ml_goods` [ RunTime:0.0127s ]
SQL: SHOW COLUMNS FROM `ml_goods` [ RunTime:0.0073s ]
NOTIC: [8] Undefined variable: order D:\phpStudy\WWW\ml\Application\Admin\Logic\GoodsLogic.class.php Á¨¨ 32 Ë°å.
SQL: SELECT COUNT(*) AS tp_count FROM `ml_goods` WHERE `name` = '2' LIMIT 1   [ RunTime:0.0003s ]
SQL: SELECT * FROM `ml_goods` WHERE `name` = '2' ORDER BY sort asc LIMIT 0,15   [ RunTime:0.0003s ]
INFO: [ view_parse ] --START--
INFO: [ template_filter ] --START--
INFO: Run Behavior\ContentReplaceBehavior [ RunTime:0.000079s ]
INFO: [ template_filter ] --END-- [ RunTime:0.000140s ]
INFO: Run Behavior\ParseTemplateBehavior [ RunTime:0.049699s ]
INFO: [ view_parse ] --END-- [ RunTime:0.049782s ]
INFO: [ view_filter ] --START--
INFO: Run Behavior\WriteHtmlCacheBehavior [ RunTime:0.000578s ]
INFO: [ view_filter ] --END-- [ RunTime:0.000626s ]
INFO: [ app_end ] --START--
INFO: Run Behavior\ShowPageTraceBehavior [ RunTime:0.001186s ]
INFO: [ app_end ] --END-- [ RunTime:0.001346s ]

[ 2018-08-18T15:32:28+08:00 ] 127.0.0.1 /index.php/Admin/Goods/goodsList.html
INFO: [ app_init ] --START--
INFO: Run Behavior\BuildLiteBehavior [ RunTime:0.000019s ]
INFO: [ app_init ] --END-- [ RunTime:0.000392s ]
INFO: [ app_begin ] --START--
INFO: Run Behavior\ReadHtmlCacheBehavior [ RunTime:0.000674s ]
INFO: [ app_begin ] --END-- [ RunTime:0.000735s ]
SQL: SHOW COLUMNS FROM `ml_admin` [ RunTime:0.0361s ]
SQL: SHOW COLUMNS FROM `ml_admin` [ RunTime:0.0093s ]
SQL: SELECT `account`,`role` FROM `ml_admin` WHERE ( admin_id=1 ) LIMIT 1   [ RunTime:0.0004s ]
SQL: SHOW COLUMNS FROM `ml_goods` [ RunTime:0.0137s ]
SQL: SHOW COLUMNS FROM `ml_goods` [ RunTime:0.0078s ]
NOTIC: [8] Undefined variable: order D:\phpStudy\WWW\ml\Application\Admin\Logic\GoodsLogic.class.php Á¨¨ 32 Ë°å.
SQL: SELECT COUNT(*) AS tp_count FROM `ml_goods` WHERE `name` = '233' LIMIT 1   [ RunTime:0.0003s ]
SQL: SELECT * FROM `ml_goods` WHERE `name` = '233' ORDER BY sort asc LIMIT 0,15   [ RunTime:0.0003s ]
INFO: [ view_parse ] --START--
INFO: [ template_filter ] --START--
INFO: Run Behavior\ContentReplaceBehavior [ RunTime:0.000083s ]
INFO: [ template_filter ] --END-- [ RunTime:0.000143s ]
INFO: Run Behavior\ParseTemplateBehavior [ RunTime:0.048002s ]
INFO: [ view_parse ] --END-- [ RunTime:0.048067s ]
INFO: [ view_filter ] --START--
INFO: Run Behavior\WriteHtmlCacheBehavior [ RunTime:0.000354s ]
INFO: [ view_filter ] --END-- [ RunTime:0.000398s ]
INFO: [ app_end ] --START--
INFO: Run Behavior\ShowPageTraceBehavior [ RunTime:0.001257s ]
INFO: [ app_end ] --END-- [ RunTime:0.001325s ]

[ 2018-08-18T15:33:16+08:00 ] 127.0.0.1 /index.php/Admin/Goods/goodsList.html
INFO: [ app_init ] --START--
INFO: Run Behavior\BuildLiteBehavior [ RunTime:0.000021s ]
INFO: [ app_init ] --END-- [ RunTime:0.000561s ]
INFO: [ app_begin ] --START--
INFO: Run Behavior\ReadHtmlCacheBehavior [ RunTime:0.000813s ]
INFO: [ app_begin ] --END-- [ RunTime:0.000921s ]
SQL: SHOW COLUMNS FROM `ml_admin` [ RunTime:0.0166s ]
SQL: SHOW COLUMNS FROM `ml_admin` [ RunTime:0.0168s ]
SQL: SELECT `account`,`role` FROM `ml_admin` WHERE ( admin_id=1 ) LIMIT 1   [ RunTime:0.0003s ]
SQL: SHOW COLUMNS FROM `ml_goods` [ RunTime:0.0129s ]
SQL: SHOW COLUMNS FROM `ml_goods` [ RunTime:0.0080s ]
NOTIC: [8] Undefined variable: order D:\phpStudy\WWW\ml\Application\Admin\Logic\GoodsLogic.class.php Á¨¨ 32 Ë°å.
SQL: SELECT COUNT(*) AS tp_count FROM `ml_goods` WHERE `name` LIKE '233' LIMIT 1   [ RunTime:0.0175s ]
SQL: SELECT * FROM `ml_goods` WHERE `name` LIKE '233' ORDER BY sort asc LIMIT 0,15   [ RunTime:0.0002s ]
INFO: [ view_parse ] --START--
INFO: [ template_filter ] --START--
INFO: Run Behavior\ContentReplaceBehavior [ RunTime:0.000083s ]
INFO: [ template_filter ] --END-- [ RunTime:0.000143s ]
INFO: Run Behavior\ParseTemplateBehavior [ RunTime:0.050851s ]
INFO: [ view_parse ] --END-- [ RunTime:0.050919s ]
INFO: [ view_filter ] --START--
INFO: Run Behavior\WriteHtmlCacheBehavior [ RunTime:0.000340s ]
INFO: [ view_filter ] --END-- [ RunTime:0.000389s ]
INFO: [ app_end ] --START--
INFO: Run Behavior\ShowPageTraceBehavior [ RunTime:0.001059s ]
INFO: [ app_end ] --END-- [ RunTime:0.001150s ]

[ 2018-08-18T15:33:19+08:00 ] 127.0.0.1 /index.php/Admin/Goods/goodsList.html
INFO: [ app_init ] --START--
INFO: Run Behavior\BuildLiteBehavior [ RunTime:0.000020s ]
INFO: [ app_init ] --END-- [ RunTime:0.000472s ]
INFO: [ app_begin ] --START--
INFO: Run Behavior\ReadHtmlCacheBehavior [ RunTime:0.000870s ]
INFO: [ app_begin ] --END-- [ RunTime:0.000943s ]
SQL: SHOW COLUMNS FROM `ml_admin` [ RunTime:0.0242s ]
SQL: SHOW COLUMNS FROM `ml_admin` [ RunTime:0.0169s ]
SQL: SELECT `account`,`role` FROM `ml_admin` WHERE ( admin_id=1 ) LIMIT 1   [ RunTime:0.0002s ]
SQL: SHOW COLUMNS FROM `ml_goods` [ RunTime:0.0127s ]
SQL: SHOW COLUMNS FROM `ml_goods` [ RunTime:0.0097s ]
NOTIC: [8] Undefined variable: order D:\phpStudy\WWW\ml\Application\Admin\Logic\GoodsLogic.class.php Á¨¨ 32 Ë°å.
SQL: SELECT COUNT(*) AS tp_count FROM `ml_goods` WHERE `name` LIKE '2' LIMIT 1   [ RunTime:0.0003s ]
SQL: SELECT * FROM `ml_goods` WHERE `name` LIKE '2' ORDER BY sort asc LIMIT 0,15   [ RunTime:0.0002s ]
INFO: [ view_parse ] --START--
INFO: [ template_filter ] --START--
INFO: Run Behavior\ContentReplaceBehavior [ RunTime:0.000082s ]
INFO: [ template_filter ] --END-- [ RunTime:0.000144s ]
INFO: Run Behavior\ParseTemplateBehavior [ RunTime:0.048120s ]
INFO: [ view_parse ] --END-- [ RunTime:0.048186s ]
INFO: [ view_filter ] --START--
INFO: Run Behavior\WriteHtmlCacheBehavior [ RunTime:0.000510s ]
INFO: [ view_filter ] --END-- [ RunTime:0.000554s ]
INFO: [ app_end ] --START--
INFO: Run Behavior\ShowPageTraceBehavior [ RunTime:0.001231s ]
INFO: [ app_end ] --END-- [ RunTime:0.001297s ]

[ 2018-08-18T15:34:20+08:00 ] 127.0.0.1 /index.php/Admin/Goods/goodsList.html
INFO: [ app_init ] --START--
INFO: Run Behavior\BuildLiteBehavior [ RunTime:0.000022s ]
INFO: [ app_init ] --END-- [ RunTime:0.009504s ]
INFO: [ app_begin ] --START--
INFO: Run Behavior\ReadHtmlCacheBehavior [ RunTime:0.001057s ]
INFO: [ app_begin ] --END-- [ RunTime:0.001267s ]
SQL: SHOW COLUMNS FROM `ml_admin` [ RunTime:0.0161s ]
SQL: SHOW COLUMNS FROM `ml_admin` [ RunTime:0.0123s ]
SQL: SELECT `account`,`role` FROM `ml_admin` WHERE ( admin_id=1 ) LIMIT 1   [ RunTime:0.0002s ]
SQL: SHOW COLUMNS FROM `ml_goods` [ RunTime:0.0137s ]
SQL: SHOW COLUMNS FROM `ml_goods` [ RunTime:0.0092s ]
NOTIC: [8] Undefined variable: order D:\phpStudy\WWW\ml\Application\Admin\Logic\GoodsLogic.class.php Á¨¨ 32 Ë°å.
SQL: SELECT COUNT(*) AS tp_count FROM `ml_goods` WHERE `name` LIKE '%2%' LIMIT 1   [ RunTime:0.0003s ]
SQL: SELECT * FROM `ml_goods` WHERE `name` LIKE '%2%' ORDER BY sort asc LIMIT 0,15   [ RunTime:0.0004s ]
INFO: [ view_parse ] --START--
INFO: [ template_filter ] --START--
INFO: Run Behavior\ContentReplaceBehavior [ RunTime:0.000083s ]
INFO: [ template_filter ] --END-- [ RunTime:0.000143s ]
INFO: Run Behavior\ParseTemplateBehavior [ RunTime:0.182970s ]
INFO: [ view_parse ] --END-- [ RunTime:0.183035s ]
INFO: [ view_filter ] --START--
INFO: Run Behavior\WriteHtmlCacheBehavior [ RunTime:0.009630s ]
INFO: [ view_filter ] --END-- [ RunTime:0.009682s ]
INFO: [ app_end ] --START--
INFO: Run Behavior\ShowPageTraceBehavior [ RunTime:0.033286s ]
INFO: [ app_end ] --END-- [ RunTime:0.033385s ]

[ 2018-08-18T15:34:24+08:00 ] 127.0.0.1 /index.php/Admin/Goods/goodsList.html
INFO: [ app_init ] --START--
INFO: Run Behavior\BuildLiteBehavior [ RunTime:0.000024s ]
INFO: [ app_init ] --END-- [ RunTime:0.000384s ]
INFO: [ app_begin ] --START--
INFO: Run Behavior\ReadHtmlCacheBehavior [ RunTime:0.000580s ]
INFO: [ app_begin ] --END-- [ RunTime:0.000647s ]
SQL: SHOW COLUMNS FROM `ml_admin` [ RunTime:0.0381s ]
SQL: SHOW COLUMNS FROM `ml_admin` [ RunTime:0.0077s ]
SQL: SELECT `account`,`role` FROM `ml_admin` WHERE ( admin_id=1 ) LIMIT 1   [ RunTime:0.0003s ]
SQL: SHOW COLUMNS FROM `ml_goods` [ RunTime:0.0185s ]
SQL: SHOW COLUMNS FROM `ml_goods` [ RunTime:0.0092s ]
NOTIC: [8] Undefined variable: order D:\phpStudy\WWW\ml\Application\Admin\Logic\GoodsLogic.class.php Á¨¨ 32 Ë°å.
SQL: SELECT COUNT(*) AS tp_count FROM `ml_goods` WHERE `name` LIKE '%1%' LIMIT 1   [ RunTime:0.0003s ]
SQL: SELECT * FROM `ml_goods` WHERE `name` LIKE '%1%' ORDER BY sort asc LIMIT 0,15   [ RunTime:0.0003s ]
INFO: [ view_parse ] --START--
INFO: [ template_filter ] --START--
INFO: Run Behavior\ContentReplaceBehavior [ RunTime:0.000087s ]
INFO: [ template_filter ] --END-- [ RunTime:0.000154s ]
INFO: Run Behavior\ParseTemplateBehavior [ RunTime:0.048230s ]
INFO: [ view_parse ] --END-- [ RunTime:0.048298s ]
INFO: [ view_filter ] --START--
INFO: Run Behavior\WriteHtmlCacheBehavior [ RunTime:0.000287s ]
INFO: [ view_filter ] --END-- [ RunTime:0.000332s ]
INFO: [ app_end ] --START--
INFO: Run Behavior\ShowPageTraceBehavior [ RunTime:0.002458s ]
INFO: [ app_end ] --END-- [ RunTime:0.002534s ]

[ 2018-08-18T15:36:21+08:00 ] 127.0.0.1 /index.php/Admin/Goods/goodsAdd/goods_id/1.html
INFO: [ app_init ] --START--
INFO: Run Behavior\BuildLiteBehavior [ RunTime:0.000022s ]
INFO: [ app_init ] --END-- [ RunTime:0.000544s ]
INFO: [ app_begin ] --START--
INFO: Run Behavior\ReadHtmlCacheBehavior [ RunTime:0.000871s ]
INFO: [ app_begin ] --END-- [ RunTime:0.000941s ]
SQL: SHOW COLUMNS FROM `ml_admin` [ RunTime:0.0160s ]
SQL: SHOW COLUMNS FROM `ml_admin` [ RunTime:0.0080s ]
SQL: SELECT `account`,`role` FROM `ml_admin` WHERE ( admin_id=1 ) LIMIT 1   [ RunTime:0.0003s ]
SQL: SHOW COLUMNS FROM `ml_goods` [ RunTime:0.0161s ]
SQL: SHOW COLUMNS FROM `ml_goods` [ RunTime:0.0102s ]
SQL: SELECT * FROM `ml_goods` WHERE `goods_id` = 1 LIMIT 1   [ RunTime:0.0003s ]
INFO: [ view_parse ] --START--
INFO: [ template_filter ] --START--
INFO: Run Behavior\ContentReplaceBehavior [ RunTime:0.000061s ]
INFO: [ template_filter ] --END-- [ RunTime:0.000117s ]
INFO: Run Behavior\ParseTemplateBehavior [ RunTime:0.009951s ]
INFO: [ view_parse ] --END-- [ RunTime:0.010018s ]
INFO: [ view_filter ] --START--
INFO: Run Behavior\WriteHtmlCacheBehavior [ RunTime:0.000449s ]
INFO: [ view_filter ] --END-- [ RunTime:0.000493s ]
INFO: [ app_end ] --START--
INFO: Run Behavior\ShowPageTraceBehavior [ RunTime:0.000715s ]
INFO: [ app_end ] --END-- [ RunTime:0.000758s ]

