[ 2018-08-21T16:05:09+08:00 ] 127.0.0.1 /index.php/Admin/Index/index.html
INFO: [ app_init ] --START--
INFO: Run Behavior\BuildLiteBehavior [ RunTime:0.000046s ]
INFO: [ app_init ] --END-- [ RunTime:0.027624s ]
INFO: [ app_begin ] --START--
INFO: Run Behavior\ReadHtmlCacheBehavior [ RunTime:0.035828s ]
INFO: [ app_begin ] --END-- [ RunTime:0.035910s ]
SQL: SHOW COLUMNS FROM `ml_admin` [ RunTime:0.0764s ]

[ 2018-08-21T16:05:09+08:00 ] 127.0.0.1 /index.php/Admin/Index/login.html
INFO: [ app_init ] --START--
INFO: Run Behavior\BuildLiteBehavior [ RunTime:0.000016s ]
INFO: [ app_init ] --END-- [ RunTime:0.000404s ]
INFO: [ app_begin ] --START--
INFO: Run Behavior\ReadHtmlCacheBehavior [ RunTime:0.000754s ]
INFO: [ app_begin ] --END-- [ RunTime:0.000808s ]
SQL: SHOW COLUMNS FROM `ml_admin` [ RunTime:0.0082s ]
NOTIC: [8] Undefined variable: account D:\phpStudy\WWW\ml\Application\Admin\Controller\BaseController.class.php 第 37 行.
NOTIC: [8] Undefined variable: account D:\phpStudy\WWW\ml\Application\Admin\Controller\BaseController.class.php 第 38 行.
INFO: [ view_parse ] --START--
INFO: [ template_filter ] --START--
INFO: Run Behavior\ContentReplaceBehavior [ RunTime:0.000168s ]
INFO: [ template_filter ] --END-- [ RunTime:0.000231s ]
INFO: Run Behavior\ParseTemplateBehavior [ RunTime:0.324237s ]
INFO: [ view_parse ] --END-- [ RunTime:0.324337s ]
INFO: [ view_filter ] --START--
INFO: Run Behavior\WriteHtmlCacheBehavior [ RunTime:0.072017s ]
INFO: [ view_filter ] --END-- [ RunTime:0.072080s ]
INFO: [ app_end ] --START--
INFO: Run Behavior\ShowPageTraceBehavior [ RunTime:0.017072s ]
INFO: [ app_end ] --END-- [ RunTime:0.017135s ]

[ 2018-08-21T16:05:11+08:00 ] 127.0.0.1 /index.php/Admin/Index/verify.html
INFO: [ app_init ] --START--
INFO: Run Behavior\BuildLiteBehavior [ RunTime:0.000020s ]
INFO: [ app_init ] --END-- [ RunTime:0.000462s ]
INFO: [ app_begin ] --START--
INFO: Run Behavior\ReadHtmlCacheBehavior [ RunTime:0.000849s ]
INFO: [ app_begin ] --END-- [ RunTime:0.000911s ]
SQL: SHOW COLUMNS FROM `ml_admin` [ RunTime:0.1951s ]
NOTIC: [8] Undefined variable: account D:\phpStudy\WWW\ml\Application\Admin\Controller\BaseController.class.php 第 37 行.
NOTIC: [8] Undefined variable: account D:\phpStudy\WWW\ml\Application\Admin\Controller\BaseController.class.php 第 38 行.
INFO: [ app_end ] --START--
INFO: Run Behavior\ShowPageTraceBehavior [ RunTime:0.000965s ]
INFO: [ app_end ] --END-- [ RunTime:0.001059s ]

[ 2018-08-21T16:05:21+08:00 ] 127.0.0.1 /index.php/Admin/Index/login.html
INFO: [ app_init ] --START--
INFO: Run Behavior\BuildLiteBehavior [ RunTime:0.000015s ]
INFO: [ app_init ] --END-- [ RunTime:0.000409s ]
INFO: [ app_begin ] --START--
INFO: Run Behavior\ReadHtmlCacheBehavior [ RunTime:0.000699s ]
INFO: [ app_begin ] --END-- [ RunTime:0.000751s ]
SQL: SHOW COLUMNS FROM `ml_admin` [ RunTime:0.0393s ]
NOTIC: [8] Undefined variable: account D:\phpStudy\WWW\ml\Application\Admin\Controller\BaseController.class.php 第 37 行.
NOTIC: [8] Undefined variable: account D:\phpStudy\WWW\ml\Application\Admin\Controller\BaseController.class.php 第 38 行.
SQL: SHOW COLUMNS FROM `ml_admin` [ RunTime:0.0124s ]
SQL: SHOW COLUMNS FROM `ml_admin` [ RunTime:0.0067s ]
SQL: SELECT * FROM `ml_admin` WHERE `account` = 'admin123' LIMIT 1   [ RunTime:0.0004s ]
SQL: UPDATE `ml_admin` SET `login_time`='1534838721',`login_ip`='127.0.0.1' WHERE `admin_id` = 1 [ RunTime:0.0004s ]

[ 2018-08-21T16:05:21+08:00 ] 127.0.0.1 /index.php/Admin/Index/index.html
INFO: [ app_init ] --START--
INFO: Run Behavior\BuildLiteBehavior [ RunTime:0.000016s ]
INFO: [ app_init ] --END-- [ RunTime:0.000413s ]
INFO: [ app_begin ] --START--
INFO: Run Behavior\ReadHtmlCacheBehavior [ RunTime:0.000660s ]
INFO: [ app_begin ] --END-- [ RunTime:0.000712s ]
SQL: SHOW COLUMNS FROM `ml_admin` [ RunTime:0.0067s ]
SQL: SHOW COLUMNS FROM `ml_admin` [ RunTime:0.0077s ]
SQL: SELECT `account`,`role` FROM `ml_admin` WHERE ( admin_id=1 ) LIMIT 1   [ RunTime:0.0002s ]
INFO: [ view_parse ] --START--
INFO: [ template_filter ] --START--
INFO: Run Behavior\ContentReplaceBehavior [ RunTime:0.000084s ]
INFO: [ template_filter ] --END-- [ RunTime:0.000140s ]
INFO: Run Behavior\ParseTemplateBehavior [ RunTime:0.090832s ]
INFO: [ view_parse ] --END-- [ RunTime:0.090906s ]
INFO: [ view_filter ] --START--
INFO: Run Behavior\WriteHtmlCacheBehavior [ RunTime:0.000406s ]
INFO: [ view_filter ] --END-- [ RunTime:0.000450s ]
INFO: [ app_end ] --START--
INFO: Run Behavior\ShowPageTraceBehavior [ RunTime:0.002949s ]
INFO: [ app_end ] --END-- [ RunTime:0.003020s ]

[ 2018-08-21T16:05:25+08:00 ] 127.0.0.1 /index.php/Admin/Goods/goodsList.html
INFO: [ app_init ] --START--
INFO: Run Behavior\BuildLiteBehavior [ RunTime:0.000018s ]
INFO: [ app_init ] --END-- [ RunTime:0.000467s ]
INFO: [ app_begin ] --START--
INFO: Run Behavior\ReadHtmlCacheBehavior [ RunTime:0.000714s ]
INFO: [ app_begin ] --END-- [ RunTime:0.000769s ]
SQL: SHOW COLUMNS FROM `ml_admin` [ RunTime:0.0170s ]
SQL: SHOW COLUMNS FROM `ml_admin` [ RunTime:0.0069s ]
SQL: SELECT `account`,`role` FROM `ml_admin` WHERE ( admin_id=1 ) LIMIT 1   [ RunTime:0.0003s ]
SQL: SHOW COLUMNS FROM `ml_goods` [ RunTime:0.1198s ]
SQL: SHOW COLUMNS FROM `ml_goods` [ RunTime:0.0071s ]
SQL: SELECT COUNT(*) AS tp_count FROM `ml_goods` LIMIT 1   [ RunTime:0.0012s ]
SQL: SELECT * FROM `ml_goods` ORDER BY sort asc LIMIT 0,15   [ RunTime:0.0005s ]
INFO: [ view_parse ] --START--
INFO: [ template_filter ] --START--
INFO: Run Behavior\ContentReplaceBehavior [ RunTime:0.000120s ]
INFO: [ template_filter ] --END-- [ RunTime:0.000178s ]
INFO: Run Behavior\ParseTemplateBehavior [ RunTime:0.119689s ]
INFO: [ view_parse ] --END-- [ RunTime:0.119755s ]
INFO: [ view_filter ] --START--
INFO: Run Behavior\WriteHtmlCacheBehavior [ RunTime:0.000416s ]
INFO: [ view_filter ] --END-- [ RunTime:0.000460s ]
INFO: [ app_end ] --START--
INFO: Run Behavior\ShowPageTraceBehavior [ RunTime:0.001223s ]
INFO: [ app_end ] --END-- [ RunTime:0.001294s ]

[ 2018-08-21T16:21:00+08:00 ] 127.0.0.1 /index.php/Admin/Index/index.html
INFO: [ app_init ] --START--
INFO: Run Behavior\BuildLiteBehavior [ RunTime:0.000021s ]
INFO: [ app_init ] --END-- [ RunTime:0.000486s ]
INFO: [ app_begin ] --START--
INFO: Run Behavior\ReadHtmlCacheBehavior [ RunTime:0.000719s ]
INFO: [ app_begin ] --END-- [ RunTime:0.000776s ]
SQL: SHOW COLUMNS FROM `ml_admin` [ RunTime:0.0220s ]
SQL: SHOW COLUMNS FROM `ml_admin` [ RunTime:0.0071s ]
SQL: SELECT `account`,`role` FROM `ml_admin` WHERE ( admin_id=1 ) LIMIT 1   [ RunTime:0.0003s ]
INFO: [ view_parse ] --START--
INFO: [ template_filter ] --START--
INFO: Run Behavior\ContentReplaceBehavior [ RunTime:0.000088s ]
INFO: [ template_filter ] --END-- [ RunTime:0.000148s ]
INFO: Run Behavior\ParseTemplateBehavior [ RunTime:0.047274s ]
INFO: [ view_parse ] --END-- [ RunTime:0.047350s ]
INFO: [ view_filter ] --START--
INFO: Run Behavior\WriteHtmlCacheBehavior [ RunTime:0.000466s ]
INFO: [ view_filter ] --END-- [ RunTime:0.000511s ]
INFO: [ app_end ] --START--
INFO: Run Behavior\ShowPageTraceBehavior [ RunTime:0.001607s ]
INFO: [ app_end ] --END-- [ RunTime:0.001677s ]

[ 2018-08-21T16:21:04+08:00 ] 127.0.0.1 /index.php/Admin/Goods/goodsList.html
INFO: [ app_init ] --START--
INFO: Run Behavior\BuildLiteBehavior [ RunTime:0.000019s ]
INFO: [ app_init ] --END-- [ RunTime:0.000511s ]
INFO: [ app_begin ] --START--
INFO: Run Behavior\ReadHtmlCacheBehavior [ RunTime:0.000842s ]
INFO: [ app_begin ] --END-- [ RunTime:0.000907s ]
SQL: SHOW COLUMNS FROM `ml_admin` [ RunTime:0.0174s ]
SQL: SHOW COLUMNS FROM `ml_admin` [ RunTime:0.0070s ]
SQL: SELECT `account`,`role` FROM `ml_admin` WHERE ( admin_id=1 ) LIMIT 1   [ RunTime:0.0003s ]
SQL: SHOW COLUMNS FROM `ml_goods` [ RunTime:0.0131s ]
SQL: SHOW COLUMNS FROM `ml_goods` [ RunTime:0.0101s ]
SQL: SELECT COUNT(*) AS tp_count FROM `ml_goods` LIMIT 1   [ RunTime:0.0003s ]
SQL: SELECT * FROM `ml_goods` ORDER BY sort asc LIMIT 0,15   [ RunTime:0.0003s ]
INFO: [ view_parse ] --START--
INFO: [ template_filter ] --START--
INFO: Run Behavior\ContentReplaceBehavior [ RunTime:0.000089s ]
INFO: [ template_filter ] --END-- [ RunTime:0.000154s ]
INFO: Run Behavior\ParseTemplateBehavior [ RunTime:0.062951s ]
INFO: [ view_parse ] --END-- [ RunTime:0.063017s ]
INFO: [ view_filter ] --START--
INFO: Run Behavior\WriteHtmlCacheBehavior [ RunTime:0.000561s ]
INFO: [ view_filter ] --END-- [ RunTime:0.000605s ]
INFO: [ app_end ] --START--
INFO: Run Behavior\ShowPageTraceBehavior [ RunTime:0.001149s ]
INFO: [ app_end ] --END-- [ RunTime:0.001324s ]

[ 2018-08-21T16:22:41+08:00 ] 127.0.0.1 /index.php/Admin/Goods/goodsList.html
INFO: [ app_init ] --START--
INFO: Run Behavior\BuildLiteBehavior [ RunTime:0.000017s ]
INFO: [ app_init ] --END-- [ RunTime:0.000435s ]
INFO: [ app_begin ] --START--
INFO: Run Behavior\ReadHtmlCacheBehavior [ RunTime:0.000926s ]
INFO: [ app_begin ] --END-- [ RunTime:0.000995s ]
SQL: SHOW COLUMNS FROM `ml_admin` [ RunTime:0.0381s ]
SQL: SHOW COLUMNS FROM `ml_admin` [ RunTime:0.0072s ]
SQL: SELECT `account`,`role` FROM `ml_admin` WHERE ( admin_id=1 ) LIMIT 1   [ RunTime:0.0003s ]
SQL: SHOW COLUMNS FROM `ml_goods` [ RunTime:0.0117s ]
SQL: SHOW COLUMNS FROM `ml_goods` [ RunTime:0.0075s ]
SQL: SELECT COUNT(*) AS tp_count FROM `ml_goods` LIMIT 1   [ RunTime:0.0003s ]
SQL: SELECT * FROM `ml_goods` ORDER BY sort asc LIMIT 0,15   [ RunTime:0.0003s ]
INFO: [ view_parse ] --START--
INFO: [ template_filter ] --START--
INFO: Run Behavior\ContentReplaceBehavior [ RunTime:0.000086s ]
INFO: [ template_filter ] --END-- [ RunTime:0.000142s ]
INFO: Run Behavior\ParseTemplateBehavior [ RunTime:0.051939s ]
INFO: [ view_parse ] --END-- [ RunTime:0.052005s ]
INFO: [ view_filter ] --START--
INFO: Run Behavior\WriteHtmlCacheBehavior [ RunTime:0.000458s ]
INFO: [ view_filter ] --END-- [ RunTime:0.000506s ]
INFO: [ app_end ] --START--
INFO: Run Behavior\ShowPageTraceBehavior [ RunTime:0.001247s ]
INFO: [ app_end ] --END-- [ RunTime:0.001326s ]

[ 2018-08-21T16:29:49+08:00 ] 127.0.0.1 /index.php/Admin/Index/index.html
INFO: [ app_init ] --START--
INFO: Run Behavior\BuildLiteBehavior [ RunTime:0.000017s ]
INFO: [ app_init ] --END-- [ RunTime:0.000426s ]
INFO: [ app_begin ] --START--
INFO: Run Behavior\ReadHtmlCacheBehavior [ RunTime:0.000889s ]
INFO: [ app_begin ] --END-- [ RunTime:0.000956s ]
SQL: SHOW COLUMNS FROM `ml_admin` [ RunTime:0.0166s ]
SQL: SHOW COLUMNS FROM `ml_admin` [ RunTime:0.0078s ]
SQL: SELECT `account`,`role` FROM `ml_admin` WHERE ( admin_id=1 ) LIMIT 1   [ RunTime:0.0003s ]
INFO: [ view_parse ] --START--
INFO: [ template_filter ] --START--
INFO: Run Behavior\ContentReplaceBehavior [ RunTime:0.000089s ]
INFO: [ template_filter ] --END-- [ RunTime:0.000147s ]
INFO: Run Behavior\ParseTemplateBehavior [ RunTime:0.048154s ]
INFO: [ view_parse ] --END-- [ RunTime:0.048222s ]
INFO: [ view_filter ] --START--
INFO: Run Behavior\WriteHtmlCacheBehavior [ RunTime:0.000606s ]
INFO: [ view_filter ] --END-- [ RunTime:0.000652s ]
INFO: [ app_end ] --START--
INFO: Run Behavior\ShowPageTraceBehavior [ RunTime:0.001512s ]
INFO: [ app_end ] --END-- [ RunTime:0.001578s ]

[ 2018-08-21T16:29:51+08:00 ] 127.0.0.1 /index.php/Admin/Goods/goodsList.html
INFO: [ app_init ] --START--
INFO: Run Behavior\BuildLiteBehavior [ RunTime:0.000016s ]
INFO: [ app_init ] --END-- [ RunTime:0.000417s ]
INFO: [ app_begin ] --START--
INFO: Run Behavior\ReadHtmlCacheBehavior [ RunTime:0.000823s ]
INFO: [ app_begin ] --END-- [ RunTime:0.000880s ]
SQL: SHOW COLUMNS FROM `ml_admin` [ RunTime:0.0179s ]
SQL: SHOW COLUMNS FROM `ml_admin` [ RunTime:0.0090s ]
SQL: SELECT `account`,`role` FROM `ml_admin` WHERE ( admin_id=1 ) LIMIT 1   [ RunTime:0.0002s ]
SQL: SHOW COLUMNS FROM `ml_goods` [ RunTime:0.0127s ]
SQL: SHOW COLUMNS FROM `ml_goods` [ RunTime:0.0074s ]
SQL: SELECT COUNT(*) AS tp_count FROM `ml_goods` LIMIT 1   [ RunTime:0.0003s ]
SQL: SELECT * FROM `ml_goods` ORDER BY sort asc LIMIT 0,15   [ RunTime:0.0003s ]
INFO: [ view_parse ] --START--
INFO: [ template_filter ] --START--
INFO: Run Behavior\ContentReplaceBehavior [ RunTime:0.000082s ]
INFO: [ template_filter ] --END-- [ RunTime:0.000140s ]
INFO: Run Behavior\ParseTemplateBehavior [ RunTime:0.060126s ]
INFO: [ view_parse ] --END-- [ RunTime:0.060191s ]
INFO: [ view_filter ] --START--
INFO: Run Behavior\WriteHtmlCacheBehavior [ RunTime:0.000556s ]
INFO: [ view_filter ] --END-- [ RunTime:0.000599s ]
INFO: [ app_end ] --START--
INFO: Run Behavior\ShowPageTraceBehavior [ RunTime:0.001133s ]
INFO: [ app_end ] --END-- [ RunTime:0.001217s ]

[ 2018-08-21T16:29:52+08:00 ] 127.0.0.1 /index.php/Admin/Goods/goodsSlider/goods_id/1.html
INFO: [ app_init ] --START--
INFO: Run Behavior\BuildLiteBehavior [ RunTime:0.000016s ]
INFO: [ app_init ] --END-- [ RunTime:0.000410s ]
INFO: [ app_begin ] --START--
INFO: Run Behavior\ReadHtmlCacheBehavior [ RunTime:0.000848s ]
INFO: [ app_begin ] --END-- [ RunTime:0.000913s ]
SQL: SHOW COLUMNS FROM `ml_admin` [ RunTime:0.0157s ]
SQL: SHOW COLUMNS FROM `ml_admin` [ RunTime:0.0074s ]
SQL: SELECT `account`,`role` FROM `ml_admin` WHERE ( admin_id=1 ) LIMIT 1   [ RunTime:0.0003s ]
INFO: [ view_parse ] --START--
INFO: [ template_filter ] --START--
INFO: Run Behavior\ContentReplaceBehavior [ RunTime:0.000079s ]
INFO: [ template_filter ] --END-- [ RunTime:0.000136s ]
NOTIC: [8] Undefined variable: list D:\phpStudy\WWW\ml\Application\Runtime\Cache\Admin\29edf50a8f13d4403fafa9217e993a57.php 第 92 行.
NOTIC: [8] Undefined variable: page D:\phpStudy\WWW\ml\Application\Runtime\Cache\Admin\29edf50a8f13d4403fafa9217e993a57.php 第 106 行.
INFO: Run Behavior\ParseTemplateBehavior [ RunTime:0.048471s ]
INFO: [ view_parse ] --END-- [ RunTime:0.048529s ]
INFO: [ view_filter ] --START--
INFO: Run Behavior\WriteHtmlCacheBehavior [ RunTime:0.000579s ]
INFO: [ view_filter ] --END-- [ RunTime:0.000622s ]
INFO: [ app_end ] --START--
INFO: Run Behavior\ShowPageTraceBehavior [ RunTime:0.000809s ]
INFO: [ app_end ] --END-- [ RunTime:0.000854s ]

[ 2018-08-21T16:36:25+08:00 ] 127.0.0.1 /index.php/Admin/Index/index.html
INFO: [ app_init ] --START--
INFO: Run Behavior\BuildLiteBehavior [ RunTime:0.000017s ]
INFO: [ app_init ] --END-- [ RunTime:0.000412s ]
INFO: [ app_begin ] --START--
INFO: Run Behavior\ReadHtmlCacheBehavior [ RunTime:0.001175s ]
INFO: [ app_begin ] --END-- [ RunTime:0.001343s ]
SQL: SHOW COLUMNS FROM `ml_admin` [ RunTime:0.0169s ]
SQL: SHOW COLUMNS FROM `ml_admin` [ RunTime:0.0079s ]
SQL: SELECT `account`,`role` FROM `ml_admin` WHERE ( admin_id=1 ) LIMIT 1   [ RunTime:0.0002s ]
INFO: [ view_parse ] --START--
INFO: [ template_filter ] --START--
INFO: Run Behavior\ContentReplaceBehavior [ RunTime:0.000087s ]
INFO: [ template_filter ] --END-- [ RunTime:0.000143s ]
INFO: Run Behavior\ParseTemplateBehavior [ RunTime:0.048670s ]
INFO: [ view_parse ] --END-- [ RunTime:0.048737s ]
INFO: [ view_filter ] --START--
INFO: Run Behavior\WriteHtmlCacheBehavior [ RunTime:0.000625s ]
INFO: [ view_filter ] --END-- [ RunTime:0.000672s ]
INFO: [ app_end ] --START--
INFO: Run Behavior\ShowPageTraceBehavior [ RunTime:0.001642s ]
INFO: [ app_end ] --END-- [ RunTime:0.001712s ]

[ 2018-08-21T16:36:28+08:00 ] 127.0.0.1 /index.php/Admin/Goods/goodsList.html
INFO: [ app_init ] --START--
INFO: Run Behavior\BuildLiteBehavior [ RunTime:0.000018s ]
INFO: [ app_init ] --END-- [ RunTime:0.000511s ]
INFO: [ app_begin ] --START--
INFO: Run Behavior\ReadHtmlCacheBehavior [ RunTime:0.000782s ]
INFO: [ app_begin ] --END-- [ RunTime:0.000870s ]
SQL: SHOW COLUMNS FROM `ml_admin` [ RunTime:0.0302s ]
SQL: SHOW COLUMNS FROM `ml_admin` [ RunTime:0.0070s ]
SQL: SELECT `account`,`role` FROM `ml_admin` WHERE ( admin_id=1 ) LIMIT 1   [ RunTime:0.0007s ]
SQL: SHOW COLUMNS FROM `ml_goods` [ RunTime:0.0141s ]
SQL: SHOW COLUMNS FROM `ml_goods` [ RunTime:0.0093s ]
SQL: SELECT COUNT(*) AS tp_count FROM `ml_goods` LIMIT 1   [ RunTime:0.0003s ]
SQL: SELECT * FROM `ml_goods` ORDER BY sort asc LIMIT 0,15   [ RunTime:0.0003s ]
INFO: [ view_parse ] --START--
INFO: [ template_filter ] --START--
INFO: Run Behavior\ContentReplaceBehavior [ RunTime:0.000087s ]
INFO: [ template_filter ] --END-- [ RunTime:0.000148s ]
INFO: Run Behavior\ParseTemplateBehavior [ RunTime:0.092694s ]
INFO: [ view_parse ] --END-- [ RunTime:0.092771s ]
INFO: [ view_filter ] --START--
INFO: Run Behavior\WriteHtmlCacheBehavior [ RunTime:0.000606s ]
INFO: [ view_filter ] --END-- [ RunTime:0.000655s ]
INFO: [ app_end ] --START--
INFO: Run Behavior\ShowPageTraceBehavior [ RunTime:0.001020s ]
INFO: [ app_end ] --END-- [ RunTime:0.001109s ]

[ 2018-08-21T16:36:30+08:00 ] 127.0.0.1 /index.php/Admin/Goods/goodsSlider/goods_id/1.html
INFO: [ app_init ] --START--
INFO: Run Behavior\BuildLiteBehavior [ RunTime:0.000018s ]
INFO: [ app_init ] --END-- [ RunTime:0.000576s ]
INFO: [ app_begin ] --START--
INFO: Run Behavior\ReadHtmlCacheBehavior [ RunTime:0.000841s ]
INFO: [ app_begin ] --END-- [ RunTime:0.000905s ]
SQL: SHOW COLUMNS FROM `ml_admin` [ RunTime:0.0162s ]
SQL: SHOW COLUMNS FROM `ml_admin` [ RunTime:0.0071s ]
SQL: SELECT `account`,`role` FROM `ml_admin` WHERE ( admin_id=1 ) LIMIT 1   [ RunTime:0.0003s ]
INFO: [ view_parse ] --START--
INFO: [ template_filter ] --START--
INFO: Run Behavior\ContentReplaceBehavior [ RunTime:0.000083s ]
INFO: [ template_filter ] --END-- [ RunTime:0.000145s ]
NOTIC: [8] Undefined variable: list D:\phpStudy\WWW\ml\Application\Runtime\Cache\Admin\29edf50a8f13d4403fafa9217e993a57.php 第 92 行.
NOTIC: [8] Undefined variable: page D:\phpStudy\WWW\ml\Application\Runtime\Cache\Admin\29edf50a8f13d4403fafa9217e993a57.php 第 106 行.
INFO: Run Behavior\ParseTemplateBehavior [ RunTime:0.049520s ]
INFO: [ view_parse ] --END-- [ RunTime:0.049580s ]
INFO: [ view_filter ] --START--
INFO: Run Behavior\WriteHtmlCacheBehavior [ RunTime:0.000518s ]
INFO: [ view_filter ] --END-- [ RunTime:0.000565s ]
INFO: [ app_end ] --START--
INFO: Run Behavior\ShowPageTraceBehavior [ RunTime:0.000741s ]
INFO: [ app_end ] --END-- [ RunTime:0.000787s ]

[ 2018-08-21T16:45:11+08:00 ] 127.0.0.1 /index.php/Admin/Goods/goodsSlider/goods_id/1.html
INFO: [ app_init ] --START--
INFO: Run Behavior\BuildLiteBehavior [ RunTime:0.000017s ]
INFO: [ app_init ] --END-- [ RunTime:0.000511s ]
INFO: [ app_begin ] --START--
INFO: Run Behavior\ReadHtmlCacheBehavior [ RunTime:0.000787s ]
INFO: [ app_begin ] --END-- [ RunTime:0.000854s ]
SQL: SHOW COLUMNS FROM `ml_admin` [ RunTime:3.0055s ]
SQL: SHOW COLUMNS FROM `ml_admin` [ RunTime:0.0153s ]
SQL: SELECT `account`,`role` FROM `ml_admin` WHERE ( admin_id=1 ) LIMIT 1   [ RunTime:0.0003s ]
SQL: SHOW COLUMNS FROM `ml_goods` [ RunTime:0.0212s ]
SQL: SHOW COLUMNS FROM `ml_goods` [ RunTime:0.0108s ]
SQL: DELETE FROM `ml_goods` WHERE `goods_id` = 1 [ RunTime:0.0973s ]

[ 2018-08-21T17:08:17+08:00 ] 127.0.0.1 /index.php/Admin/Index/index.html
INFO: [ app_init ] --START--
INFO: Run Behavior\BuildLiteBehavior [ RunTime:0.000017s ]
INFO: [ app_init ] --END-- [ RunTime:0.000450s ]
INFO: [ app_begin ] --START--
INFO: Run Behavior\ReadHtmlCacheBehavior [ RunTime:0.001126s ]
INFO: [ app_begin ] --END-- [ RunTime:0.001208s ]
SQL: SHOW COLUMNS FROM `ml_admin` [ RunTime:0.0153s ]
SQL: SHOW COLUMNS FROM `ml_admin` [ RunTime:0.1039s ]
SQL: SELECT `account`,`role` FROM `ml_admin` WHERE ( admin_id=1 ) LIMIT 1   [ RunTime:0.0003s ]
INFO: [ view_parse ] --START--
INFO: [ template_filter ] --START--
INFO: Run Behavior\ContentReplaceBehavior [ RunTime:0.000100s ]
INFO: [ template_filter ] --END-- [ RunTime:0.000156s ]
INFO: Run Behavior\ParseTemplateBehavior [ RunTime:0.051133s ]
INFO: [ view_parse ] --END-- [ RunTime:0.051201s ]
INFO: [ view_filter ] --START--
INFO: Run Behavior\WriteHtmlCacheBehavior [ RunTime:0.000625s ]
INFO: [ view_filter ] --END-- [ RunTime:0.000673s ]
INFO: [ app_end ] --START--
INFO: Run Behavior\ShowPageTraceBehavior [ RunTime:0.001527s ]
INFO: [ app_end ] --END-- [ RunTime:0.001594s ]

[ 2018-08-21T17:08:21+08:00 ] 127.0.0.1 /index.php/Admin/Goods/goodsList.html
INFO: [ app_init ] --START--
INFO: Run Behavior\BuildLiteBehavior [ RunTime:0.000023s ]
INFO: [ app_init ] --END-- [ RunTime:0.000650s ]
INFO: [ app_begin ] --START--
INFO: Run Behavior\ReadHtmlCacheBehavior [ RunTime:0.000958s ]
INFO: [ app_begin ] --END-- [ RunTime:0.001056s ]
SQL: SHOW COLUMNS FROM `ml_admin` [ RunTime:0.0206s ]
SQL: SHOW COLUMNS FROM `ml_admin` [ RunTime:0.0646s ]
SQL: SELECT `account`,`role` FROM `ml_admin` WHERE ( admin_id=1 ) LIMIT 1   [ RunTime:0.0003s ]
SQL: SHOW COLUMNS FROM `ml_goods` [ RunTime:0.0106s ]
SQL: SHOW COLUMNS FROM `ml_goods` [ RunTime:0.0088s ]
SQL: SELECT COUNT(*) AS tp_count FROM `ml_goods` LIMIT 1   [ RunTime:0.0003s ]
SQL: SELECT * FROM `ml_goods` ORDER BY sort asc LIMIT 0,15   [ RunTime:0.0003s ]
INFO: [ view_parse ] --START--
INFO: [ template_filter ] --START--
INFO: Run Behavior\ContentReplaceBehavior [ RunTime:0.000098s ]
INFO: [ template_filter ] --END-- [ RunTime:0.000167s ]
INFO: Run Behavior\ParseTemplateBehavior [ RunTime:0.060893s ]
INFO: [ view_parse ] --END-- [ RunTime:0.060958s ]
INFO: [ view_filter ] --START--
INFO: Run Behavior\WriteHtmlCacheBehavior [ RunTime:0.000551s ]
INFO: [ view_filter ] --END-- [ RunTime:0.000595s ]
INFO: [ app_end ] --START--
INFO: Run Behavior\ShowPageTraceBehavior [ RunTime:0.001154s ]
INFO: [ app_end ] --END-- [ RunTime:0.001218s ]

[ 2018-08-21T17:08:23+08:00 ] 127.0.0.1 /index.php/Admin/Goods/goodsSlider/goods_id/2.html
INFO: [ app_init ] --START--
INFO: Run Behavior\BuildLiteBehavior [ RunTime:0.000016s ]
INFO: [ app_init ] --END-- [ RunTime:0.000418s ]
INFO: [ app_begin ] --START--
INFO: Run Behavior\ReadHtmlCacheBehavior [ RunTime:0.000813s ]
INFO: [ app_begin ] --END-- [ RunTime:0.000864s ]
SQL: SHOW COLUMNS FROM `ml_admin` [ RunTime:0.0158s ]
SQL: SHOW COLUMNS FROM `ml_admin` [ RunTime:0.0072s ]
SQL: SELECT `account`,`role` FROM `ml_admin` WHERE ( admin_id=1 ) LIMIT 1   [ RunTime:0.0002s ]
SQL: SHOW COLUMNS FROM `ml_goods` [ RunTime:0.0123s ]
ERR: Think\Model:sliderList方法不存在！

[ 2018-08-21T17:10:42+08:00 ] 127.0.0.1 /index.php/Admin/Goods/goodsSlider/goods_id/2.html
INFO: [ app_init ] --START--
INFO: Run Behavior\BuildLiteBehavior [ RunTime:0.000017s ]
INFO: [ app_init ] --END-- [ RunTime:0.000433s ]
INFO: [ app_begin ] --START--
INFO: Run Behavior\ReadHtmlCacheBehavior [ RunTime:0.000837s ]
INFO: [ app_begin ] --END-- [ RunTime:0.000902s ]
SQL: SHOW COLUMNS FROM `ml_admin` [ RunTime:0.0150s ]
SQL: SHOW COLUMNS FROM `ml_admin` [ RunTime:0.0079s ]
SQL: SELECT `account`,`role` FROM `ml_admin` WHERE ( admin_id=1 ) LIMIT 1   [ RunTime:0.0003s ]
SQL: SHOW COLUMNS FROM `ml_goods` [ RunTime:0.0114s ]
SQL: SHOW COLUMNS FROM `ml_goods_slider` [ RunTime:0.0538s ]
NOTIC: [8] Undefined variable: data D:\phpStudy\WWW\ml\Application\Admin\Logic\GoodsLogic.class.php 第 142 行.
SQL: SELECT * FROM `ml_goods_slider`  [ RunTime:0.0002s ]
NOTIC: [8] Undefined variable: result D:\phpStudy\WWW\ml\Application\Admin\Logic\GoodsLogic.class.php 第 146 行.
INFO: [ view_parse ] --START--
INFO: [ template_filter ] --START--
INFO: Run Behavior\ContentReplaceBehavior [ RunTime:0.000081s ]
INFO: [ template_filter ] --END-- [ RunTime:0.000141s ]
NOTIC: [8] Undefined variable: page D:\phpStudy\WWW\ml\Application\Runtime\Cache\Admin\29edf50a8f13d4403fafa9217e993a57.php 第 106 行.
INFO: Run Behavior\ParseTemplateBehavior [ RunTime:0.050623s ]
INFO: [ view_parse ] --END-- [ RunTime:0.050684s ]
INFO: [ view_filter ] --START--
INFO: Run Behavior\WriteHtmlCacheBehavior [ RunTime:0.000553s ]
INFO: [ view_filter ] --END-- [ RunTime:0.000597s ]
INFO: [ app_end ] --START--
INFO: Run Behavior\ShowPageTraceBehavior [ RunTime:0.000825s ]
INFO: [ app_end ] --END-- [ RunTime:0.000870s ]

[ 2018-08-21T17:12:42+08:00 ] 127.0.0.1 /index.php/Admin/Goods/goodsSlider/goods_id/2.html
INFO: [ app_init ] --START--
INFO: Run Behavior\BuildLiteBehavior [ RunTime:0.000021s ]
INFO: [ app_init ] --END-- [ RunTime:0.000696s ]
INFO: [ app_begin ] --START--
INFO: Run Behavior\ReadHtmlCacheBehavior [ RunTime:0.018375s ]
INFO: [ app_begin ] --END-- [ RunTime:0.018457s ]
SQL: SHOW COLUMNS FROM `ml_admin` [ RunTime:0.0386s ]
SQL: SHOW COLUMNS FROM `ml_admin` [ RunTime:0.0108s ]
SQL: SELECT `account`,`role` FROM `ml_admin` WHERE ( admin_id=1 ) LIMIT 1   [ RunTime:0.0002s ]
SQL: SHOW COLUMNS FROM `ml_goods` [ RunTime:0.0120s ]
SQL: SHOW COLUMNS FROM `ml_goods_slider` [ RunTime:0.0139s ]
NOTIC: [8] Undefined variable: data D:\phpStudy\WWW\ml\Application\Admin\Logic\GoodsLogic.class.php 第 142 行.
SQL: SELECT * FROM `ml_goods_slider`  [ RunTime:0.0002s ]
NOTIC: [8] Undefined variable: result D:\phpStudy\WWW\ml\Application\Admin\Logic\GoodsLogic.class.php 第 146 行.
INFO: [ view_parse ] --START--
INFO: [ template_filter ] --START--
INFO: Run Behavior\ContentReplaceBehavior [ RunTime:0.000080s ]
INFO: [ template_filter ] --END-- [ RunTime:0.000141s ]
NOTIC: [8] Undefined variable: page D:\phpStudy\WWW\ml\Application\Runtime\Cache\Admin\29edf50a8f13d4403fafa9217e993a57.php 第 106 行.
INFO: Run Behavior\ParseTemplateBehavior [ RunTime:0.047354s ]
INFO: [ view_parse ] --END-- [ RunTime:0.047414s ]
INFO: [ view_filter ] --START--
INFO: Run Behavior\WriteHtmlCacheBehavior [ RunTime:0.000812s ]
INFO: [ view_filter ] --END-- [ RunTime:0.000861s ]
INFO: [ app_end ] --START--
INFO: Run Behavior\ShowPageTraceBehavior [ RunTime:0.000912s ]
INFO: [ app_end ] --END-- [ RunTime:0.000956s ]

[ 2018-08-21T17:14:40+08:00 ] 127.0.0.1 /index.php/Admin/Goods/goodsSlider/goods_id/2.html
INFO: [ app_init ] --START--
INFO: Run Behavior\BuildLiteBehavior [ RunTime:0.000017s ]
INFO: [ app_init ] --END-- [ RunTime:0.000453s ]
INFO: [ app_begin ] --START--
INFO: Run Behavior\ReadHtmlCacheBehavior [ RunTime:0.000818s ]
INFO: [ app_begin ] --END-- [ RunTime:0.000872s ]
SQL: SHOW COLUMNS FROM `ml_admin` [ RunTime:0.0205s ]
SQL: SHOW COLUMNS FROM `ml_admin` [ RunTime:0.0101s ]
SQL: SELECT `account`,`role` FROM `ml_admin` WHERE ( admin_id=1 ) LIMIT 1   [ RunTime:0.0003s ]
SQL: SHOW COLUMNS FROM `ml_goods` [ RunTime:0.0113s ]
SQL: SHOW COLUMNS FROM `ml_goods_slider` [ RunTime:0.0153s ]
NOTIC: [8] Undefined variable: data D:\phpStudy\WWW\ml\Application\Admin\Logic\GoodsLogic.class.php 第 142 行.
SQL: SELECT * FROM `ml_goods_slider`  [ RunTime:0.0002s ]
NOTIC: [8] Undefined variable: result D:\phpStudy\WWW\ml\Application\Admin\Logic\GoodsLogic.class.php 第 146 行.
INFO: [ view_parse ] --START--
INFO: [ template_filter ] --START--
INFO: Run Behavior\ContentReplaceBehavior [ RunTime:0.000085s ]
INFO: [ template_filter ] --END-- [ RunTime:0.000162s ]
NOTIC: [8] Undefined variable: page D:\phpStudy\WWW\ml\Application\Runtime\Cache\Admin\29edf50a8f13d4403fafa9217e993a57.php 第 106 行.
INFO: Run Behavior\ParseTemplateBehavior [ RunTime:0.050415s ]
INFO: [ view_parse ] --END-- [ RunTime:0.050475s ]
INFO: [ view_filter ] --START--
INFO: Run Behavior\WriteHtmlCacheBehavior [ RunTime:0.000574s ]
INFO: [ view_filter ] --END-- [ RunTime:0.000618s ]
INFO: [ app_end ] --START--
INFO: Run Behavior\ShowPageTraceBehavior [ RunTime:0.001065s ]
INFO: [ app_end ] --END-- [ RunTime:0.001118s ]

[ 2018-08-21T17:15:38+08:00 ] 127.0.0.1 /index.php/Admin/Goods/goodsSlider/goods_id/2.html
INFO: [ app_init ] --START--
INFO: Run Behavior\BuildLiteBehavior [ RunTime:0.000016s ]
INFO: [ app_init ] --END-- [ RunTime:0.000463s ]
INFO: [ app_begin ] --START--
INFO: Run Behavior\ReadHtmlCacheBehavior [ RunTime:0.000885s ]
INFO: [ app_begin ] --END-- [ RunTime:0.000943s ]
SQL: SHOW COLUMNS FROM `ml_admin` [ RunTime:0.0189s ]
SQL: SHOW COLUMNS FROM `ml_admin` [ RunTime:0.0071s ]
SQL: SELECT `account`,`role` FROM `ml_admin` WHERE ( admin_id=1 ) LIMIT 1   [ RunTime:0.0003s ]
SQL: SHOW COLUMNS FROM `ml_goods` [ RunTime:0.0116s ]
SQL: SHOW COLUMNS FROM `ml_goods_slider` [ RunTime:0.0138s ]
NOTIC: [8] Undefined variable: data D:\phpStudy\WWW\ml\Application\Admin\Logic\GoodsLogic.class.php 第 142 行.
SQL: SELECT * FROM `ml_goods_slider`  [ RunTime:0.0002s ]
NOTIC: [8] Undefined variable: result D:\phpStudy\WWW\ml\Application\Admin\Logic\GoodsLogic.class.php 第 146 行.
INFO: [ view_parse ] --START--
INFO: [ template_filter ] --START--
INFO: Run Behavior\ContentReplaceBehavior [ RunTime:0.000079s ]
INFO: [ template_filter ] --END-- [ RunTime:0.000138s ]
NOTIC: [8] Undefined variable: page D:\phpStudy\WWW\ml\Application\Runtime\Cache\Admin\29edf50a8f13d4403fafa9217e993a57.php 第 106 行.
INFO: Run Behavior\ParseTemplateBehavior [ RunTime:0.047472s ]
INFO: [ view_parse ] --END-- [ RunTime:0.047540s ]
INFO: [ view_filter ] --START--
INFO: Run Behavior\WriteHtmlCacheBehavior [ RunTime:0.000576s ]
INFO: [ view_filter ] --END-- [ RunTime:0.000621s ]
INFO: [ app_end ] --START--
INFO: Run Behavior\ShowPageTraceBehavior [ RunTime:0.000861s ]
INFO: [ app_end ] --END-- [ RunTime:0.000905s ]

[ 2018-08-21T17:18:15+08:00 ] 127.0.0.1 /index.php/Admin/Goods/goodsSlider/goods_id/2.html
INFO: [ app_init ] --START--
INFO: Run Behavior\BuildLiteBehavior [ RunTime:0.000017s ]
INFO: [ app_init ] --END-- [ RunTime:0.000418s ]
INFO: [ app_begin ] --START--
INFO: Run Behavior\ReadHtmlCacheBehavior [ RunTime:0.000801s ]
INFO: [ app_begin ] --END-- [ RunTime:0.000854s ]
SQL: SHOW COLUMNS FROM `ml_admin` [ RunTime:0.0814s ]
SQL: SHOW COLUMNS FROM `ml_admin` [ RunTime:0.0069s ]
SQL: SELECT `account`,`role` FROM `ml_admin` WHERE ( admin_id=1 ) LIMIT 1   [ RunTime:0.0003s ]
SQL: SHOW COLUMNS FROM `ml_goods` [ RunTime:0.0118s ]
SQL: SHOW COLUMNS FROM `ml_goods_slider` [ RunTime:0.0168s ]
NOTIC: [8] Undefined variable: data D:\phpStudy\WWW\ml\Application\Admin\Logic\GoodsLogic.class.php 第 142 行.
SQL: SELECT * FROM `ml_goods_slider`  [ RunTime:0.0002s ]
NOTIC: [8] Undefined variable: result D:\phpStudy\WWW\ml\Application\Admin\Logic\GoodsLogic.class.php 第 146 行.
INFO: [ view_parse ] --START--
INFO: [ template_filter ] --START--
INFO: Run Behavior\ContentReplaceBehavior [ RunTime:0.000080s ]
INFO: [ template_filter ] --END-- [ RunTime:0.000138s ]
NOTIC: [8] Undefined variable: page D:\phpStudy\WWW\ml\Application\Runtime\Cache\Admin\29edf50a8f13d4403fafa9217e993a57.php 第 107 行.
INFO: Run Behavior\ParseTemplateBehavior [ RunTime:0.050462s ]
INFO: [ view_parse ] --END-- [ RunTime:0.050517s ]
INFO: [ view_filter ] --START--
INFO: Run Behavior\WriteHtmlCacheBehavior [ RunTime:0.000554s ]
INFO: [ view_filter ] --END-- [ RunTime:0.000596s ]
INFO: [ app_end ] --START--
INFO: Run Behavior\ShowPageTraceBehavior [ RunTime:0.000984s ]
INFO: [ app_end ] --END-- [ RunTime:0.001034s ]

[ 2018-08-21T17:20:33+08:00 ] 127.0.0.1 /index.php/Admin/Goods/goodsSlider/goods_id/2.html
INFO: [ app_init ] --START--
INFO: Run Behavior\BuildLiteBehavior [ RunTime:0.000016s ]
INFO: [ app_init ] --END-- [ RunTime:0.000456s ]
INFO: [ app_begin ] --START--
INFO: Run Behavior\ReadHtmlCacheBehavior [ RunTime:0.000979s ]
INFO: [ app_begin ] --END-- [ RunTime:0.001038s ]
SQL: SHOW COLUMNS FROM `ml_admin` [ RunTime:0.0191s ]
SQL: SHOW COLUMNS FROM `ml_admin` [ RunTime:0.0087s ]
SQL: SELECT `account`,`role` FROM `ml_admin` WHERE ( admin_id=1 ) LIMIT 1   [ RunTime:0.0003s ]
SQL: SHOW COLUMNS FROM `ml_goods` [ RunTime:0.0298s ]
SQL: SHOW COLUMNS FROM `ml_goods_slider` [ RunTime:0.0164s ]
NOTIC: [8] Undefined variable: data D:\phpStudy\WWW\ml\Application\Admin\Logic\GoodsLogic.class.php 第 142 行.
SQL: SELECT * FROM `ml_goods_slider`  [ RunTime:0.0002s ]
NOTIC: [8] Undefined variable: result D:\phpStudy\WWW\ml\Application\Admin\Logic\GoodsLogic.class.php 第 146 行.
INFO: [ view_parse ] --START--
INFO: [ template_filter ] --START--
INFO: Run Behavior\ContentReplaceBehavior [ RunTime:0.000082s ]
INFO: [ template_filter ] --END-- [ RunTime:0.000142s ]
NOTIC: [8] Undefined variable: page D:\phpStudy\WWW\ml\Application\Runtime\Cache\Admin\29edf50a8f13d4403fafa9217e993a57.php 第 106 行.
INFO: Run Behavior\ParseTemplateBehavior [ RunTime:0.051188s ]
INFO: [ view_parse ] --END-- [ RunTime:0.051245s ]
INFO: [ view_filter ] --START--
INFO: Run Behavior\WriteHtmlCacheBehavior [ RunTime:0.000595s ]
INFO: [ view_filter ] --END-- [ RunTime:0.000643s ]
INFO: [ app_end ] --START--
INFO: Run Behavior\ShowPageTraceBehavior [ RunTime:0.001091s ]
INFO: [ app_end ] --END-- [ RunTime:0.001145s ]

[ 2018-08-21T17:20:37+08:00 ] 127.0.0.1 /index.php/Admin/Goods/goodsSlider.html
INFO: [ app_init ] --START--
INFO: Run Behavior\BuildLiteBehavior [ RunTime:0.000015s ]
INFO: [ app_init ] --END-- [ RunTime:0.000413s ]
INFO: [ app_begin ] --START--
INFO: Run Behavior\ReadHtmlCacheBehavior [ RunTime:0.001015s ]
INFO: [ app_begin ] --END-- [ RunTime:0.001075s ]
SQL: SHOW COLUMNS FROM `ml_admin` [ RunTime:0.0221s ]
SQL: SHOW COLUMNS FROM `ml_admin` [ RunTime:0.0068s ]
SQL: SELECT `account`,`role` FROM `ml_admin` WHERE ( admin_id=1 ) LIMIT 1   [ RunTime:0.0003s ]
SQL: SHOW COLUMNS FROM `ml_goods` [ RunTime:0.0109s ]
INFO: [ view_parse ] --START--
INFO: [ template_filter ] --START--
INFO: Run Behavior\ContentReplaceBehavior [ RunTime:0.000079s ]
INFO: [ template_filter ] --END-- [ RunTime:0.000129s ]
NOTIC: [8] Undefined variable: list D:\phpStudy\WWW\ml\Application\Runtime\Cache\Admin\29edf50a8f13d4403fafa9217e993a57.php 第 92 行.
NOTIC: [8] Undefined variable: page D:\phpStudy\WWW\ml\Application\Runtime\Cache\Admin\29edf50a8f13d4403fafa9217e993a57.php 第 106 行.
INFO: Run Behavior\ParseTemplateBehavior [ RunTime:0.049798s ]
INFO: [ view_parse ] --END-- [ RunTime:0.049850s ]
INFO: [ view_filter ] --START--
INFO: Run Behavior\WriteHtmlCacheBehavior [ RunTime:0.000624s ]
INFO: [ view_filter ] --END-- [ RunTime:0.000664s ]
INFO: [ app_end ] --START--
INFO: Run Behavior\ShowPageTraceBehavior [ RunTime:0.000830s ]
INFO: [ app_end ] --END-- [ RunTime:0.000870s ]

[ 2018-08-21T17:23:31+08:00 ] 127.0.0.1 /index.php/Admin/Goods/goodsSlider.html
INFO: [ app_init ] --START--
INFO: Run Behavior\BuildLiteBehavior [ RunTime:0.000018s ]
INFO: [ app_init ] --END-- [ RunTime:0.000438s ]
INFO: [ app_begin ] --START--
INFO: Run Behavior\ReadHtmlCacheBehavior [ RunTime:0.000811s ]
INFO: [ app_begin ] --END-- [ RunTime:0.000859s ]
SQL: SHOW COLUMNS FROM `ml_admin` [ RunTime:0.0155s ]
SQL: SHOW COLUMNS FROM `ml_admin` [ RunTime:0.0081s ]
SQL: SELECT `account`,`role` FROM `ml_admin` WHERE ( admin_id=1 ) LIMIT 1   [ RunTime:0.0003s ]
SQL: SHOW COLUMNS FROM `ml_goods` [ RunTime:0.0127s ]
INFO: [ view_parse ] --START--
INFO: [ template_filter ] --START--
INFO: Run Behavior\ContentReplaceBehavior [ RunTime:0.000082s ]
INFO: [ template_filter ] --END-- [ RunTime:0.000133s ]
NOTIC: [8] Undefined variable: list D:\phpStudy\WWW\ml\Application\Runtime\Cache\Admin\29edf50a8f13d4403fafa9217e993a57.php 第 92 行.
NOTIC: [8] Undefined variable: page D:\phpStudy\WWW\ml\Application\Runtime\Cache\Admin\29edf50a8f13d4403fafa9217e993a57.php 第 106 行.
INFO: Run Behavior\ParseTemplateBehavior [ RunTime:0.054889s ]
INFO: [ view_parse ] --END-- [ RunTime:0.054942s ]
INFO: [ view_filter ] --START--
INFO: Run Behavior\WriteHtmlCacheBehavior [ RunTime:0.000544s ]
INFO: [ view_filter ] --END-- [ RunTime:0.000582s ]
INFO: [ app_end ] --START--
INFO: Run Behavior\ShowPageTraceBehavior [ RunTime:0.000809s ]
INFO: [ app_end ] --END-- [ RunTime:0.000849s ]

[ 2018-08-21T17:28:53+08:00 ] 127.0.0.1 /index.php/Admin/Goods/goodsSlider/goods_id/2.html
INFO: [ app_init ] --START--
INFO: Run Behavior\BuildLiteBehavior [ RunTime:0.000049s ]
INFO: [ app_init ] --END-- [ RunTime:0.000717s ]
INFO: [ app_begin ] --START--
INFO: Run Behavior\ReadHtmlCacheBehavior [ RunTime:0.001771s ]
INFO: [ app_begin ] --END-- [ RunTime:0.001851s ]
SQL: SHOW COLUMNS FROM `ml_admin` [ RunTime:0.0163s ]
SQL: SHOW COLUMNS FROM `ml_admin` [ RunTime:0.0076s ]
SQL: SELECT `account`,`role` FROM `ml_admin` WHERE ( admin_id=1 ) LIMIT 1   [ RunTime:0.0003s ]
SQL: SHOW COLUMNS FROM `ml_goods` [ RunTime:0.0106s ]
SQL: SHOW COLUMNS FROM `ml_goods_slider` [ RunTime:0.0152s ]
NOTIC: [8] Undefined variable: data D:\phpStudy\WWW\ml\Application\Admin\Logic\GoodsLogic.class.php 第 142 行.
SQL: SELECT * FROM `ml_goods_slider`  [ RunTime:0.0002s ]
NOTIC: [8] Undefined variable: result D:\phpStudy\WWW\ml\Application\Admin\Logic\GoodsLogic.class.php 第 146 行.
INFO: [ view_parse ] --START--
INFO: [ template_filter ] --START--
INFO: Run Behavior\ContentReplaceBehavior [ RunTime:0.000085s ]
INFO: [ template_filter ] --END-- [ RunTime:0.000148s ]
NOTIC: [8] Undefined variable: page D:\phpStudy\WWW\ml\Application\Runtime\Cache\Admin\29edf50a8f13d4403fafa9217e993a57.php 第 106 行.
INFO: Run Behavior\ParseTemplateBehavior [ RunTime:0.049786s ]
INFO: [ view_parse ] --END-- [ RunTime:0.049847s ]
INFO: [ view_filter ] --START--
INFO: Run Behavior\WriteHtmlCacheBehavior [ RunTime:0.000589s ]
INFO: [ view_filter ] --END-- [ RunTime:0.000632s ]
INFO: [ app_end ] --START--
INFO: Run Behavior\ShowPageTraceBehavior [ RunTime:0.000892s ]
INFO: [ app_end ] --END-- [ RunTime:0.000941s ]

[ 2018-08-21T17:28:58+08:00 ] 127.0.0.1 /index.php/Admin/Goods/addSlider.html
INFO: [ app_init ] --START--
INFO: Run Behavior\BuildLiteBehavior [ RunTime:0.000018s ]
INFO: [ app_init ] --END-- [ RunTime:0.000448s ]
INFO: [ app_begin ] --START--
INFO: Run Behavior\ReadHtmlCacheBehavior [ RunTime:0.000861s ]
INFO: [ app_begin ] --END-- [ RunTime:0.000915s ]
SQL: SHOW COLUMNS FROM `ml_admin` [ RunTime:0.0329s ]
SQL: SHOW COLUMNS FROM `ml_admin` [ RunTime:0.0103s ]
SQL: SELECT `account`,`role` FROM `ml_admin` WHERE ( admin_id=1 ) LIMIT 1   [ RunTime:0.0002s ]
SQL: SHOW COLUMNS FROM `ml_goods` [ RunTime:0.0135s ]
INFO: [ app_end ] --START--
INFO: Run Behavior\ShowPageTraceBehavior [ RunTime:0.001107s ]
INFO: [ app_end ] --END-- [ RunTime:0.001167s ]

[ 2018-08-21T17:31:15+08:00 ] 127.0.0.1 /index.php/Admin/Goods/addSlider.html
INFO: [ app_init ] --START--
INFO: Run Behavior\BuildLiteBehavior [ RunTime:0.000019s ]
INFO: [ app_init ] --END-- [ RunTime:0.000479s ]
INFO: [ app_begin ] --START--
INFO: Run Behavior\ReadHtmlCacheBehavior [ RunTime:0.000969s ]
INFO: [ app_begin ] --END-- [ RunTime:0.001042s ]
SQL: SHOW COLUMNS FROM `ml_admin` [ RunTime:0.0168s ]
SQL: SHOW COLUMNS FROM `ml_admin` [ RunTime:0.0068s ]
SQL: SELECT `account`,`role` FROM `ml_admin` WHERE ( admin_id=1 ) LIMIT 1   [ RunTime:0.0003s ]
SQL: SHOW COLUMNS FROM `ml_goods` [ RunTime:0.0116s ]
INFO: [ app_end ] --START--
INFO: Run Behavior\ShowPageTraceBehavior [ RunTime:0.000983s ]
INFO: [ app_end ] --END-- [ RunTime:0.001034s ]

[ 2018-08-21T17:31:22+08:00 ] 127.0.0.1 /index.php/Admin/Goods/goodsSlider/goods_id/2.html
INFO: [ app_init ] --START--
INFO: Run Behavior\BuildLiteBehavior [ RunTime:0.000021s ]
INFO: [ app_init ] --END-- [ RunTime:0.000590s ]
INFO: [ app_begin ] --START--
INFO: Run Behavior\ReadHtmlCacheBehavior [ RunTime:0.000925s ]
INFO: [ app_begin ] --END-- [ RunTime:0.000995s ]
SQL: SHOW COLUMNS FROM `ml_admin` [ RunTime:0.0362s ]
SQL: SHOW COLUMNS FROM `ml_admin` [ RunTime:0.0702s ]
SQL: SELECT `account`,`role` FROM `ml_admin` WHERE ( admin_id=1 ) LIMIT 1   [ RunTime:0.0006s ]
SQL: SHOW COLUMNS FROM `ml_goods` [ RunTime:0.0144s ]
SQL: SHOW COLUMNS FROM `ml_goods_slider` [ RunTime:0.0147s ]
NOTIC: [8] Undefined variable: data D:\phpStudy\WWW\ml\Application\Admin\Logic\GoodsLogic.class.php 第 142 行.
SQL: SELECT * FROM `ml_goods_slider`  [ RunTime:0.0002s ]
NOTIC: [8] Undefined variable: result D:\phpStudy\WWW\ml\Application\Admin\Logic\GoodsLogic.class.php 第 146 行.
INFO: [ view_parse ] --START--
INFO: [ template_filter ] --START--
INFO: Run Behavior\ContentReplaceBehavior [ RunTime:0.000081s ]
INFO: [ template_filter ] --END-- [ RunTime:0.000140s ]
NOTIC: [8] Undefined variable: page D:\phpStudy\WWW\ml\Application\Runtime\Cache\Admin\29edf50a8f13d4403fafa9217e993a57.php 第 106 行.
INFO: Run Behavior\ParseTemplateBehavior [ RunTime:0.050752s ]
INFO: [ view_parse ] --END-- [ RunTime:0.050811s ]
INFO: [ view_filter ] --START--
INFO: Run Behavior\WriteHtmlCacheBehavior [ RunTime:0.000739s ]
INFO: [ view_filter ] --END-- [ RunTime:0.000791s ]
INFO: [ app_end ] --START--
INFO: Run Behavior\ShowPageTraceBehavior [ RunTime:0.000889s ]
INFO: [ app_end ] --END-- [ RunTime:0.000935s ]

[ 2018-08-21T17:31:25+08:00 ] 127.0.0.1 /index.php/Admin/Goods/addSlider.html
INFO: [ app_init ] --START--
INFO: Run Behavior\BuildLiteBehavior [ RunTime:0.000019s ]
INFO: [ app_init ] --END-- [ RunTime:0.000453s ]
INFO: [ app_begin ] --START--
INFO: Run Behavior\ReadHtmlCacheBehavior [ RunTime:0.001018s ]
INFO: [ app_begin ] --END-- [ RunTime:0.001090s ]
SQL: SHOW COLUMNS FROM `ml_admin` [ RunTime:0.0292s ]
SQL: SHOW COLUMNS FROM `ml_admin` [ RunTime:0.0089s ]
SQL: SELECT `account`,`role` FROM `ml_admin` WHERE ( admin_id=1 ) LIMIT 1   [ RunTime:0.0002s ]
SQL: SHOW COLUMNS FROM `ml_goods` [ RunTime:0.0122s ]
INFO: [ app_end ] --START--
INFO: Run Behavior\ShowPageTraceBehavior [ RunTime:0.000931s ]
INFO: [ app_end ] --END-- [ RunTime:0.000977s ]

[ 2018-08-21T17:32:19+08:00 ] 127.0.0.1 /index.php/Admin/Index/index.html
INFO: [ app_init ] --START--
INFO: Run Behavior\BuildLiteBehavior [ RunTime:0.000020s ]
INFO: [ app_init ] --END-- [ RunTime:0.001800s ]
INFO: [ app_begin ] --START--
INFO: Run Behavior\ReadHtmlCacheBehavior [ RunTime:0.001147s ]
INFO: [ app_begin ] --END-- [ RunTime:0.001238s ]
SQL: SHOW COLUMNS FROM `ml_admin` [ RunTime:0.0158s ]
SQL: SHOW COLUMNS FROM `ml_admin` [ RunTime:0.0069s ]
SQL: SELECT `account`,`role` FROM `ml_admin` WHERE ( admin_id=1 ) LIMIT 1   [ RunTime:0.0003s ]
INFO: [ view_parse ] --START--
INFO: [ template_filter ] --START--
INFO: Run Behavior\ContentReplaceBehavior [ RunTime:0.000095s ]
INFO: [ template_filter ] --END-- [ RunTime:0.000154s ]
INFO: Run Behavior\ParseTemplateBehavior [ RunTime:0.052931s ]
INFO: [ view_parse ] --END-- [ RunTime:0.053003s ]
INFO: [ view_filter ] --START--
INFO: Run Behavior\WriteHtmlCacheBehavior [ RunTime:0.000557s ]
INFO: [ view_filter ] --END-- [ RunTime:0.000600s ]
INFO: [ app_end ] --START--
INFO: Run Behavior\ShowPageTraceBehavior [ RunTime:0.004056s ]
INFO: [ app_end ] --END-- [ RunTime:0.004125s ]

[ 2018-08-21T17:32:22+08:00 ] 127.0.0.1 /index.php/Admin/Goods/goodsList.html
INFO: [ app_init ] --START--
INFO: Run Behavior\BuildLiteBehavior [ RunTime:0.000019s ]
INFO: [ app_init ] --END-- [ RunTime:0.000434s ]
INFO: [ app_begin ] --START--
INFO: Run Behavior\ReadHtmlCacheBehavior [ RunTime:0.000833s ]
INFO: [ app_begin ] --END-- [ RunTime:0.000898s ]
SQL: SHOW COLUMNS FROM `ml_admin` [ RunTime:0.0423s ]
SQL: SHOW COLUMNS FROM `ml_admin` [ RunTime:0.0073s ]
SQL: SELECT `account`,`role` FROM `ml_admin` WHERE ( admin_id=1 ) LIMIT 1   [ RunTime:0.0002s ]
SQL: SHOW COLUMNS FROM `ml_goods` [ RunTime:0.0149s ]
SQL: SHOW COLUMNS FROM `ml_goods` [ RunTime:0.0107s ]
SQL: SELECT COUNT(*) AS tp_count FROM `ml_goods` LIMIT 1   [ RunTime:0.0003s ]
SQL: SELECT * FROM `ml_goods` ORDER BY sort asc LIMIT 0,15   [ RunTime:0.0003s ]
INFO: [ view_parse ] --START--
INFO: [ template_filter ] --START--
INFO: Run Behavior\ContentReplaceBehavior [ RunTime:0.000153s ]
INFO: [ template_filter ] --END-- [ RunTime:0.000228s ]
INFO: Run Behavior\ParseTemplateBehavior [ RunTime:0.061123s ]
INFO: [ view_parse ] --END-- [ RunTime:0.061206s ]
INFO: [ view_filter ] --START--
INFO: Run Behavior\WriteHtmlCacheBehavior [ RunTime:0.000604s ]
INFO: [ view_filter ] --END-- [ RunTime:0.000647s ]
INFO: [ app_end ] --START--
INFO: Run Behavior\ShowPageTraceBehavior [ RunTime:0.001277s ]
INFO: [ app_end ] --END-- [ RunTime:0.001358s ]

[ 2018-08-21T17:32:24+08:00 ] 127.0.0.1 /index.php/Admin/Goods/goodsSlider/goods_id/2.html
INFO: [ app_init ] --START--
INFO: Run Behavior\BuildLiteBehavior [ RunTime:0.000020s ]
INFO: [ app_init ] --END-- [ RunTime:0.000640s ]
INFO: [ app_begin ] --START--
INFO: Run Behavior\ReadHtmlCacheBehavior [ RunTime:0.000896s ]
INFO: [ app_begin ] --END-- [ RunTime:0.000962s ]
SQL: SHOW COLUMNS FROM `ml_admin` [ RunTime:0.0352s ]
SQL: SHOW COLUMNS FROM `ml_admin` [ RunTime:0.0080s ]
SQL: SELECT `account`,`role` FROM `ml_admin` WHERE ( admin_id=1 ) LIMIT 1   [ RunTime:0.0003s ]
SQL: SHOW COLUMNS FROM `ml_goods` [ RunTime:0.0131s ]
NOTIC: [2] Illegal string offset 'error' D:\phpStudy\WWW\ml\Application\Admin\Controller\GoodsController.class.php 第 89 行.
NOTIC: [8] Uninitialized string offset: 0 D:\phpStudy\WWW\ml\Application\Admin\Controller\GoodsController.class.php 第 89 行.
SQL: SHOW COLUMNS FROM `ml_goods_slider` [ RunTime:0.0146s ]
ERR: 1048:Column 'image' cannot be null
 [ SQL语句 ] : INSERT INTO `ml_goods_slider` (`image`,`addtime`,`goods_id`) VALUES (NULL,'1534843944','2')
ERR: 1048:Column 'image' cannot be null
 [ SQL语句 ] : INSERT INTO `ml_goods_slider` (`image`,`addtime`,`goods_id`) VALUES (NULL,'1534843944','2')

[ 2018-08-21T17:33:32+08:00 ] 127.0.0.1 /index.php/Admin/Goods/goodsSlider/goods_id/2.html
INFO: [ app_init ] --START--
INFO: Run Behavior\BuildLiteBehavior [ RunTime:0.000022s ]
INFO: [ app_init ] --END-- [ RunTime:0.000592s ]
INFO: [ app_begin ] --START--
INFO: Run Behavior\ReadHtmlCacheBehavior [ RunTime:0.000943s ]
INFO: [ app_begin ] --END-- [ RunTime:0.001008s ]
SQL: SHOW COLUMNS FROM `ml_admin` [ RunTime:0.0206s ]
SQL: SHOW COLUMNS FROM `ml_admin` [ RunTime:0.0090s ]
SQL: SELECT `account`,`role` FROM `ml_admin` WHERE ( admin_id=1 ) LIMIT 1   [ RunTime:0.0003s ]
SQL: SHOW COLUMNS FROM `ml_goods` [ RunTime:0.0107s ]
SQL: SHOW COLUMNS FROM `ml_goods_slider` [ RunTime:0.0145s ]
NOTIC: [8] Undefined variable: data D:\phpStudy\WWW\ml\Application\Admin\Logic\GoodsLogic.class.php 第 142 行.
SQL: SELECT * FROM `ml_goods_slider`  [ RunTime:0.0002s ]
NOTIC: [8] Undefined variable: result D:\phpStudy\WWW\ml\Application\Admin\Logic\GoodsLogic.class.php 第 146 行.
INFO: [ view_parse ] --START--
INFO: [ template_filter ] --START--
INFO: Run Behavior\ContentReplaceBehavior [ RunTime:0.000079s ]
INFO: [ template_filter ] --END-- [ RunTime:0.000140s ]
NOTIC: [8] Undefined variable: page D:\phpStudy\WWW\ml\Application\Runtime\Cache\Admin\29edf50a8f13d4403fafa9217e993a57.php 第 106 行.
INFO: Run Behavior\ParseTemplateBehavior [ RunTime:0.051967s ]
INFO: [ view_parse ] --END-- [ RunTime:0.052029s ]
INFO: [ view_filter ] --START--
INFO: Run Behavior\WriteHtmlCacheBehavior [ RunTime:0.000577s ]
INFO: [ view_filter ] --END-- [ RunTime:0.000621s ]
INFO: [ app_end ] --START--
INFO: Run Behavior\ShowPageTraceBehavior [ RunTime:0.000943s ]
INFO: [ app_end ] --END-- [ RunTime:0.000994s ]

[ 2018-08-21T17:33:37+08:00 ] 127.0.0.1 /index.php/Admin/Goods/goodsSlider.html
INFO: [ app_init ] --START--
INFO: Run Behavior\BuildLiteBehavior [ RunTime:0.000020s ]
INFO: [ app_init ] --END-- [ RunTime:0.000466s ]
INFO: [ app_begin ] --START--
INFO: Run Behavior\ReadHtmlCacheBehavior [ RunTime:0.000890s ]
INFO: [ app_begin ] --END-- [ RunTime:0.000959s ]
SQL: SHOW COLUMNS FROM `ml_admin` [ RunTime:0.0353s ]
SQL: SHOW COLUMNS FROM `ml_admin` [ RunTime:0.0073s ]
SQL: SELECT `account`,`role` FROM `ml_admin` WHERE ( admin_id=1 ) LIMIT 1   [ RunTime:0.0003s ]
SQL: SHOW COLUMNS FROM `ml_goods` [ RunTime:0.0119s ]
INFO: [ view_parse ] --START--
INFO: [ template_filter ] --START--
INFO: Run Behavior\ContentReplaceBehavior [ RunTime:0.000082s ]
INFO: [ template_filter ] --END-- [ RunTime:0.000137s ]
NOTIC: [8] Undefined variable: list D:\phpStudy\WWW\ml\Application\Runtime\Cache\Admin\29edf50a8f13d4403fafa9217e993a57.php 第 92 行.
NOTIC: [8] Undefined variable: page D:\phpStudy\WWW\ml\Application\Runtime\Cache\Admin\29edf50a8f13d4403fafa9217e993a57.php 第 106 行.
INFO: Run Behavior\ParseTemplateBehavior [ RunTime:0.049260s ]
INFO: [ view_parse ] --END-- [ RunTime:0.049313s ]
INFO: [ view_filter ] --START--
INFO: Run Behavior\WriteHtmlCacheBehavior [ RunTime:0.000548s ]
INFO: [ view_filter ] --END-- [ RunTime:0.000584s ]
INFO: [ app_end ] --START--
INFO: Run Behavior\ShowPageTraceBehavior [ RunTime:0.000829s ]
INFO: [ app_end ] --END-- [ RunTime:0.000870s ]

[ 2018-08-21T17:35:11+08:00 ] 127.0.0.1 /index.php/Admin/Goods/goodsSlider.html
INFO: [ app_init ] --START--
INFO: Run Behavior\BuildLiteBehavior [ RunTime:0.000019s ]
INFO: [ app_init ] --END-- [ RunTime:0.000453s ]
INFO: [ app_begin ] --START--
INFO: Run Behavior\ReadHtmlCacheBehavior [ RunTime:0.000966s ]
INFO: [ app_begin ] --END-- [ RunTime:0.001039s ]
SQL: SHOW COLUMNS FROM `ml_admin` [ RunTime:0.0212s ]
SQL: SHOW COLUMNS FROM `ml_admin` [ RunTime:0.0069s ]
SQL: SELECT `account`,`role` FROM `ml_admin` WHERE ( admin_id=1 ) LIMIT 1   [ RunTime:0.0004s ]
SQL: SHOW COLUMNS FROM `ml_goods` [ RunTime:0.0110s ]
INFO: [ view_parse ] --START--
INFO: [ template_filter ] --START--
INFO: Run Behavior\ContentReplaceBehavior [ RunTime:0.000082s ]
INFO: [ template_filter ] --END-- [ RunTime:0.000135s ]
NOTIC: [8] Undefined variable: list D:\phpStudy\WWW\ml\Application\Runtime\Cache\Admin\29edf50a8f13d4403fafa9217e993a57.php 第 92 行.
NOTIC: [8] Undefined variable: page D:\phpStudy\WWW\ml\Application\Runtime\Cache\Admin\29edf50a8f13d4403fafa9217e993a57.php 第 106 行.
INFO: Run Behavior\ParseTemplateBehavior [ RunTime:0.048553s ]
INFO: [ view_parse ] --END-- [ RunTime:0.048606s ]
INFO: [ view_filter ] --START--
INFO: Run Behavior\WriteHtmlCacheBehavior [ RunTime:0.000543s ]
INFO: [ view_filter ] --END-- [ RunTime:0.000581s ]
INFO: [ app_end ] --START--
INFO: Run Behavior\ShowPageTraceBehavior [ RunTime:0.000809s ]
INFO: [ app_end ] --END-- [ RunTime:0.000848s ]

[ 2018-08-21T17:35:17+08:00 ] 127.0.0.1 /index.php/Admin/Goods/goodsSlider/goods_id/2.html
INFO: [ app_init ] --START--
INFO: Run Behavior\BuildLiteBehavior [ RunTime:0.000016s ]
INFO: [ app_init ] --END-- [ RunTime:0.000422s ]
INFO: [ app_begin ] --START--
INFO: Run Behavior\ReadHtmlCacheBehavior [ RunTime:0.000879s ]
INFO: [ app_begin ] --END-- [ RunTime:0.000950s ]
SQL: SHOW COLUMNS FROM `ml_admin` [ RunTime:0.0331s ]
SQL: SHOW COLUMNS FROM `ml_admin` [ RunTime:0.0072s ]
SQL: SELECT `account`,`role` FROM `ml_admin` WHERE ( admin_id=1 ) LIMIT 1   [ RunTime:0.0009s ]
SQL: SHOW COLUMNS FROM `ml_goods` [ RunTime:0.0195s ]
SQL: SHOW COLUMNS FROM `ml_goods_slider` [ RunTime:0.0171s ]
NOTIC: [8] Undefined variable: data D:\phpStudy\WWW\ml\Application\Admin\Logic\GoodsLogic.class.php 第 142 行.
SQL: SELECT * FROM `ml_goods_slider`  [ RunTime:0.0002s ]
NOTIC: [8] Undefined variable: result D:\phpStudy\WWW\ml\Application\Admin\Logic\GoodsLogic.class.php 第 146 行.
INFO: [ view_parse ] --START--
INFO: [ template_filter ] --START--
INFO: Run Behavior\ContentReplaceBehavior [ RunTime:0.000116s ]
INFO: [ template_filter ] --END-- [ RunTime:0.000178s ]
NOTIC: [8] Undefined variable: page D:\phpStudy\WWW\ml\Application\Runtime\Cache\Admin\29edf50a8f13d4403fafa9217e993a57.php 第 106 行.
INFO: Run Behavior\ParseTemplateBehavior [ RunTime:0.055505s ]
INFO: [ view_parse ] --END-- [ RunTime:0.055561s ]
INFO: [ view_filter ] --START--
INFO: Run Behavior\WriteHtmlCacheBehavior [ RunTime:0.000556s ]
INFO: [ view_filter ] --END-- [ RunTime:0.000600s ]
INFO: [ app_end ] --START--
INFO: Run Behavior\ShowPageTraceBehavior [ RunTime:0.000849s ]
INFO: [ app_end ] --END-- [ RunTime:0.000897s ]

[ 2018-08-21T17:35:20+08:00 ] 127.0.0.1 /index.php/Admin/Goods/goodsSlider.html
INFO: [ app_init ] --START--
INFO: Run Behavior\BuildLiteBehavior [ RunTime:0.000021s ]
INFO: [ app_init ] --END-- [ RunTime:0.000486s ]
INFO: [ app_begin ] --START--
INFO: Run Behavior\ReadHtmlCacheBehavior [ RunTime:0.001056s ]
INFO: [ app_begin ] --END-- [ RunTime:0.001129s ]
SQL: SHOW COLUMNS FROM `ml_admin` [ RunTime:0.0245s ]
SQL: SHOW COLUMNS FROM `ml_admin` [ RunTime:0.0089s ]
SQL: SELECT `account`,`role` FROM `ml_admin` WHERE ( admin_id=1 ) LIMIT 1   [ RunTime:0.0003s ]
SQL: SHOW COLUMNS FROM `ml_goods` [ RunTime:0.0108s ]
INFO: [ view_parse ] --START--
INFO: [ template_filter ] --START--
INFO: Run Behavior\ContentReplaceBehavior [ RunTime:0.000082s ]
INFO: [ template_filter ] --END-- [ RunTime:0.000139s ]
NOTIC: [8] Undefined variable: list D:\phpStudy\WWW\ml\Application\Runtime\Cache\Admin\29edf50a8f13d4403fafa9217e993a57.php 第 92 行.
NOTIC: [8] Undefined variable: page D:\phpStudy\WWW\ml\Application\Runtime\Cache\Admin\29edf50a8f13d4403fafa9217e993a57.php 第 106 行.
INFO: Run Behavior\ParseTemplateBehavior [ RunTime:0.048476s ]
INFO: [ view_parse ] --END-- [ RunTime:0.048528s ]
INFO: [ view_filter ] --START--
INFO: Run Behavior\WriteHtmlCacheBehavior [ RunTime:0.000549s ]
INFO: [ view_filter ] --END-- [ RunTime:0.000588s ]
INFO: [ app_end ] --START--
INFO: Run Behavior\ShowPageTraceBehavior [ RunTime:0.000859s ]
INFO: [ app_end ] --END-- [ RunTime:0.000900s ]

[ 2018-08-21T17:36:31+08:00 ] 127.0.0.1 /index.php/Admin/Goods/goodsSlider/goods_id/2.html
INFO: [ app_init ] --START--
INFO: Run Behavior\BuildLiteBehavior [ RunTime:0.000020s ]
INFO: [ app_init ] --END-- [ RunTime:0.000567s ]
INFO: [ app_begin ] --START--
INFO: Run Behavior\ReadHtmlCacheBehavior [ RunTime:0.001060s ]
INFO: [ app_begin ] --END-- [ RunTime:0.001145s ]
SQL: SHOW COLUMNS FROM `ml_admin` [ RunTime:0.0173s ]
SQL: SHOW COLUMNS FROM `ml_admin` [ RunTime:0.0075s ]
SQL: SELECT `account`,`role` FROM `ml_admin` WHERE ( admin_id=1 ) LIMIT 1   [ RunTime:0.0005s ]
SQL: SHOW COLUMNS FROM `ml_goods` [ RunTime:0.0121s ]
SQL: SHOW COLUMNS FROM `ml_goods_slider` [ RunTime:0.0133s ]
NOTIC: [8] Undefined variable: data D:\phpStudy\WWW\ml\Application\Admin\Logic\GoodsLogic.class.php 第 142 行.
SQL: SELECT * FROM `ml_goods_slider`  [ RunTime:0.0002s ]
NOTIC: [8] Undefined variable: result D:\phpStudy\WWW\ml\Application\Admin\Logic\GoodsLogic.class.php 第 146 行.
INFO: [ view_parse ] --START--
INFO: [ template_filter ] --START--
INFO: Run Behavior\ContentReplaceBehavior [ RunTime:0.000080s ]
INFO: [ template_filter ] --END-- [ RunTime:0.000138s ]
NOTIC: [8] Undefined variable: page D:\phpStudy\WWW\ml\Application\Runtime\Cache\Admin\29edf50a8f13d4403fafa9217e993a57.php 第 106 行.
INFO: Run Behavior\ParseTemplateBehavior [ RunTime:0.049418s ]
INFO: [ view_parse ] --END-- [ RunTime:0.049475s ]
INFO: [ view_filter ] --START--
INFO: Run Behavior\WriteHtmlCacheBehavior [ RunTime:0.000590s ]
INFO: [ view_filter ] --END-- [ RunTime:0.000635s ]
INFO: [ app_end ] --START--
INFO: Run Behavior\ShowPageTraceBehavior [ RunTime:0.000925s ]
INFO: [ app_end ] --END-- [ RunTime:0.000996s ]

[ 2018-08-21T17:36:37+08:00 ] 127.0.0.1 /index.php/Admin/Goods/addSlider.html
INFO: [ app_init ] --START--
INFO: Run Behavior\BuildLiteBehavior [ RunTime:0.000020s ]
INFO: [ app_init ] --END-- [ RunTime:0.000517s ]
INFO: [ app_begin ] --START--
INFO: Run Behavior\ReadHtmlCacheBehavior [ RunTime:0.000922s ]
INFO: [ app_begin ] --END-- [ RunTime:0.000998s ]
SQL: SHOW COLUMNS FROM `ml_admin` [ RunTime:0.0287s ]
SQL: SHOW COLUMNS FROM `ml_admin` [ RunTime:0.0066s ]
SQL: SELECT `account`,`role` FROM `ml_admin` WHERE ( admin_id=1 ) LIMIT 1   [ RunTime:0.0004s ]
SQL: SHOW COLUMNS FROM `ml_goods` [ RunTime:0.0115s ]
NOTIC: [2] call_user_func() expects parameter 1 to be a valid callback, no array or string given D:\phpStudy\WWW\ml\ThinkPHP\Library\Think\Upload.class.php 第 170 行.
SQL: SHOW COLUMNS FROM `ml_goods_slider` [ RunTime:0.0153s ]
SQL: INSERT INTO `ml_goods_slider` (`image`,`addtime`,`goods_id`) VALUES ('5b7bdd25e36be.jpg','1534844197','0') [ RunTime:0.0077s ]

[ 2018-08-21T17:37:19+08:00 ] 127.0.0.1 /index.php/Admin/Goods/addSlider.html
INFO: [ app_init ] --START--
INFO: Run Behavior\BuildLiteBehavior [ RunTime:0.000022s ]
INFO: [ app_init ] --END-- [ RunTime:0.000719s ]
INFO: [ app_begin ] --START--
INFO: Run Behavior\ReadHtmlCacheBehavior [ RunTime:0.001761s ]
INFO: [ app_begin ] --END-- [ RunTime:0.001850s ]
SQL: SHOW COLUMNS FROM `ml_admin` [ RunTime:0.0344s ]
SQL: SHOW COLUMNS FROM `ml_admin` [ RunTime:0.0076s ]
SQL: SELECT `account`,`role` FROM `ml_admin` WHERE ( admin_id=1 ) LIMIT 1   [ RunTime:0.0003s ]
SQL: SHOW COLUMNS FROM `ml_goods` [ RunTime:0.0122s ]
NOTIC: [2] call_user_func() expects parameter 1 to be a valid callback, no array or string given D:\phpStudy\WWW\ml\ThinkPHP\Library\Think\Upload.class.php 第 170 行.
SQL: SHOW COLUMNS FROM `ml_goods_slider` [ RunTime:0.0139s ]
SQL: INSERT INTO `ml_goods_slider` (`image`,`addtime`,`goods_id`) VALUES ('5b7bdd4f75223.jpg','1534844239','0') [ RunTime:0.0003s ]

[ 2018-08-21T17:41:50+08:00 ] 127.0.0.1 /index.php/Admin/Goods/addSlider.html
INFO: [ app_init ] --START--
INFO: Run Behavior\BuildLiteBehavior [ RunTime:0.000017s ]
INFO: [ app_init ] --END-- [ RunTime:0.000438s ]
INFO: [ app_begin ] --START--
INFO: Run Behavior\ReadHtmlCacheBehavior [ RunTime:0.000909s ]
INFO: [ app_begin ] --END-- [ RunTime:0.000962s ]
SQL: SHOW COLUMNS FROM `ml_admin` [ RunTime:0.0193s ]
SQL: SHOW COLUMNS FROM `ml_admin` [ RunTime:0.0073s ]
SQL: SELECT `account`,`role` FROM `ml_admin` WHERE ( admin_id=1 ) LIMIT 1   [ RunTime:0.0003s ]
SQL: SHOW COLUMNS FROM `ml_goods` [ RunTime:0.0109s ]
NOTIC: [2] call_user_func() expects parameter 1 to be a valid callback, no array or string given D:\phpStudy\WWW\ml\ThinkPHP\Library\Think\Upload.class.php 第 170 行.

[ 2018-08-21T17:41:55+08:00 ] 127.0.0.1 /index.php/Admin/Index/index.html
INFO: [ app_init ] --START--
INFO: Run Behavior\BuildLiteBehavior [ RunTime:0.000017s ]
INFO: [ app_init ] --END-- [ RunTime:0.000452s ]
INFO: [ app_begin ] --START--
INFO: Run Behavior\ReadHtmlCacheBehavior [ RunTime:0.000876s ]
INFO: [ app_begin ] --END-- [ RunTime:0.000934s ]
SQL: SHOW COLUMNS FROM `ml_admin` [ RunTime:0.0168s ]
SQL: SHOW COLUMNS FROM `ml_admin` [ RunTime:0.0085s ]
SQL: SELECT `account`,`role` FROM `ml_admin` WHERE ( admin_id=1 ) LIMIT 1   [ RunTime:0.0002s ]
INFO: [ view_parse ] --START--
INFO: [ template_filter ] --START--
INFO: Run Behavior\ContentReplaceBehavior [ RunTime:0.000089s ]
INFO: [ template_filter ] --END-- [ RunTime:0.000150s ]
INFO: Run Behavior\ParseTemplateBehavior [ RunTime:0.049239s ]
INFO: [ view_parse ] --END-- [ RunTime:0.049308s ]
INFO: [ view_filter ] --START--
INFO: Run Behavior\WriteHtmlCacheBehavior [ RunTime:0.000734s ]
INFO: [ view_filter ] --END-- [ RunTime:0.000791s ]
INFO: [ app_end ] --START--
INFO: Run Behavior\ShowPageTraceBehavior [ RunTime:0.001041s ]
INFO: [ app_end ] --END-- [ RunTime:0.001207s ]

[ 2018-08-21T17:41:58+08:00 ] 127.0.0.1 /index.php/Admin/Goods/goodsList.html
INFO: [ app_init ] --START--
INFO: Run Behavior\BuildLiteBehavior [ RunTime:0.000019s ]
INFO: [ app_init ] --END-- [ RunTime:0.000509s ]
INFO: [ app_begin ] --START--
INFO: Run Behavior\ReadHtmlCacheBehavior [ RunTime:0.000890s ]
INFO: [ app_begin ] --END-- [ RunTime:0.000960s ]
SQL: SHOW COLUMNS FROM `ml_admin` [ RunTime:0.0177s ]
SQL: SHOW COLUMNS FROM `ml_admin` [ RunTime:0.0068s ]
SQL: SELECT `account`,`role` FROM `ml_admin` WHERE ( admin_id=1 ) LIMIT 1   [ RunTime:0.0003s ]
SQL: SHOW COLUMNS FROM `ml_goods` [ RunTime:0.0135s ]
SQL: SHOW COLUMNS FROM `ml_goods` [ RunTime:0.0099s ]
SQL: SELECT COUNT(*) AS tp_count FROM `ml_goods` LIMIT 1   [ RunTime:0.0003s ]
SQL: SELECT * FROM `ml_goods` ORDER BY sort asc LIMIT 0,15   [ RunTime:0.0003s ]
INFO: [ view_parse ] --START--
INFO: [ template_filter ] --START--
INFO: Run Behavior\ContentReplaceBehavior [ RunTime:0.000115s ]
INFO: [ template_filter ] --END-- [ RunTime:0.000189s ]
INFO: Run Behavior\ParseTemplateBehavior [ RunTime:0.066576s ]
INFO: [ view_parse ] --END-- [ RunTime:0.066639s ]
INFO: [ view_filter ] --START--
INFO: Run Behavior\WriteHtmlCacheBehavior [ RunTime:0.000593s ]
INFO: [ view_filter ] --END-- [ RunTime:0.000638s ]
INFO: [ app_end ] --START--
INFO: Run Behavior\ShowPageTraceBehavior [ RunTime:0.001601s ]
INFO: [ app_end ] --END-- [ RunTime:0.001707s ]

[ 2018-08-21T17:42:00+08:00 ] 127.0.0.1 /index.php/Admin/Goods/goodsSlider/goods_id/2.html
INFO: [ app_init ] --START--
INFO: Run Behavior\BuildLiteBehavior [ RunTime:0.000021s ]
INFO: [ app_init ] --END-- [ RunTime:0.000550s ]
INFO: [ app_begin ] --START--
INFO: Run Behavior\ReadHtmlCacheBehavior [ RunTime:0.000876s ]
INFO: [ app_begin ] --END-- [ RunTime:0.000938s ]
SQL: SHOW COLUMNS FROM `ml_admin` [ RunTime:0.0576s ]
SQL: SHOW COLUMNS FROM `ml_admin` [ RunTime:0.0076s ]
SQL: SELECT `account`,`role` FROM `ml_admin` WHERE ( admin_id=1 ) LIMIT 1   [ RunTime:0.0004s ]
SQL: SHOW COLUMNS FROM `ml_goods` [ RunTime:0.0114s ]
SQL: SHOW COLUMNS FROM `ml_goods_slider` [ RunTime:0.0147s ]
NOTIC: [8] Undefined variable: data D:\phpStudy\WWW\ml\Application\Admin\Logic\GoodsLogic.class.php 第 143 行.
SQL: SELECT * FROM `ml_goods_slider`  [ RunTime:0.0002s ]
NOTIC: [8] Undefined variable: result D:\phpStudy\WWW\ml\Application\Admin\Logic\GoodsLogic.class.php 第 147 行.
INFO: [ view_parse ] --START--
INFO: [ template_filter ] --START--
INFO: Run Behavior\ContentReplaceBehavior [ RunTime:0.000079s ]
INFO: [ template_filter ] --END-- [ RunTime:0.000139s ]
NOTIC: [8] Undefined variable: page D:\phpStudy\WWW\ml\Application\Runtime\Cache\Admin\29edf50a8f13d4403fafa9217e993a57.php 第 107 行.
INFO: Run Behavior\ParseTemplateBehavior [ RunTime:0.049102s ]
INFO: [ view_parse ] --END-- [ RunTime:0.049161s ]
INFO: [ view_filter ] --START--
INFO: Run Behavior\WriteHtmlCacheBehavior [ RunTime:0.000563s ]
INFO: [ view_filter ] --END-- [ RunTime:0.000606s ]
INFO: [ app_end ] --START--
INFO: Run Behavior\ShowPageTraceBehavior [ RunTime:0.000819s ]
INFO: [ app_end ] --END-- [ RunTime:0.000863s ]

[ 2018-08-21T17:42:01+08:00 ] 127.0.0.1 /index.php/Admin/Goods/addSlider.html
INFO: [ app_init ] --START--
INFO: Run Behavior\BuildLiteBehavior [ RunTime:0.000017s ]
INFO: [ app_init ] --END-- [ RunTime:0.000411s ]
INFO: [ app_begin ] --START--
INFO: Run Behavior\ReadHtmlCacheBehavior [ RunTime:0.000812s ]
INFO: [ app_begin ] --END-- [ RunTime:0.000863s ]
SQL: SHOW COLUMNS FROM `ml_admin` [ RunTime:0.0247s ]
SQL: SHOW COLUMNS FROM `ml_admin` [ RunTime:0.0089s ]
SQL: SELECT `account`,`role` FROM `ml_admin` WHERE ( admin_id=1 ) LIMIT 1   [ RunTime:0.0003s ]
SQL: SHOW COLUMNS FROM `ml_goods` [ RunTime:0.0131s ]
NOTIC: [8] Undefined variable: data D:\phpStudy\WWW\ml\Application\Admin\Controller\GoodsController.class.php 第 114 行.
SQL: SHOW COLUMNS FROM `ml_goods_slider` [ RunTime:0.0158s ]

[ 2018-08-21T17:42:06+08:00 ] 127.0.0.1 /index.php/Admin/Goods/addSlider.html
INFO: [ app_init ] --START--
INFO: Run Behavior\BuildLiteBehavior [ RunTime:0.000016s ]
INFO: [ app_init ] --END-- [ RunTime:0.000430s ]
INFO: [ app_begin ] --START--
INFO: Run Behavior\ReadHtmlCacheBehavior [ RunTime:0.000898s ]
INFO: [ app_begin ] --END-- [ RunTime:0.000960s ]
SQL: SHOW COLUMNS FROM `ml_admin` [ RunTime:0.0197s ]
SQL: SHOW COLUMNS FROM `ml_admin` [ RunTime:0.0076s ]
SQL: SELECT `account`,`role` FROM `ml_admin` WHERE ( admin_id=1 ) LIMIT 1   [ RunTime:0.0003s ]
SQL: SHOW COLUMNS FROM `ml_goods` [ RunTime:0.0123s ]
NOTIC: [2] call_user_func() expects parameter 1 to be a valid callback, no array or string given D:\phpStudy\WWW\ml\ThinkPHP\Library\Think\Upload.class.php 第 170 行.

[ 2018-08-21T17:43:08+08:00 ] 127.0.0.1 /index.php/Admin/Goods/goodsSlider/goods_id/2.html
INFO: [ app_init ] --START--
INFO: Run Behavior\BuildLiteBehavior [ RunTime:0.000017s ]
INFO: [ app_init ] --END-- [ RunTime:0.000432s ]
INFO: [ app_begin ] --START--
INFO: Run Behavior\ReadHtmlCacheBehavior [ RunTime:0.000825s ]
INFO: [ app_begin ] --END-- [ RunTime:0.000877s ]
SQL: SHOW COLUMNS FROM `ml_admin` [ RunTime:0.0152s ]
SQL: SHOW COLUMNS FROM `ml_admin` [ RunTime:0.0067s ]
SQL: SELECT `account`,`role` FROM `ml_admin` WHERE ( admin_id=1 ) LIMIT 1   [ RunTime:0.0003s ]
SQL: SHOW COLUMNS FROM `ml_goods` [ RunTime:0.0109s ]
SQL: SHOW COLUMNS FROM `ml_goods_slider` [ RunTime:0.0146s ]
NOTIC: [8] Undefined variable: data D:\phpStudy\WWW\ml\Application\Admin\Logic\GoodsLogic.class.php 第 143 行.
SQL: SELECT * FROM `ml_goods_slider`  [ RunTime:0.0002s ]
NOTIC: [8] Undefined variable: result D:\phpStudy\WWW\ml\Application\Admin\Logic\GoodsLogic.class.php 第 147 行.
INFO: [ view_parse ] --START--
INFO: [ template_filter ] --START--
INFO: Run Behavior\ContentReplaceBehavior [ RunTime:0.000080s ]
INFO: [ template_filter ] --END-- [ RunTime:0.000137s ]
NOTIC: [8] Undefined variable: page D:\phpStudy\WWW\ml\Application\Runtime\Cache\Admin\29edf50a8f13d4403fafa9217e993a57.php 第 107 行.
INFO: Run Behavior\ParseTemplateBehavior [ RunTime:0.049281s ]
INFO: [ view_parse ] --END-- [ RunTime:0.049338s ]
INFO: [ view_filter ] --START--
INFO: Run Behavior\WriteHtmlCacheBehavior [ RunTime:0.000554s ]
INFO: [ view_filter ] --END-- [ RunTime:0.000596s ]
INFO: [ app_end ] --START--
INFO: Run Behavior\ShowPageTraceBehavior [ RunTime:0.000820s ]
INFO: [ app_end ] --END-- [ RunTime:0.000864s ]

[ 2018-08-21T17:43:12+08:00 ] 127.0.0.1 /index.php/Admin/Goods/addSlider.html
INFO: [ app_init ] --START--
INFO: Run Behavior\BuildLiteBehavior [ RunTime:0.000017s ]
INFO: [ app_init ] --END-- [ RunTime:0.000419s ]
INFO: [ app_begin ] --START--
INFO: Run Behavior\ReadHtmlCacheBehavior [ RunTime:0.000884s ]
INFO: [ app_begin ] --END-- [ RunTime:0.000949s ]
SQL: SHOW COLUMNS FROM `ml_admin` [ RunTime:0.0221s ]
SQL: SHOW COLUMNS FROM `ml_admin` [ RunTime:0.0070s ]
SQL: SELECT `account`,`role` FROM `ml_admin` WHERE ( admin_id=1 ) LIMIT 1   [ RunTime:0.0003s ]
SQL: SHOW COLUMNS FROM `ml_goods` [ RunTime:0.0110s ]
NOTIC: [2] call_user_func() expects parameter 1 to be a valid callback, no array or string given D:\phpStudy\WWW\ml\ThinkPHP\Library\Think\Upload.class.php 第 170 行.
SQL: SHOW COLUMNS FROM `ml_goods_slider` [ RunTime:0.0179s ]
SQL: INSERT INTO `ml_goods_slider` (`image`,`addtime`,`goods_id`) VALUES ('5b7bdeb00031c.jpg','1534844592','2') [ RunTime:0.0003s ]

[ 2018-08-21T17:43:17+08:00 ] 127.0.0.1 /index.php/Admin/Goods/addSlider.html
INFO: [ app_init ] --START--
INFO: Run Behavior\BuildLiteBehavior [ RunTime:0.000017s ]
INFO: [ app_init ] --END-- [ RunTime:0.000464s ]
INFO: [ app_begin ] --START--
INFO: Run Behavior\ReadHtmlCacheBehavior [ RunTime:0.000919s ]
INFO: [ app_begin ] --END-- [ RunTime:0.001001s ]
SQL: SHOW COLUMNS FROM `ml_admin` [ RunTime:0.0357s ]
SQL: SHOW COLUMNS FROM `ml_admin` [ RunTime:0.0092s ]
SQL: SELECT `account`,`role` FROM `ml_admin` WHERE ( admin_id=1 ) LIMIT 1   [ RunTime:0.0003s ]
SQL: SHOW COLUMNS FROM `ml_goods` [ RunTime:0.0165s ]
NOTIC: [2] call_user_func() expects parameter 1 to be a valid callback, no array or string given D:\phpStudy\WWW\ml\ThinkPHP\Library\Think\Upload.class.php 第 170 行.
SQL: SHOW COLUMNS FROM `ml_goods_slider` [ RunTime:0.0136s ]
SQL: INSERT INTO `ml_goods_slider` (`image`,`addtime`,`goods_id`) VALUES ('5b7bdeb506565.jpg','1534844597','2') [ RunTime:0.0002s ]

[ 2018-08-21T17:44:15+08:00 ] 127.0.0.1 /index.php/Admin/Goods/addSlider.html
INFO: [ app_init ] --START--
INFO: Run Behavior\BuildLiteBehavior [ RunTime:0.000017s ]
INFO: [ app_init ] --END-- [ RunTime:0.000412s ]
INFO: [ app_begin ] --START--
INFO: Run Behavior\ReadHtmlCacheBehavior [ RunTime:0.000803s ]
INFO: [ app_begin ] --END-- [ RunTime:0.000850s ]
SQL: SHOW COLUMNS FROM `ml_admin` [ RunTime:0.0196s ]
SQL: SHOW COLUMNS FROM `ml_admin` [ RunTime:0.0069s ]
SQL: SELECT `account`,`role` FROM `ml_admin` WHERE ( admin_id=1 ) LIMIT 1   [ RunTime:0.0003s ]
SQL: SHOW COLUMNS FROM `ml_goods` [ RunTime:0.0124s ]
NOTIC: [2] call_user_func() expects parameter 1 to be a valid callback, no array or string given D:\phpStudy\WWW\ml\ThinkPHP\Library\Think\Upload.class.php 第 170 行.
SQL: SHOW COLUMNS FROM `ml_goods_slider` [ RunTime:0.0143s ]
SQL: INSERT INTO `ml_goods_slider` (`image`,`addtime`,`goods_id`) VALUES ('5b7bdeef2cea7.jpg','1534844655','2') [ RunTime:0.0004s ]

[ 2018-08-21T17:44:16+08:00 ] 127.0.0.1 /index.php/Admin/Goods/goodsSlider/goods_id/2.html
INFO: [ app_init ] --START--
INFO: Run Behavior\BuildLiteBehavior [ RunTime:0.000019s ]
INFO: [ app_init ] --END-- [ RunTime:0.000456s ]
INFO: [ app_begin ] --START--
INFO: Run Behavior\ReadHtmlCacheBehavior [ RunTime:0.000932s ]
INFO: [ app_begin ] --END-- [ RunTime:0.001004s ]
SQL: SHOW COLUMNS FROM `ml_admin` [ RunTime:0.0251s ]
SQL: SHOW COLUMNS FROM `ml_admin` [ RunTime:0.0107s ]
SQL: SELECT `account`,`role` FROM `ml_admin` WHERE ( admin_id=1 ) LIMIT 1   [ RunTime:0.0002s ]
SQL: SHOW COLUMNS FROM `ml_goods` [ RunTime:0.0150s ]
SQL: SHOW COLUMNS FROM `ml_goods_slider` [ RunTime:0.0155s ]
NOTIC: [8] Undefined variable: data D:\phpStudy\WWW\ml\Application\Admin\Logic\GoodsLogic.class.php 第 143 行.
SQL: SELECT * FROM `ml_goods_slider`  [ RunTime:0.0002s ]
NOTIC: [8] Undefined variable: result D:\phpStudy\WWW\ml\Application\Admin\Logic\GoodsLogic.class.php 第 147 行.
INFO: [ view_parse ] --START--
INFO: [ template_filter ] --START--
INFO: Run Behavior\ContentReplaceBehavior [ RunTime:0.000108s ]
INFO: [ template_filter ] --END-- [ RunTime:0.000179s ]
NOTIC: [8] Undefined variable: page D:\phpStudy\WWW\ml\Application\Runtime\Cache\Admin\29edf50a8f13d4403fafa9217e993a57.php 第 107 行.
INFO: Run Behavior\ParseTemplateBehavior [ RunTime:0.051430s ]
INFO: [ view_parse ] --END-- [ RunTime:0.051487s ]
INFO: [ view_filter ] --START--
INFO: Run Behavior\WriteHtmlCacheBehavior [ RunTime:0.000546s ]
INFO: [ view_filter ] --END-- [ RunTime:0.000588s ]
INFO: [ app_end ] --START--
INFO: Run Behavior\ShowPageTraceBehavior [ RunTime:0.000814s ]
INFO: [ app_end ] --END-- [ RunTime:0.000858s ]

[ 2018-08-21T17:44:49+08:00 ] 127.0.0.1 /index.php/Admin/Goods/goodsSlider/goods_id/2.html
INFO: [ app_init ] --START--
INFO: Run Behavior\BuildLiteBehavior [ RunTime:0.000018s ]
INFO: [ app_init ] --END-- [ RunTime:0.000423s ]
INFO: [ app_begin ] --START--
INFO: Run Behavior\ReadHtmlCacheBehavior [ RunTime:0.000817s ]
INFO: [ app_begin ] --END-- [ RunTime:0.000872s ]
SQL: SHOW COLUMNS FROM `ml_admin` [ RunTime:0.0189s ]
SQL: SHOW COLUMNS FROM `ml_admin` [ RunTime:0.0082s ]
SQL: SELECT `account`,`role` FROM `ml_admin` WHERE ( admin_id=1 ) LIMIT 1   [ RunTime:0.0004s ]
SQL: SHOW COLUMNS FROM `ml_goods` [ RunTime:0.0109s ]
SQL: SHOW COLUMNS FROM `ml_goods_slider` [ RunTime:0.0136s ]
NOTIC: [8] Undefined variable: data D:\phpStudy\WWW\ml\Application\Admin\Logic\GoodsLogic.class.php 第 143 行.
SQL: SELECT * FROM `ml_goods_slider`  [ RunTime:0.0002s ]
NOTIC: [8] Undefined variable: result D:\phpStudy\WWW\ml\Application\Admin\Logic\GoodsLogic.class.php 第 147 行.
INFO: [ view_parse ] --START--
INFO: [ template_filter ] --START--
INFO: Run Behavior\ContentReplaceBehavior [ RunTime:0.000079s ]
INFO: [ template_filter ] --END-- [ RunTime:0.000136s ]
NOTIC: [8] Undefined variable: page D:\phpStudy\WWW\ml\Application\Runtime\Cache\Admin\29edf50a8f13d4403fafa9217e993a57.php 第 107 行.
INFO: Run Behavior\ParseTemplateBehavior [ RunTime:0.048778s ]
INFO: [ view_parse ] --END-- [ RunTime:0.048834s ]
INFO: [ view_filter ] --START--
INFO: Run Behavior\WriteHtmlCacheBehavior [ RunTime:0.000553s ]
INFO: [ view_filter ] --END-- [ RunTime:0.000595s ]
INFO: [ app_end ] --START--
INFO: Run Behavior\ShowPageTraceBehavior [ RunTime:0.000820s ]
INFO: [ app_end ] --END-- [ RunTime:0.000863s ]

[ 2018-08-21T17:47:08+08:00 ] 127.0.0.1 /index.php/Admin/Index/index.html
INFO: [ app_init ] --START--
INFO: Run Behavior\BuildLiteBehavior [ RunTime:0.000017s ]
INFO: [ app_init ] --END-- [ RunTime:0.000439s ]
INFO: [ app_begin ] --START--
INFO: Run Behavior\ReadHtmlCacheBehavior [ RunTime:0.000832s ]
INFO: [ app_begin ] --END-- [ RunTime:0.000884s ]
SQL: SHOW COLUMNS FROM `ml_admin` [ RunTime:0.0396s ]
SQL: SHOW COLUMNS FROM `ml_admin` [ RunTime:0.0077s ]
SQL: SELECT `account`,`role` FROM `ml_admin` WHERE ( admin_id=1 ) LIMIT 1   [ RunTime:0.0002s ]
INFO: [ view_parse ] --START--
INFO: [ template_filter ] --START--
INFO: Run Behavior\ContentReplaceBehavior [ RunTime:0.000104s ]
INFO: [ template_filter ] --END-- [ RunTime:0.000169s ]
INFO: Run Behavior\ParseTemplateBehavior [ RunTime:0.051972s ]
INFO: [ view_parse ] --END-- [ RunTime:0.052039s ]
INFO: [ view_filter ] --START--
INFO: Run Behavior\WriteHtmlCacheBehavior [ RunTime:0.000555s ]
INFO: [ view_filter ] --END-- [ RunTime:0.000598s ]
INFO: [ app_end ] --START--
INFO: Run Behavior\ShowPageTraceBehavior [ RunTime:0.001319s ]
INFO: [ app_end ] --END-- [ RunTime:0.001399s ]

[ 2018-08-21T17:47:11+08:00 ] 127.0.0.1 /index.php/Admin/Goods/goodsList.html
INFO: [ app_init ] --START--
INFO: Run Behavior\BuildLiteBehavior [ RunTime:0.000019s ]
INFO: [ app_init ] --END-- [ RunTime:0.000502s ]
INFO: [ app_begin ] --START--
INFO: Run Behavior\ReadHtmlCacheBehavior [ RunTime:0.001035s ]
INFO: [ app_begin ] --END-- [ RunTime:0.001116s ]
SQL: SHOW COLUMNS FROM `ml_admin` [ RunTime:0.0198s ]
SQL: SHOW COLUMNS FROM `ml_admin` [ RunTime:0.0069s ]
SQL: SELECT `account`,`role` FROM `ml_admin` WHERE ( admin_id=1 ) LIMIT 1   [ RunTime:0.0003s ]
SQL: SHOW COLUMNS FROM `ml_goods` [ RunTime:0.0142s ]
SQL: SHOW COLUMNS FROM `ml_goods` [ RunTime:0.0098s ]
SQL: SELECT COUNT(*) AS tp_count FROM `ml_goods` LIMIT 1   [ RunTime:0.0003s ]
SQL: SELECT * FROM `ml_goods` ORDER BY sort asc LIMIT 0,15   [ RunTime:0.0003s ]
INFO: [ view_parse ] --START--
INFO: [ template_filter ] --START--
INFO: Run Behavior\ContentReplaceBehavior [ RunTime:0.000121s ]
INFO: [ template_filter ] --END-- [ RunTime:0.000205s ]
INFO: Run Behavior\ParseTemplateBehavior [ RunTime:0.064604s ]
INFO: [ view_parse ] --END-- [ RunTime:0.064669s ]
INFO: [ view_filter ] --START--
INFO: Run Behavior\WriteHtmlCacheBehavior [ RunTime:0.000555s ]
INFO: [ view_filter ] --END-- [ RunTime:0.000598s ]
INFO: [ app_end ] --START--
INFO: Run Behavior\ShowPageTraceBehavior [ RunTime:0.001259s ]
INFO: [ app_end ] --END-- [ RunTime:0.001347s ]

[ 2018-08-21T17:47:13+08:00 ] 127.0.0.1 /index.php/Admin/Goods/goodsSlider/goods_id/2.html
INFO: [ app_init ] --START--
INFO: Run Behavior\BuildLiteBehavior [ RunTime:0.000019s ]
INFO: [ app_init ] --END-- [ RunTime:0.000472s ]
INFO: [ app_begin ] --START--
INFO: Run Behavior\ReadHtmlCacheBehavior [ RunTime:0.000815s ]
INFO: [ app_begin ] --END-- [ RunTime:0.000866s ]
SQL: SHOW COLUMNS FROM `ml_admin` [ RunTime:0.0512s ]
SQL: SHOW COLUMNS FROM `ml_admin` [ RunTime:0.0150s ]
SQL: SELECT `account`,`role` FROM `ml_admin` WHERE ( admin_id=1 ) LIMIT 1   [ RunTime:0.0003s ]
SQL: SHOW COLUMNS FROM `ml_goods` [ RunTime:0.0130s ]
SQL: SHOW COLUMNS FROM `ml_goods_slider` [ RunTime:0.0151s ]
NOTIC: [8] Undefined variable: data D:\phpStudy\WWW\ml\Application\Admin\Logic\GoodsLogic.class.php 第 143 行.
SQL: SELECT * FROM `ml_goods_slider`  [ RunTime:0.0004s ]
INFO: [ view_parse ] --START--
INFO: [ template_filter ] --START--
INFO: Run Behavior\ContentReplaceBehavior [ RunTime:0.000079s ]
INFO: [ template_filter ] --END-- [ RunTime:0.000137s ]
NOTIC: [8] Undefined variable: page D:\phpStudy\WWW\ml\Application\Runtime\Cache\Admin\29edf50a8f13d4403fafa9217e993a57.php 第 107 行.
INFO: Run Behavior\ParseTemplateBehavior [ RunTime:0.047755s ]
INFO: [ view_parse ] --END-- [ RunTime:0.047833s ]
INFO: [ view_filter ] --START--
INFO: Run Behavior\WriteHtmlCacheBehavior [ RunTime:0.001000s ]
INFO: [ view_filter ] --END-- [ RunTime:0.001069s ]
INFO: [ app_end ] --START--
INFO: Run Behavior\ShowPageTraceBehavior [ RunTime:0.001351s ]
INFO: [ app_end ] --END-- [ RunTime:0.001440s ]

[ 2018-08-21T17:47:25+08:00 ] 127.0.0.1 /index.php/Admin/Goods/goodsSlider/goods_id/2.html
INFO: [ app_init ] --START--
INFO: Run Behavior\BuildLiteBehavior [ RunTime:0.000017s ]
INFO: [ app_init ] --END-- [ RunTime:0.000479s ]
INFO: [ app_begin ] --START--
INFO: Run Behavior\ReadHtmlCacheBehavior [ RunTime:0.000837s ]
INFO: [ app_begin ] --END-- [ RunTime:0.000893s ]
SQL: SHOW COLUMNS FROM `ml_admin` [ RunTime:0.0197s ]
SQL: SHOW COLUMNS FROM `ml_admin` [ RunTime:0.0073s ]
SQL: SELECT `account`,`role` FROM `ml_admin` WHERE ( admin_id=1 ) LIMIT 1   [ RunTime:0.0003s ]
SQL: SHOW COLUMNS FROM `ml_goods` [ RunTime:0.0110s ]
SQL: SHOW COLUMNS FROM `ml_goods_slider` [ RunTime:0.0137s ]
NOTIC: [8] Undefined variable: data D:\phpStudy\WWW\ml\Application\Admin\Logic\GoodsLogic.class.php 第 143 行.
SQL: SELECT * FROM `ml_goods_slider`  [ RunTime:0.0002s ]
INFO: [ view_parse ] --START--
INFO: [ template_filter ] --START--
INFO: Run Behavior\ContentReplaceBehavior [ RunTime:0.000080s ]
INFO: [ template_filter ] --END-- [ RunTime:0.000139s ]
NOTIC: [8] Undefined variable: page D:\phpStudy\WWW\ml\Application\Runtime\Cache\Admin\29edf50a8f13d4403fafa9217e993a57.php 第 107 行.
INFO: Run Behavior\ParseTemplateBehavior [ RunTime:0.048008s ]
INFO: [ view_parse ] --END-- [ RunTime:0.048073s ]
INFO: [ view_filter ] --START--
INFO: Run Behavior\WriteHtmlCacheBehavior [ RunTime:0.000540s ]
INFO: [ view_filter ] --END-- [ RunTime:0.000583s ]
INFO: [ app_end ] --START--
INFO: Run Behavior\ShowPageTraceBehavior [ RunTime:0.003513s ]
INFO: [ app_end ] --END-- [ RunTime:0.003665s ]

[ 2018-08-21T17:49:25+08:00 ] 127.0.0.1 /index.php/Admin/Goods/goodsSlider/goods_id/2.html
INFO: [ app_init ] --START--
INFO: Run Behavior\BuildLiteBehavior [ RunTime:0.000017s ]
INFO: [ app_init ] --END-- [ RunTime:0.000417s ]
INFO: [ app_begin ] --START--
INFO: Run Behavior\ReadHtmlCacheBehavior [ RunTime:0.000809s ]
INFO: [ app_begin ] --END-- [ RunTime:0.000862s ]
SQL: SHOW COLUMNS FROM `ml_admin` [ RunTime:0.0186s ]
SQL: SHOW COLUMNS FROM `ml_admin` [ RunTime:0.0069s ]
SQL: SELECT `account`,`role` FROM `ml_admin` WHERE ( admin_id=1 ) LIMIT 1   [ RunTime:0.0003s ]
SQL: SHOW COLUMNS FROM `ml_goods` [ RunTime:0.0137s ]
SQL: SHOW COLUMNS FROM `ml_goods_slider` [ RunTime:0.0171s ]
NOTIC: [8] Undefined variable: data D:\phpStudy\WWW\ml\Application\Admin\Logic\GoodsLogic.class.php 第 143 行.
SQL: SELECT * FROM `ml_goods_slider`  [ RunTime:0.0003s ]
SQL: SHOW COLUMNS FROM `ml_goods` [ RunTime:0.0096s ]
SQL: SELECT `name` FROM `ml_goods` WHERE `goods_id` = 0 LIMIT 1   [ RunTime:0.0004s ]
SQL: SELECT `name` FROM `ml_goods` WHERE `goods_id` = 0 LIMIT 1   [ RunTime:0.0001s ]
SQL: SELECT `name` FROM `ml_goods` WHERE `goods_id` = 2 LIMIT 1   [ RunTime:0.0002s ]
SQL: SELECT `name` FROM `ml_goods` WHERE `goods_id` = 2 LIMIT 1   [ RunTime:0.0001s ]
SQL: SELECT `name` FROM `ml_goods` WHERE `goods_id` = 2 LIMIT 1   [ RunTime:0.0001s ]
INFO: [ view_parse ] --START--
INFO: [ template_filter ] --START--
INFO: Run Behavior\ContentReplaceBehavior [ RunTime:0.000097s ]
INFO: [ template_filter ] --END-- [ RunTime:0.000159s ]
NOTIC: [8] Undefined variable: page D:\phpStudy\WWW\ml\Application\Runtime\Cache\Admin\29edf50a8f13d4403fafa9217e993a57.php 第 109 行.
INFO: Run Behavior\ParseTemplateBehavior [ RunTime:0.048073s ]
INFO: [ view_parse ] --END-- [ RunTime:0.048131s ]
INFO: [ view_filter ] --START--
INFO: Run Behavior\WriteHtmlCacheBehavior [ RunTime:0.000597s ]
INFO: [ view_filter ] --END-- [ RunTime:0.000645s ]
INFO: [ app_end ] --START--
INFO: Run Behavior\ShowPageTraceBehavior [ RunTime:0.001216s ]
INFO: [ app_end ] --END-- [ RunTime:0.001299s ]

[ 2018-08-21T17:54:02+08:00 ] 127.0.0.1 /index.php/Admin/Goods/goodsSlider/goods_id/2.html
INFO: [ app_init ] --START--
INFO: Run Behavior\BuildLiteBehavior [ RunTime:0.000016s ]
INFO: [ app_init ] --END-- [ RunTime:0.000430s ]
INFO: [ app_begin ] --START--
INFO: Run Behavior\ReadHtmlCacheBehavior [ RunTime:0.001213s ]
INFO: [ app_begin ] --END-- [ RunTime:0.001292s ]
SQL: SHOW COLUMNS FROM `ml_admin` [ RunTime:0.0200s ]
SQL: SHOW COLUMNS FROM `ml_admin` [ RunTime:0.0078s ]
SQL: SELECT `account`,`role` FROM `ml_admin` WHERE ( admin_id=1 ) LIMIT 1   [ RunTime:0.0003s ]
SQL: SHOW COLUMNS FROM `ml_goods` [ RunTime:0.0125s ]
SQL: SHOW COLUMNS FROM `ml_goods_slider` [ RunTime:0.0148s ]
NOTIC: [8] Undefined variable: data D:\phpStudy\WWW\ml\Application\Admin\Logic\GoodsLogic.class.php 第 159 行.
SQL: SELECT * FROM `ml_goods_slider`  [ RunTime:0.0002s ]
SQL: SHOW COLUMNS FROM `ml_goods` [ RunTime:0.0068s ]
SQL: SELECT `name` FROM `ml_goods` WHERE `goods_id` = 0 LIMIT 1   [ RunTime:0.0003s ]
SQL: SELECT `name` FROM `ml_goods` WHERE `goods_id` = 0 LIMIT 1   [ RunTime:0.0002s ]
SQL: SELECT `name` FROM `ml_goods` WHERE `goods_id` = 2 LIMIT 1   [ RunTime:0.0002s ]
SQL: SELECT `name` FROM `ml_goods` WHERE `goods_id` = 2 LIMIT 1   [ RunTime:0.0002s ]
SQL: SELECT `name` FROM `ml_goods` WHERE `goods_id` = 2 LIMIT 1   [ RunTime:0.0002s ]
INFO: [ view_parse ] --START--
INFO: [ template_filter ] --START--
INFO: Run Behavior\ContentReplaceBehavior [ RunTime:0.000084s ]
INFO: [ template_filter ] --END-- [ RunTime:0.000144s ]
NOTIC: [8] Undefined variable: page D:\phpStudy\WWW\ml\Application\Runtime\Cache\Admin\29edf50a8f13d4403fafa9217e993a57.php 第 109 行.
INFO: Run Behavior\ParseTemplateBehavior [ RunTime:0.047072s ]
INFO: [ view_parse ] --END-- [ RunTime:0.047133s ]
INFO: [ view_filter ] --START--
INFO: Run Behavior\WriteHtmlCacheBehavior [ RunTime:0.000402s ]
INFO: [ view_filter ] --END-- [ RunTime:0.000444s ]
INFO: [ app_end ] --START--
INFO: Run Behavior\ShowPageTraceBehavior [ RunTime:0.001023s ]
INFO: [ app_end ] --END-- [ RunTime:0.001090s ]

[ 2018-08-21T17:54:05+08:00 ] 127.0.0.1 /index.php/Admin/Goods/delSlider.html
INFO: [ app_init ] --START--
INFO: Run Behavior\BuildLiteBehavior [ RunTime:0.000016s ]
INFO: [ app_init ] --END-- [ RunTime:0.000403s ]
INFO: [ app_begin ] --START--
INFO: Run Behavior\ReadHtmlCacheBehavior [ RunTime:0.000765s ]
INFO: [ app_begin ] --END-- [ RunTime:0.000820s ]
SQL: SHOW COLUMNS FROM `ml_admin` [ RunTime:0.0257s ]
SQL: SHOW COLUMNS FROM `ml_admin` [ RunTime:0.0072s ]
SQL: SELECT `account`,`role` FROM `ml_admin` WHERE ( admin_id=1 ) LIMIT 1   [ RunTime:0.0003s ]
SQL: SHOW COLUMNS FROM `ml_goods` [ RunTime:0.0117s ]
NOTIC: [8] Undefined variable: data D:\phpStudy\WWW\ml\Application\Admin\Controller\GoodsController.class.php 第 123 行.

[ 2018-08-21T17:54:07+08:00 ] 127.0.0.1 /index.php/Admin/Goods/goodsSlider/goods_id/2.html
INFO: [ app_init ] --START--
INFO: Run Behavior\BuildLiteBehavior [ RunTime:0.000017s ]
INFO: [ app_init ] --END-- [ RunTime:0.000454s ]
INFO: [ app_begin ] --START--
INFO: Run Behavior\ReadHtmlCacheBehavior [ RunTime:0.000784s ]
INFO: [ app_begin ] --END-- [ RunTime:0.000847s ]
SQL: SHOW COLUMNS FROM `ml_admin` [ RunTime:0.0312s ]
SQL: SHOW COLUMNS FROM `ml_admin` [ RunTime:0.0102s ]
SQL: SELECT `account`,`role` FROM `ml_admin` WHERE ( admin_id=1 ) LIMIT 1   [ RunTime:0.0005s ]
SQL: SHOW COLUMNS FROM `ml_goods` [ RunTime:0.0148s ]
SQL: SHOW COLUMNS FROM `ml_goods_slider` [ RunTime:0.0150s ]
NOTIC: [8] Undefined variable: data D:\phpStudy\WWW\ml\Application\Admin\Logic\GoodsLogic.class.php 第 159 行.
SQL: SELECT * FROM `ml_goods_slider`  [ RunTime:0.0003s ]
SQL: SHOW COLUMNS FROM `ml_goods` [ RunTime:0.0120s ]
SQL: SELECT `name` FROM `ml_goods` WHERE `goods_id` = 0 LIMIT 1   [ RunTime:0.0002s ]
SQL: SELECT `name` FROM `ml_goods` WHERE `goods_id` = 0 LIMIT 1   [ RunTime:0.0001s ]
SQL: SELECT `name` FROM `ml_goods` WHERE `goods_id` = 2 LIMIT 1   [ RunTime:0.0001s ]
SQL: SELECT `name` FROM `ml_goods` WHERE `goods_id` = 2 LIMIT 1   [ RunTime:0.0001s ]
SQL: SELECT `name` FROM `ml_goods` WHERE `goods_id` = 2 LIMIT 1   [ RunTime:0.0001s ]
INFO: [ view_parse ] --START--
INFO: [ template_filter ] --START--
INFO: Run Behavior\ContentReplaceBehavior [ RunTime:0.000088s ]
INFO: [ template_filter ] --END-- [ RunTime:0.000149s ]
NOTIC: [8] Undefined variable: page D:\phpStudy\WWW\ml\Application\Runtime\Cache\Admin\29edf50a8f13d4403fafa9217e993a57.php 第 109 行.
INFO: Run Behavior\ParseTemplateBehavior [ RunTime:0.051314s ]
INFO: [ view_parse ] --END-- [ RunTime:0.051374s ]
INFO: [ view_filter ] --START--
INFO: Run Behavior\WriteHtmlCacheBehavior [ RunTime:0.000489s ]
INFO: [ view_filter ] --END-- [ RunTime:0.000800s ]
INFO: [ app_end ] --START--
INFO: Run Behavior\ShowPageTraceBehavior [ RunTime:0.000887s ]
INFO: [ app_end ] --END-- [ RunTime:0.001018s ]

[ 2018-08-21T17:54:46+08:00 ] 127.0.0.1 /index.php/Admin/Goods/goodsSlider/goods_id/2.html
INFO: [ app_init ] --START--
INFO: Run Behavior\BuildLiteBehavior [ RunTime:0.000018s ]
INFO: [ app_init ] --END-- [ RunTime:0.000425s ]
INFO: [ app_begin ] --START--
INFO: Run Behavior\ReadHtmlCacheBehavior [ RunTime:0.000845s ]
INFO: [ app_begin ] --END-- [ RunTime:0.000900s ]
SQL: SHOW COLUMNS FROM `ml_admin` [ RunTime:0.0189s ]
SQL: SHOW COLUMNS FROM `ml_admin` [ RunTime:0.0078s ]
SQL: SELECT `account`,`role` FROM `ml_admin` WHERE ( admin_id=1 ) LIMIT 1   [ RunTime:0.0003s ]
SQL: SHOW COLUMNS FROM `ml_goods` [ RunTime:0.0126s ]
SQL: SHOW COLUMNS FROM `ml_goods_slider` [ RunTime:0.0143s ]
NOTIC: [8] Undefined variable: data D:\phpStudy\WWW\ml\Application\Admin\Logic\GoodsLogic.class.php 第 159 行.
SQL: SELECT * FROM `ml_goods_slider`  [ RunTime:0.0002s ]
SQL: SHOW COLUMNS FROM `ml_goods` [ RunTime:0.0064s ]
SQL: SELECT `name` FROM `ml_goods` WHERE `goods_id` = 0 LIMIT 1   [ RunTime:0.0002s ]
SQL: SELECT `name` FROM `ml_goods` WHERE `goods_id` = 0 LIMIT 1   [ RunTime:0.0001s ]
SQL: SELECT `name` FROM `ml_goods` WHERE `goods_id` = 2 LIMIT 1   [ RunTime:0.0001s ]
SQL: SELECT `name` FROM `ml_goods` WHERE `goods_id` = 2 LIMIT 1   [ RunTime:0.0001s ]
SQL: SELECT `name` FROM `ml_goods` WHERE `goods_id` = 2 LIMIT 1   [ RunTime:0.0001s ]
INFO: [ view_parse ] --START--
INFO: [ template_filter ] --START--
INFO: Run Behavior\ContentReplaceBehavior [ RunTime:0.000082s ]
INFO: [ template_filter ] --END-- [ RunTime:0.000138s ]
NOTIC: [8] Undefined variable: page D:\phpStudy\WWW\ml\Application\Runtime\Cache\Admin\29edf50a8f13d4403fafa9217e993a57.php 第 109 行.
INFO: Run Behavior\ParseTemplateBehavior [ RunTime:0.049155s ]
INFO: [ view_parse ] --END-- [ RunTime:0.049212s ]
INFO: [ view_filter ] --START--
INFO: Run Behavior\WriteHtmlCacheBehavior [ RunTime:0.000545s ]
INFO: [ view_filter ] --END-- [ RunTime:0.000587s ]
INFO: [ app_end ] --START--
INFO: Run Behavior\ShowPageTraceBehavior [ RunTime:0.002831s ]
INFO: [ app_end ] --END-- [ RunTime:0.003268s ]

[ 2018-08-21T17:54:48+08:00 ] 127.0.0.1 /index.php/Admin/Goods/delSlider.html
INFO: [ app_init ] --START--
INFO: Run Behavior\BuildLiteBehavior [ RunTime:0.000021s ]
INFO: [ app_init ] --END-- [ RunTime:0.000624s ]
INFO: [ app_begin ] --START--
INFO: Run Behavior\ReadHtmlCacheBehavior [ RunTime:0.000812s ]
INFO: [ app_begin ] --END-- [ RunTime:0.000886s ]
SQL: SHOW COLUMNS FROM `ml_admin` [ RunTime:0.0273s ]
SQL: SHOW COLUMNS FROM `ml_admin` [ RunTime:0.0085s ]
SQL: SELECT `account`,`role` FROM `ml_admin` WHERE ( admin_id=1 ) LIMIT 1   [ RunTime:0.0012s ]
SQL: SHOW COLUMNS FROM `ml_goods` [ RunTime:0.0147s ]

[ 2018-08-21T17:54:58+08:00 ] 127.0.0.1 /index.php/Admin/Goods/delSlider.html
INFO: [ app_init ] --START--
INFO: Run Behavior\BuildLiteBehavior [ RunTime:0.000019s ]
INFO: [ app_init ] --END-- [ RunTime:0.000444s ]
INFO: [ app_begin ] --START--
INFO: Run Behavior\ReadHtmlCacheBehavior [ RunTime:0.002507s ]
INFO: [ app_begin ] --END-- [ RunTime:0.002585s ]
SQL: SHOW COLUMNS FROM `ml_admin` [ RunTime:0.0349s ]
SQL: SHOW COLUMNS FROM `ml_admin` [ RunTime:0.0073s ]
SQL: SELECT `account`,`role` FROM `ml_admin` WHERE ( admin_id=1 ) LIMIT 1   [ RunTime:0.0005s ]
SQL: SHOW COLUMNS FROM `ml_goods` [ RunTime:0.0204s ]

[ 2018-08-21T17:55:27+08:00 ] 127.0.0.1 /index.php/Admin/Goods/delSlider.html
INFO: [ app_init ] --START--
INFO: Run Behavior\BuildLiteBehavior [ RunTime:0.000020s ]
INFO: [ app_init ] --END-- [ RunTime:0.000579s ]
INFO: [ app_begin ] --START--
INFO: Run Behavior\ReadHtmlCacheBehavior [ RunTime:0.000981s ]
INFO: [ app_begin ] --END-- [ RunTime:0.001052s ]
SQL: SHOW COLUMNS FROM `ml_admin` [ RunTime:0.0238s ]
SQL: SHOW COLUMNS FROM `ml_admin` [ RunTime:0.0077s ]
SQL: SELECT `account`,`role` FROM `ml_admin` WHERE ( admin_id=1 ) LIMIT 1   [ RunTime:0.0003s ]
SQL: SHOW COLUMNS FROM `ml_goods` [ RunTime:0.0164s ]
SQL: SHOW COLUMNS FROM `ml_goods_slider` [ RunTime:0.0227s ]
NOTIC: [8] Undefined variable: data D:\phpStudy\WWW\ml\Application\Admin\Logic\GoodsLogic.class.php 第 144 行.

[ 2018-08-21T17:56:22+08:00 ] 127.0.0.1 /index.php/Admin/Goods/goodsSlider/goods_id/2.html
INFO: [ app_init ] --START--
INFO: Run Behavior\BuildLiteBehavior [ RunTime:0.000021s ]
INFO: [ app_init ] --END-- [ RunTime:0.000521s ]
INFO: [ app_begin ] --START--
INFO: Run Behavior\ReadHtmlCacheBehavior [ RunTime:0.001406s ]
INFO: [ app_begin ] --END-- [ RunTime:0.001503s ]
SQL: SHOW COLUMNS FROM `ml_admin` [ RunTime:0.0187s ]
SQL: SHOW COLUMNS FROM `ml_admin` [ RunTime:0.0070s ]
SQL: SELECT `account`,`role` FROM `ml_admin` WHERE ( admin_id=1 ) LIMIT 1   [ RunTime:0.0003s ]
SQL: SHOW COLUMNS FROM `ml_goods` [ RunTime:0.0111s ]
SQL: SHOW COLUMNS FROM `ml_goods_slider` [ RunTime:0.0150s ]
NOTIC: [8] Undefined variable: data D:\phpStudy\WWW\ml\Application\Admin\Logic\GoodsLogic.class.php 第 159 行.
SQL: SELECT * FROM `ml_goods_slider`  [ RunTime:0.0002s ]
SQL: SHOW COLUMNS FROM `ml_goods` [ RunTime:0.0073s ]
SQL: SELECT `name` FROM `ml_goods` WHERE `goods_id` = 0 LIMIT 1   [ RunTime:0.0003s ]
SQL: SELECT `name` FROM `ml_goods` WHERE `goods_id` = 0 LIMIT 1   [ RunTime:0.0001s ]
SQL: SELECT `name` FROM `ml_goods` WHERE `goods_id` = 2 LIMIT 1   [ RunTime:0.0001s ]
SQL: SELECT `name` FROM `ml_goods` WHERE `goods_id` = 2 LIMIT 1   [ RunTime:0.0001s ]
SQL: SELECT `name` FROM `ml_goods` WHERE `goods_id` = 2 LIMIT 1   [ RunTime:0.0001s ]
INFO: [ view_parse ] --START--
INFO: [ template_filter ] --START--
INFO: Run Behavior\ContentReplaceBehavior [ RunTime:0.000083s ]
INFO: [ template_filter ] --END-- [ RunTime:0.000141s ]
NOTIC: [8] Undefined variable: page D:\phpStudy\WWW\ml\Application\Runtime\Cache\Admin\29edf50a8f13d4403fafa9217e993a57.php 第 109 行.
INFO: Run Behavior\ParseTemplateBehavior [ RunTime:0.049384s ]
INFO: [ view_parse ] --END-- [ RunTime:0.049443s ]
INFO: [ view_filter ] --START--
INFO: Run Behavior\WriteHtmlCacheBehavior [ RunTime:0.000554s ]
INFO: [ view_filter ] --END-- [ RunTime:0.000596s ]
INFO: [ app_end ] --START--
INFO: Run Behavior\ShowPageTraceBehavior [ RunTime:0.001322s ]
INFO: [ app_end ] --END-- [ RunTime:0.001409s ]

[ 2018-08-21T17:56:24+08:00 ] 127.0.0.1 /index.php/Admin/Goods/delSlider.html
INFO: [ app_init ] --START--
INFO: Run Behavior\BuildLiteBehavior [ RunTime:0.000019s ]
INFO: [ app_init ] --END-- [ RunTime:0.000546s ]
INFO: [ app_begin ] --START--
INFO: Run Behavior\ReadHtmlCacheBehavior [ RunTime:0.000919s ]
INFO: [ app_begin ] --END-- [ RunTime:0.000986s ]
SQL: SHOW COLUMNS FROM `ml_admin` [ RunTime:0.0373s ]
SQL: SHOW COLUMNS FROM `ml_admin` [ RunTime:0.0277s ]
SQL: SELECT `account`,`role` FROM `ml_admin` WHERE ( admin_id=1 ) LIMIT 1   [ RunTime:0.0025s ]
SQL: SHOW COLUMNS FROM `ml_goods` [ RunTime:0.0380s ]
SQL: SHOW COLUMNS FROM `ml_goods_slider` [ RunTime:0.0183s ]
SQL: DELETE FROM `ml_goods_slider` WHERE `slider_id` = 1 [ RunTime:0.0157s ]

[ 2018-08-21T17:56:25+08:00 ] 127.0.0.1 /index.php/Admin/Goods/goodsSlider/goods_id/2.html
INFO: [ app_init ] --START--
INFO: Run Behavior\BuildLiteBehavior [ RunTime:0.000018s ]
INFO: [ app_init ] --END-- [ RunTime:0.000458s ]
INFO: [ app_begin ] --START--
INFO: Run Behavior\ReadHtmlCacheBehavior [ RunTime:0.000882s ]
INFO: [ app_begin ] --END-- [ RunTime:0.000942s ]
SQL: SHOW COLUMNS FROM `ml_admin` [ RunTime:0.0393s ]
SQL: SHOW COLUMNS FROM `ml_admin` [ RunTime:0.0137s ]
SQL: SELECT `account`,`role` FROM `ml_admin` WHERE ( admin_id=1 ) LIMIT 1   [ RunTime:0.0002s ]
SQL: SHOW COLUMNS FROM `ml_goods` [ RunTime:0.0177s ]
SQL: SHOW COLUMNS FROM `ml_goods_slider` [ RunTime:0.0258s ]
NOTIC: [8] Undefined variable: data D:\phpStudy\WWW\ml\Application\Admin\Logic\GoodsLogic.class.php 第 159 行.
SQL: SELECT * FROM `ml_goods_slider`  [ RunTime:0.0003s ]
SQL: SHOW COLUMNS FROM `ml_goods` [ RunTime:0.0234s ]
SQL: SELECT `name` FROM `ml_goods` WHERE `goods_id` = 0 LIMIT 1   [ RunTime:0.0003s ]
SQL: SELECT `name` FROM `ml_goods` WHERE `goods_id` = 2 LIMIT 1   [ RunTime:0.0002s ]
SQL: SELECT `name` FROM `ml_goods` WHERE `goods_id` = 2 LIMIT 1   [ RunTime:0.0001s ]
SQL: SELECT `name` FROM `ml_goods` WHERE `goods_id` = 2 LIMIT 1   [ RunTime:0.0001s ]
INFO: [ view_parse ] --START--
INFO: [ template_filter ] --START--
INFO: Run Behavior\ContentReplaceBehavior [ RunTime:0.000088s ]
INFO: [ template_filter ] --END-- [ RunTime:0.000150s ]
NOTIC: [8] Undefined variable: page D:\phpStudy\WWW\ml\Application\Runtime\Cache\Admin\29edf50a8f13d4403fafa9217e993a57.php 第 109 行.
INFO: Run Behavior\ParseTemplateBehavior [ RunTime:0.060666s ]
INFO: [ view_parse ] --END-- [ RunTime:0.060724s ]
INFO: [ view_filter ] --START--
INFO: Run Behavior\WriteHtmlCacheBehavior [ RunTime:0.000697s ]
INFO: [ view_filter ] --END-- [ RunTime:0.000752s ]
INFO: [ app_end ] --START--
INFO: Run Behavior\ShowPageTraceBehavior [ RunTime:0.001550s ]
INFO: [ app_end ] --END-- [ RunTime:0.001658s ]

