[ 2018-08-16T15:42:48+08:00 ] 127.0.0.1 /index.php/Admin/Index/index.html
INFO: [ app_init ] --START--
INFO: Run Behavior\BuildLiteBehavior [ RunTime:0.000022s ]
INFO: [ app_init ] --END-- [ RunTime:0.015245s ]
INFO: [ app_begin ] --START--
INFO: Run Behavior\ReadHtmlCacheBehavior [ RunTime:0.001385s ]
INFO: [ app_begin ] --END-- [ RunTime:0.001449s ]
ERR: SQLSTATE[HY000] [2002] 由于连接方在一段时间后没有正确答复或连接的主机没有反应，连接尝试失败。


[ 2018-08-16T15:43:15+08:00 ] 127.0.0.1 /index.php/Admin/Index/index.html
INFO: [ app_init ] --START--
INFO: Run Behavior\BuildLiteBehavior [ RunTime:0.000017s ]
INFO: [ app_init ] --END-- [ RunTime:0.000490s ]
INFO: [ app_begin ] --START--
INFO: Run Behavior\ReadHtmlCacheBehavior [ RunTime:0.001114s ]
INFO: [ app_begin ] --END-- [ RunTime:0.001192s ]
ERR: SQLSTATE[HY000] [2002] 由于连接方在一段时间后没有正确答复或连接的主机没有反应，连接尝试失败。


[ 2018-08-16T15:46:11+08:00 ] 127.0.0.1 /index.php/Admin/Index/index.html
INFO: [ app_init ] --START--
INFO: Run Behavior\BuildLiteBehavior [ RunTime:0.000023s ]
INFO: [ app_init ] --END-- [ RunTime:0.000596s ]
INFO: [ app_begin ] --START--
INFO: Run Behavior\ReadHtmlCacheBehavior [ RunTime:0.000979s ]
INFO: [ app_begin ] --END-- [ RunTime:0.001051s ]
ERR: SQLSTATE[HY000] [2002] 由于连接方在一段时间后没有正确答复或连接的主机没有反应，连接尝试失败。


